{"C:\\Users\\juzen\\GIT\\Study\\nutrition\\assets\\startimg.jpg": {"path":"C:\\Users\\juzen\\GIT\\Study\\nutrition\\assets\\startimg.jpg","statementMap":{"0":{"start":{"line":1,"column":0},"end":{"line":1,"column":19}}},"fnMap":{},"branchMap":{},"s":{"0":2},"f":{},"b":{},"inputSourceMap":null,"_coverageSchema":"1a1c01bbd47fc00a2c39e90264f33305004495a9","hash":"26bc98331168d1d1a73adab66efdcc896b501511"}
,"C:\\Users\\juzen\\GIT\\Study\\nutrition\\components\\AddButton.js": {"path":"C:\\Users\\juzen\\GIT\\Study\\nutrition\\components\\AddButton.js","statementMap":{"0":{"start":{"line":9,"column":4},"end":{"line":9,"column":17}},"1":{"start":{"line":10,"column":6},"end":{"line":12,"column":8}},"2":{"start":{"line":15,"column":4},"end":{"line":21,"column":5}},"3":{"start":{"line":16,"column":141},"end":{"line":16,"column":159}},"4":{"start":{"line":18,"column":92},"end":{"line":18,"column":111}},"5":{"start":{"line":25,"column":15},"end":{"line":39,"column":2}}},"fnMap":{"0":{"name":"(anonymous_0)","decl":{"start":{"line":8,"column":2},"end":{"line":8,"column":3}},"loc":{"start":{"line":8,"column":21},"end":{"line":13,"column":3}},"line":8},"1":{"name":"(anonymous_1)","decl":{"start":{"line":14,"column":2},"end":{"line":14,"column":3}},"loc":{"start":{"line":14,"column":10},"end":{"line":22,"column":3}},"line":14},"2":{"name":"(anonymous_2)","decl":{"start":{"line":16,"column":135},"end":{"line":16,"column":136}},"loc":{"start":{"line":16,"column":141},"end":{"line":16,"column":159}},"line":16},"3":{"name":"(anonymous_3)","decl":{"start":{"line":18,"column":86},"end":{"line":18,"column":87}},"loc":{"start":{"line":18,"column":92},"end":{"line":18,"column":111}},"line":18}},"branchMap":{},"s":{"0":2,"1":2,"2":2,"3":0,"4":0,"5":4},"f":{"0":2,"1":2,"2":0,"3":0},"b":{},"_coverageSchema":"1a1c01bbd47fc00a2c39e90264f33305004495a9","hash":"5889c580976dbd17c570d810a2a49de9c47690c9"}
,"C:\\Users\\juzen\\GIT\\Study\\nutrition\\components\\IngredientItem.js": {"path":"C:\\Users\\juzen\\GIT\\Study\\nutrition\\components\\IngredientItem.js","statementMap":{"0":{"start":{"line":6,"column":23},"end":{"line":6,"column":47}},"1":{"start":{"line":8,"column":23},"end":{"line":23,"column":1}},"2":{"start":{"line":9,"column":2},"end":{"line":22,"column":3}},"3":{"start":{"line":14,"column":10},"end":{"line":14,"column":34}},"4":{"start":{"line":25,"column":15},"end":{"line":42,"column":2}}},"fnMap":{"0":{"name":"(anonymous_0)","decl":{"start":{"line":8,"column":23},"end":{"line":8,"column":24}},"loc":{"start":{"line":8,"column":34},"end":{"line":23,"column":1}},"line":8},"1":{"name":"(anonymous_1)","decl":{"start":{"line":13,"column":17},"end":{"line":13,"column":18}},"loc":{"start":{"line":13,"column":23},"end":{"line":15,"column":9}},"line":13}},"branchMap":{},"s":{"0":6,"1":6,"2":2,"3":0,"4":6},"f":{"0":2,"1":0},"b":{},"_coverageSchema":"1a1c01bbd47fc00a2c39e90264f33305004495a9","hash":"75296af9ef2a830891334b3a01fd2c370947de00"}
,"C:\\Users\\juzen\\GIT\\Study\\nutrition\\components\\Input.js": {"path":"C:\\Users\\juzen\\GIT\\Study\\nutrition\\components\\Input.js","statementMap":{"0":{"start":{"line":5,"column":21},"end":{"line":5,"column":35}},"1":{"start":{"line":6,"column":19},"end":{"line":6,"column":31}},"2":{"start":{"line":10,"column":21},"end":{"line":29,"column":1}},"3":{"start":{"line":11,"column":2},"end":{"line":28,"column":3}},"4":{"start":{"line":16,"column":6},"end":{"line":20,"column":8}},"5":{"start":{"line":22,"column":6},"end":{"line":25,"column":8}},"6":{"start":{"line":27,"column":6},"end":{"line":27,"column":19}},"7":{"start":{"line":33,"column":14},"end":{"line":105,"column":1}},"8":{"start":{"line":38,"column":33},"end":{"line":42,"column":4}},"9":{"start":{"line":46,"column":32},"end":{"line":46,"column":37}},"10":{"start":{"line":51,"column":2},"end":{"line":56,"column":38}},"11":{"start":{"line":52,"column":4},"end":{"line":54,"column":5}},"12":{"start":{"line":53,"column":6},"end":{"line":53,"column":62}},"13":{"start":{"line":59,"column":28},"end":{"line":80,"column":3}},"14":{"start":{"line":61,"column":23},"end":{"line":61,"column":176}},"15":{"start":{"line":62,"column":18},"end":{"line":62,"column":22}},"16":{"start":{"line":63,"column":4},"end":{"line":65,"column":5}},"17":{"start":{"line":64,"column":6},"end":{"line":64,"column":22}},"18":{"start":{"line":66,"column":4},"end":{"line":68,"column":5}},"19":{"start":{"line":67,"column":6},"end":{"line":67,"column":22}},"20":{"start":{"line":69,"column":4},"end":{"line":71,"column":5}},"21":{"start":{"line":70,"column":6},"end":{"line":70,"column":22}},"22":{"start":{"line":72,"column":4},"end":{"line":74,"column":5}},"23":{"start":{"line":73,"column":6},"end":{"line":73,"column":22}},"24":{"start":{"line":75,"column":4},"end":{"line":77,"column":5}},"25":{"start":{"line":76,"column":6},"end":{"line":76,"column":22}},"26":{"start":{"line":79,"column":4},"end":{"line":79,"column":68}},"27":{"start":{"line":83,"column":27},"end":{"line":85,"column":3}},"28":{"start":{"line":84,"column":4},"end":{"line":84,"column":35}},"29":{"start":{"line":87,"column":2},"end":{"line":104,"column":4}},"30":{"start":{"line":107,"column":15},"end":{"line":127,"column":2}}},"fnMap":{"0":{"name":"(anonymous_0)","decl":{"start":{"line":10,"column":21},"end":{"line":10,"column":22}},"loc":{"start":{"line":10,"column":40},"end":{"line":29,"column":1}},"line":10},"1":{"name":"(anonymous_1)","decl":{"start":{"line":33,"column":14},"end":{"line":33,"column":15}},"loc":{"start":{"line":33,"column":23},"end":{"line":105,"column":1}},"line":33},"2":{"name":"(anonymous_2)","decl":{"start":{"line":51,"column":12},"end":{"line":51,"column":13}},"loc":{"start":{"line":51,"column":18},"end":{"line":56,"column":3}},"line":51},"3":{"name":"(anonymous_3)","decl":{"start":{"line":59,"column":28},"end":{"line":59,"column":29}},"loc":{"start":{"line":59,"column":36},"end":{"line":80,"column":3}},"line":59},"4":{"name":"(anonymous_4)","decl":{"start":{"line":83,"column":27},"end":{"line":83,"column":28}},"loc":{"start":{"line":83,"column":33},"end":{"line":85,"column":3}},"line":83}},"branchMap":{"0":{"loc":{"start":{"line":11,"column":2},"end":{"line":28,"column":3}},"type":"switch","locations":[{"start":{"line":14,"column":4},"end":{"line":20,"column":8}},{"start":{"line":21,"column":4},"end":{"line":25,"column":8}},{"start":{"line":26,"column":4},"end":{"line":27,"column":19}}],"line":11},"1":{"loc":{"start":{"line":39,"column":11},"end":{"line":39,"column":55}},"type":"cond-expr","locations":[{"start":{"line":39,"column":32},"end":{"line":39,"column":50}},{"start":{"line":39,"column":53},"end":{"line":39,"column":55}}],"line":39},"2":{"loc":{"start":{"line":52,"column":4},"end":{"line":54,"column":5}},"type":"if","locations":[{"start":{"line":52,"column":4},"end":{"line":54,"column":5}},{"start":{"line":52,"column":4},"end":{"line":54,"column":5}}],"line":52},"3":{"loc":{"start":{"line":63,"column":4},"end":{"line":65,"column":5}},"type":"if","locations":[{"start":{"line":63,"column":4},"end":{"line":65,"column":5}},{"start":{"line":63,"column":4},"end":{"line":65,"column":5}}],"line":63},"4":{"loc":{"start":{"line":63,"column":8},"end":{"line":63,"column":50}},"type":"binary-expr","locations":[{"start":{"line":63,"column":8},"end":{"line":63,"column":22}},{"start":{"line":63,"column":26},"end":{"line":63,"column":50}}],"line":63},"5":{"loc":{"start":{"line":66,"column":4},"end":{"line":68,"column":5}},"type":"if","locations":[{"start":{"line":66,"column":4},"end":{"line":68,"column":5}},{"start":{"line":66,"column":4},"end":{"line":68,"column":5}}],"line":66},"6":{"loc":{"start":{"line":66,"column":8},"end":{"line":66,"column":59}},"type":"binary-expr","locations":[{"start":{"line":66,"column":8},"end":{"line":66,"column":19}},{"start":{"line":66,"column":23},"end":{"line":66,"column":59}}],"line":66},"7":{"loc":{"start":{"line":69,"column":4},"end":{"line":71,"column":5}},"type":"if","locations":[{"start":{"line":69,"column":4},"end":{"line":71,"column":5}},{"start":{"line":69,"column":4},"end":{"line":71,"column":5}}],"line":69},"8":{"loc":{"start":{"line":69,"column":8},"end":{"line":69,"column":46}},"type":"binary-expr","locations":[{"start":{"line":69,"column":8},"end":{"line":69,"column":25}},{"start":{"line":69,"column":29},"end":{"line":69,"column":46}}],"line":69},"9":{"loc":{"start":{"line":72,"column":4},"end":{"line":74,"column":5}},"type":"if","locations":[{"start":{"line":72,"column":4},"end":{"line":74,"column":5}},{"start":{"line":72,"column":4},"end":{"line":74,"column":5}}],"line":72},"10":{"loc":{"start":{"line":72,"column":8},"end":{"line":72,"column":46}},"type":"binary-expr","locations":[{"start":{"line":72,"column":8},"end":{"line":72,"column":25}},{"start":{"line":72,"column":29},"end":{"line":72,"column":46}}],"line":72},"11":{"loc":{"start":{"line":75,"column":4},"end":{"line":77,"column":5}},"type":"if","locations":[{"start":{"line":75,"column":4},"end":{"line":77,"column":5}},{"start":{"line":75,"column":4},"end":{"line":77,"column":5}}],"line":75},"12":{"loc":{"start":{"line":75,"column":8},"end":{"line":75,"column":64}},"type":"binary-expr","locations":[{"start":{"line":75,"column":8},"end":{"line":75,"column":31}},{"start":{"line":75,"column":35},"end":{"line":75,"column":64}}],"line":75},"13":{"loc":{"start":{"line":98,"column":7},"end":{"line":102,"column":7}},"type":"binary-expr","locations":[{"start":{"line":98,"column":7},"end":{"line":98,"column":26}},{"start":{"line":98,"column":30},"end":{"line":98,"column":48}},{"start":{"line":99,"column":8},"end":{"line":101,"column":15}}],"line":98}},"s":{"0":8,"1":8,"2":8,"3":0,"4":0,"5":0,"6":0,"7":8,"8":12,"9":12,"10":12,"11":0,"12":0,"13":12,"14":0,"15":0,"16":0,"17":0,"18":0,"19":0,"20":0,"21":0,"22":0,"23":0,"24":0,"25":0,"26":0,"27":12,"28":0,"29":12,"30":8},"f":{"0":0,"1":12,"2":0,"3":0,"4":0},"b":{"0":[0,0,0],"1":[0,12],"2":[0,0],"3":[0,0],"4":[0,0],"5":[0,0],"6":[0,0],"7":[0,0],"8":[0,0],"9":[0,0],"10":[0,0],"11":[0,0],"12":[0,0],"13":[12,12,0]},"_coverageSchema":"1a1c01bbd47fc00a2c39e90264f33305004495a9","hash":"b1e9c36e89f796a24c18557d43f78ba512918e67"}
,"C:\\Users\\juzen\\GIT\\Study\\nutrition\\constants\\Colors.js": {"path":"C:\\Users\\juzen\\GIT\\Study\\nutrition\\constants\\Colors.js","statementMap":{},"fnMap":{},"branchMap":{},"s":{},"f":{},"b":{},"_coverageSchema":"1a1c01bbd47fc00a2c39e90264f33305004495a9","hash":"09e82d2e6e06564798de7f6ece26d723624a9f2b"}
,"C:\\Users\\juzen\\GIT\\Study\\nutrition\\navigation\\MainNavigation.js": {"path":"C:\\Users\\juzen\\GIT\\Study\\nutrition\\navigation\\MainNavigation.js","statementMap":{"0":{"start":{"line":28,"column":24},"end":{"line":64,"column":3}},"1":{"start":{"line":38,"column":12},"end":{"line":38,"column":77}},"2":{"start":{"line":50,"column":12},"end":{"line":50,"column":55}},"3":{"start":{"line":60,"column":10},"end":{"line":60,"column":75}},"4":{"start":{"line":68,"column":24},"end":{"line":74,"column":2}},"5":{"start":{"line":76,"column":24},"end":{"line":82,"column":2}},"6":{"start":{"line":85,"column":22},"end":{"line":94,"column":2}},"7":{"start":{"line":90,"column":28},"end":{"line":92,"column":3}},"8":{"start":{"line":98,"column":22},"end":{"line":102,"column":2}},"9":{"start":{"line":104,"column":17},"end":{"line":104,"column":50}},"10":{"start":{"line":106,"column":21},"end":{"line":106,"column":35}}},"fnMap":{"0":{"name":"(anonymous_0)","decl":{"start":{"line":37,"column":20},"end":{"line":37,"column":21}},"loc":{"start":{"line":37,"column":31},"end":{"line":39,"column":11}},"line":37},"1":{"name":"(anonymous_1)","decl":{"start":{"line":48,"column":20},"end":{"line":48,"column":21}},"loc":{"start":{"line":48,"column":31},"end":{"line":51,"column":11}},"line":48},"2":{"name":"(anonymous_2)","decl":{"start":{"line":59,"column":20},"end":{"line":59,"column":21}},"loc":{"start":{"line":59,"column":31},"end":{"line":61,"column":9}},"line":59},"3":{"name":"(anonymous_3)","decl":{"start":{"line":90,"column":21},"end":{"line":90,"column":22}},"loc":{"start":{"line":90,"column":28},"end":{"line":92,"column":3}},"line":90},"4":{"name":"(anonymous_4)","decl":{"start":{"line":106,"column":15},"end":{"line":106,"column":16}},"loc":{"start":{"line":106,"column":21},"end":{"line":106,"column":35}},"line":106}},"branchMap":{},"s":{"0":2,"1":0,"2":0,"3":0,"4":2,"5":2,"6":2,"7":0,"8":2,"9":2,"10":2},"f":{"0":0,"1":0,"2":0,"3":0,"4":2},"b":{},"_coverageSchema":"1a1c01bbd47fc00a2c39e90264f33305004495a9","hash":"30d6bfba06252b015aed62c5b24e2d5fe259af62"}
,"C:\\Users\\juzen\\GIT\\Study\\nutrition\\screens\\GenderScreen.js": {"path":"C:\\Users\\juzen\\GIT\\Study\\nutrition\\screens\\GenderScreen.js","statementMap":{"0":{"start":{"line":8,"column":23},"end":{"line":8,"column":47}},"1":{"start":{"line":10,"column":21},"end":{"line":311,"column":1}},"2":{"start":{"line":13,"column":14},"end":{"line":13,"column":63}},"3":{"start":{"line":14,"column":17},"end":{"line":14,"column":68}},"4":{"start":{"line":15,"column":15},"end":{"line":15,"column":66}},"5":{"start":{"line":18,"column":24},"end":{"line":18,"column":45}},"6":{"start":{"line":19,"column":22},"end":{"line":19,"column":43}},"7":{"start":{"line":20,"column":26},"end":{"line":20,"column":47}},"8":{"start":{"line":23,"column":19},"end":{"line":23,"column":21}},"9":{"start":{"line":25,"column":17},"end":{"line":25,"column":19}},"10":{"start":{"line":34,"column":19},"end":{"line":59,"column":3}},"11":{"start":{"line":35,"column":4},"end":{"line":56,"column":14}},"12":{"start":{"line":57,"column":4},"end":{"line":57,"column":23}},"13":{"start":{"line":58,"column":4},"end":{"line":58,"column":25}},"14":{"start":{"line":62,"column":23},"end":{"line":85,"column":3}},"15":{"start":{"line":63,"column":4},"end":{"line":84,"column":14}},"16":{"start":{"line":88,"column":25},"end":{"line":123,"column":3}},"17":{"start":{"line":89,"column":4},"end":{"line":120,"column":14}},"18":{"start":{"line":121,"column":4},"end":{"line":121,"column":19}},"19":{"start":{"line":122,"column":4},"end":{"line":122,"column":26}},"20":{"start":{"line":126,"column":29},"end":{"line":161,"column":3}},"21":{"start":{"line":127,"column":4},"end":{"line":158,"column":14}},"22":{"start":{"line":160,"column":4},"end":{"line":160,"column":25}},"23":{"start":{"line":164,"column":2},"end":{"line":310,"column":3}},"24":{"start":{"line":167,"column":39},"end":{"line":167,"column":66}},"25":{"start":{"line":175,"column":12},"end":{"line":177,"column":13}},"26":{"start":{"line":176,"column":14},"end":{"line":176,"column":20}},"27":{"start":{"line":178,"column":12},"end":{"line":180,"column":13}},"28":{"start":{"line":179,"column":14},"end":{"line":179,"column":28}},"29":{"start":{"line":181,"column":12},"end":{"line":183,"column":13}},"30":{"start":{"line":182,"column":14},"end":{"line":182,"column":34}},"31":{"start":{"line":199,"column":27},"end":{"line":199,"column":43}},"32":{"start":{"line":208,"column":27},"end":{"line":208,"column":45}},"33":{"start":{"line":225,"column":14},"end":{"line":225,"column":39}},"34":{"start":{"line":233,"column":14},"end":{"line":233,"column":40}},"35":{"start":{"line":243,"column":14},"end":{"line":243,"column":40}},"36":{"start":{"line":251,"column":14},"end":{"line":251,"column":41}},"37":{"start":{"line":268,"column":14},"end":{"line":273,"column":16}},"38":{"start":{"line":280,"column":14},"end":{"line":285,"column":16}},"39":{"start":{"line":294,"column":14},"end":{"line":299,"column":16}},"40":{"start":{"line":313,"column":0},"end":{"line":317,"column":1}},"41":{"start":{"line":314,"column":2},"end":{"line":316,"column":3}},"42":{"start":{"line":319,"column":15},"end":{"line":372,"column":2}}},"fnMap":{"0":{"name":"(anonymous_0)","decl":{"start":{"line":10,"column":21},"end":{"line":10,"column":22}},"loc":{"start":{"line":10,"column":32},"end":{"line":311,"column":1}},"line":10},"1":{"name":"(anonymous_1)","decl":{"start":{"line":34,"column":19},"end":{"line":34,"column":20}},"loc":{"start":{"line":34,"column":31},"end":{"line":59,"column":3}},"line":34},"2":{"name":"(anonymous_2)","decl":{"start":{"line":62,"column":23},"end":{"line":62,"column":24}},"loc":{"start":{"line":62,"column":29},"end":{"line":85,"column":3}},"line":62},"3":{"name":"(anonymous_3)","decl":{"start":{"line":88,"column":25},"end":{"line":88,"column":26}},"loc":{"start":{"line":88,"column":35},"end":{"line":123,"column":3}},"line":88},"4":{"name":"(anonymous_4)","decl":{"start":{"line":126,"column":29},"end":{"line":126,"column":30}},"loc":{"start":{"line":126,"column":35},"end":{"line":161,"column":3}},"line":126},"5":{"name":"(anonymous_5)","decl":{"start":{"line":167,"column":32},"end":{"line":167,"column":33}},"loc":{"start":{"line":167,"column":38},"end":{"line":167,"column":67}},"line":167},"6":{"name":"(anonymous_6)","decl":{"start":{"line":172,"column":19},"end":{"line":172,"column":20}},"loc":{"start":{"line":172,"column":25},"end":{"line":184,"column":11}},"line":172},"7":{"name":"(anonymous_7)","decl":{"start":{"line":196,"column":59},"end":{"line":196,"column":60}},"loc":{"start":{"line":196,"column":65},"end":{"line":200,"column":11}},"line":196},"8":{"name":"(anonymous_8)","decl":{"start":{"line":205,"column":59},"end":{"line":205,"column":60}},"loc":{"start":{"line":205,"column":70},"end":{"line":209,"column":11}},"line":205},"9":{"name":"(anonymous_9)","decl":{"start":{"line":223,"column":62},"end":{"line":223,"column":63}},"loc":{"start":{"line":223,"column":68},"end":{"line":226,"column":13}},"line":223},"10":{"name":"(anonymous_10)","decl":{"start":{"line":231,"column":62},"end":{"line":231,"column":63}},"loc":{"start":{"line":231,"column":68},"end":{"line":234,"column":13}},"line":231},"11":{"name":"(anonymous_11)","decl":{"start":{"line":241,"column":62},"end":{"line":241,"column":63}},"loc":{"start":{"line":241,"column":68},"end":{"line":244,"column":13}},"line":241},"12":{"name":"(anonymous_12)","decl":{"start":{"line":249,"column":62},"end":{"line":249,"column":63}},"loc":{"start":{"line":249,"column":68},"end":{"line":252,"column":13}},"line":249},"13":{"name":"(anonymous_13)","decl":{"start":{"line":267,"column":62},"end":{"line":267,"column":63}},"loc":{"start":{"line":267,"column":68},"end":{"line":274,"column":13}},"line":267},"14":{"name":"(anonymous_14)","decl":{"start":{"line":279,"column":62},"end":{"line":279,"column":63}},"loc":{"start":{"line":279,"column":68},"end":{"line":286,"column":13}},"line":279},"15":{"name":"(anonymous_15)","decl":{"start":{"line":293,"column":62},"end":{"line":293,"column":63}},"loc":{"start":{"line":293,"column":68},"end":{"line":300,"column":13}},"line":293},"16":{"name":"(anonymous_16)","decl":{"start":{"line":313,"column":33},"end":{"line":313,"column":34}},"loc":{"start":{"line":313,"column":39},"end":{"line":317,"column":1}},"line":313}},"branchMap":{"0":{"loc":{"start":{"line":175,"column":12},"end":{"line":177,"column":13}},"type":"if","locations":[{"start":{"line":175,"column":12},"end":{"line":177,"column":13}},{"start":{"line":175,"column":12},"end":{"line":177,"column":13}}],"line":175},"1":{"loc":{"start":{"line":178,"column":12},"end":{"line":180,"column":13}},"type":"if","locations":[{"start":{"line":178,"column":12},"end":{"line":180,"column":13}},{"start":{"line":178,"column":12},"end":{"line":180,"column":13}}],"line":178},"2":{"loc":{"start":{"line":181,"column":12},"end":{"line":183,"column":13}},"type":"if","locations":[{"start":{"line":181,"column":12},"end":{"line":183,"column":13}},{"start":{"line":181,"column":12},"end":{"line":183,"column":13}}],"line":181}},"s":{"0":4,"1":4,"2":2,"3":2,"4":2,"5":2,"6":2,"7":2,"8":2,"9":2,"10":2,"11":0,"12":0,"13":0,"14":2,"15":0,"16":2,"17":0,"18":0,"19":0,"20":2,"21":0,"22":0,"23":2,"24":0,"25":0,"26":0,"27":0,"28":0,"29":0,"30":0,"31":0,"32":0,"33":0,"34":0,"35":0,"36":0,"37":0,"38":0,"39":0,"40":4,"41":0,"42":4},"f":{"0":2,"1":0,"2":0,"3":0,"4":0,"5":0,"6":0,"7":0,"8":0,"9":0,"10":0,"11":0,"12":0,"13":0,"14":0,"15":0,"16":0},"b":{"0":[0,0],"1":[0,0],"2":[0,0]},"_coverageSchema":"1a1c01bbd47fc00a2c39e90264f33305004495a9","hash":"82bdea3a39b2cfedac6073f097a296b5ecc65e39"}
,"C:\\Users\\juzen\\GIT\\Study\\nutrition\\screens\\HomeScreen.js": {"path":"C:\\Users\\juzen\\GIT\\Study\\nutrition\\screens\\HomeScreen.js","statementMap":{"0":{"start":{"line":14,"column":19},"end":{"line":49,"column":1}},"1":{"start":{"line":15,"column":19},"end":{"line":15,"column":32}},"2":{"start":{"line":17,"column":23},"end":{"line":24,"column":14}},"3":{"start":{"line":18,"column":2},"end":{"line":23,"column":3}},"4":{"start":{"line":20,"column":4},"end":{"line":20,"column":35}},"5":{"start":{"line":22,"column":4},"end":{"line":22,"column":26}},"6":{"start":{"line":26,"column":23},"end":{"line":33,"column":14}},"7":{"start":{"line":27,"column":0},"end":{"line":32,"column":1}},"8":{"start":{"line":29,"column":2},"end":{"line":29,"column":36}},"9":{"start":{"line":31,"column":2},"end":{"line":31,"column":24}},"10":{"start":{"line":36,"column":0},"end":{"line":39,"column":14}},"11":{"start":{"line":37,"column":2},"end":{"line":38,"column":26}},"12":{"start":{"line":42,"column":2},"end":{"line":48,"column":3}}},"fnMap":{"0":{"name":"(anonymous_0)","decl":{"start":{"line":14,"column":19},"end":{"line":14,"column":20}},"loc":{"start":{"line":14,"column":25},"end":{"line":49,"column":1}},"line":14},"1":{"name":"(anonymous_1)","decl":{"start":{"line":17,"column":35},"end":{"line":17,"column":36}},"loc":{"start":{"line":17,"column":47},"end":{"line":24,"column":1}},"line":17},"2":{"name":"(anonymous_2)","decl":{"start":{"line":26,"column":35},"end":{"line":26,"column":36}},"loc":{"start":{"line":26,"column":47},"end":{"line":33,"column":1}},"line":26},"3":{"name":"(anonymous_3)","decl":{"start":{"line":36,"column":10},"end":{"line":36,"column":11}},"loc":{"start":{"line":36,"column":16},"end":{"line":39,"column":1}},"line":36}},"branchMap":{},"s":{"0":4,"1":2,"2":2,"3":0,"4":0,"5":0,"6":2,"7":0,"8":0,"9":0,"10":2,"11":0,"12":2},"f":{"0":2,"1":0,"2":0,"3":0},"b":{},"_coverageSchema":"1a1c01bbd47fc00a2c39e90264f33305004495a9","hash":"d234a8832100084c2222a157459baae8eb408c22"}
,"C:\\Users\\juzen\\GIT\\Study\\nutrition\\screens\\LoginScreen.js": {"path":"C:\\Users\\juzen\\GIT\\Study\\nutrition\\screens\\LoginScreen.js","statementMap":{"0":{"start":{"line":17,"column":18},"end":{"line":17,"column":42}},"1":{"start":{"line":20,"column":17},"end":{"line":20,"column":64}},"2":{"start":{"line":23,"column":26},"end":{"line":23,"column":45}},"3":{"start":{"line":25,"column":23},"end":{"line":25,"column":47}},"4":{"start":{"line":28,"column":20},"end":{"line":57,"column":1}},"5":{"start":{"line":30,"column":2},"end":{"line":55,"column":3}},"6":{"start":{"line":32,"column":26},"end":{"line":35,"column":5}},"7":{"start":{"line":38,"column":30},"end":{"line":41,"column":5}},"8":{"start":{"line":42,"column":29},"end":{"line":42,"column":33}},"9":{"start":{"line":44,"column":4},"end":{"line":48,"column":5}},"10":{"start":{"line":47,"column":6},"end":{"line":47,"column":72}},"11":{"start":{"line":50,"column":4},"end":{"line":54,"column":6}},"12":{"start":{"line":56,"column":2},"end":{"line":56,"column":15}},"13":{"start":{"line":60,"column":20},"end":{"line":382,"column":1}},"14":{"start":{"line":61,"column":36},"end":{"line":61,"column":51}},"15":{"start":{"line":62,"column":28},"end":{"line":62,"column":38}},"16":{"start":{"line":64,"column":38},"end":{"line":64,"column":53}},"17":{"start":{"line":66,"column":36},"end":{"line":66,"column":56}},"18":{"start":{"line":68,"column":42},"end":{"line":68,"column":56}},"19":{"start":{"line":70,"column":46},"end":{"line":70,"column":61}},"20":{"start":{"line":72,"column":19},"end":{"line":72,"column":31}},"21":{"start":{"line":75,"column":19},"end":{"line":75,"column":32}},"22":{"start":{"line":79,"column":41},"end":{"line":89,"column":4}},"23":{"start":{"line":91,"column":22},"end":{"line":110,"column":3}},"24":{"start":{"line":92,"column":18},"end":{"line":95,"column":7}},"25":{"start":{"line":97,"column":4},"end":{"line":97,"column":18}},"26":{"start":{"line":98,"column":4},"end":{"line":98,"column":22}},"27":{"start":{"line":99,"column":4},"end":{"line":109,"column":4}},"28":{"start":{"line":100,"column":5},"end":{"line":100,"column":28}},"29":{"start":{"line":102,"column":5},"end":{"line":105,"column":7}},"30":{"start":{"line":107,"column":5},"end":{"line":107,"column":26}},"31":{"start":{"line":108,"column":5},"end":{"line":108,"column":24}},"32":{"start":{"line":113,"column":24},"end":{"line":142,"column":1}},"33":{"start":{"line":115,"column":2},"end":{"line":128,"column":5}},"34":{"start":{"line":118,"column":4},"end":{"line":127,"column":4}},"35":{"start":{"line":130,"column":2},"end":{"line":130,"column":31}},"36":{"start":{"line":132,"column":2},"end":{"line":132,"column":39}},"37":{"start":{"line":134,"column":25},"end":{"line":136,"column":10}},"38":{"start":{"line":135,"column":4},"end":{"line":135,"column":35}},"39":{"start":{"line":137,"column":23},"end":{"line":139,"column":10}},"40":{"start":{"line":138,"column":4},"end":{"line":138,"column":28}},"41":{"start":{"line":141,"column":2},"end":{"line":141,"column":22}},"42":{"start":{"line":146,"column":29},"end":{"line":156,"column":3}},"43":{"start":{"line":148,"column":6},"end":{"line":153,"column":9}},"44":{"start":{"line":159,"column":2},"end":{"line":163,"column":13}},"45":{"start":{"line":160,"column":4},"end":{"line":162,"column":5}},"46":{"start":{"line":161,"column":6},"end":{"line":161,"column":62}},"47":{"start":{"line":165,"column":2},"end":{"line":381,"column":3}},"48":{"start":{"line":182,"column":41},"end":{"line":182,"column":75}},"49":{"start":{"line":265,"column":20},"end":{"line":265,"column":55}},"50":{"start":{"line":276,"column":20},"end":{"line":276,"column":39}},"51":{"start":{"line":289,"column":18},"end":{"line":289,"column":53}},"52":{"start":{"line":296,"column":20},"end":{"line":296,"column":39}},"53":{"start":{"line":341,"column":41},"end":{"line":341,"column":62}},"54":{"start":{"line":353,"column":18},"end":{"line":353,"column":33}},"55":{"start":{"line":363,"column":18},"end":{"line":363,"column":38}},"56":{"start":{"line":384,"column":0},"end":{"line":388,"column":1}},"57":{"start":{"line":385,"column":2},"end":{"line":387,"column":3}},"58":{"start":{"line":390,"column":15},"end":{"line":458,"column":2}}},"fnMap":{"0":{"name":"(anonymous_0)","decl":{"start":{"line":28,"column":20},"end":{"line":28,"column":21}},"loc":{"start":{"line":28,"column":39},"end":{"line":57,"column":1}},"line":28},"1":{"name":"(anonymous_1)","decl":{"start":{"line":60,"column":20},"end":{"line":60,"column":21}},"loc":{"start":{"line":60,"column":31},"end":{"line":382,"column":1}},"line":60},"2":{"name":"(anonymous_2)","decl":{"start":{"line":91,"column":22},"end":{"line":91,"column":23}},"loc":{"start":{"line":91,"column":34},"end":{"line":110,"column":3}},"line":91},"3":{"name":"(anonymous_3)","decl":{"start":{"line":113,"column":24},"end":{"line":113,"column":25}},"loc":{"start":{"line":113,"column":36},"end":{"line":142,"column":1}},"line":113},"4":{"name":"(anonymous_4)","decl":{"start":{"line":115,"column":60},"end":{"line":115,"column":61}},"loc":{"start":{"line":115,"column":71},"end":{"line":117,"column":3}},"line":115},"5":{"name":"(anonymous_5)","decl":{"start":{"line":117,"column":11},"end":{"line":117,"column":12}},"loc":{"start":{"line":117,"column":27},"end":{"line":128,"column":3}},"line":117},"6":{"name":"(anonymous_6)","decl":{"start":{"line":134,"column":42},"end":{"line":134,"column":43}},"loc":{"start":{"line":134,"column":48},"end":{"line":136,"column":3}},"line":134},"7":{"name":"(anonymous_7)","decl":{"start":{"line":137,"column":40},"end":{"line":137,"column":41}},"loc":{"start":{"line":137,"column":46},"end":{"line":139,"column":3}},"line":137},"8":{"name":"(anonymous_8)","decl":{"start":{"line":147,"column":4},"end":{"line":147,"column":5}},"loc":{"start":{"line":147,"column":52},"end":{"line":154,"column":5}},"line":147},"9":{"name":"(anonymous_9)","decl":{"start":{"line":159,"column":12},"end":{"line":159,"column":13}},"loc":{"start":{"line":159,"column":18},"end":{"line":163,"column":3}},"line":159},"10":{"name":"(anonymous_10)","decl":{"start":{"line":182,"column":34},"end":{"line":182,"column":35}},"loc":{"start":{"line":182,"column":40},"end":{"line":182,"column":76}},"line":182},"11":{"name":"(anonymous_11)","decl":{"start":{"line":264,"column":27},"end":{"line":264,"column":28}},"loc":{"start":{"line":264,"column":33},"end":{"line":266,"column":19}},"line":264},"12":{"name":"(anonymous_12)","decl":{"start":{"line":275,"column":27},"end":{"line":275,"column":28}},"loc":{"start":{"line":275,"column":33},"end":{"line":277,"column":19}},"line":275},"13":{"name":"(anonymous_13)","decl":{"start":{"line":288,"column":25},"end":{"line":288,"column":26}},"loc":{"start":{"line":288,"column":31},"end":{"line":290,"column":17}},"line":288},"14":{"name":"(anonymous_14)","decl":{"start":{"line":295,"column":27},"end":{"line":295,"column":28}},"loc":{"start":{"line":295,"column":33},"end":{"line":297,"column":19}},"line":295},"15":{"name":"(anonymous_15)","decl":{"start":{"line":328,"column":23},"end":{"line":328,"column":24}},"loc":{"start":{"line":328,"column":29},"end":{"line":330,"column":15}},"line":328},"16":{"name":"(anonymous_16)","decl":{"start":{"line":341,"column":33},"end":{"line":341,"column":34}},"loc":{"start":{"line":341,"column":41},"end":{"line":341,"column":62}},"line":341},"17":{"name":"(anonymous_17)","decl":{"start":{"line":352,"column":25},"end":{"line":352,"column":26}},"loc":{"start":{"line":352,"column":31},"end":{"line":354,"column":17}},"line":352},"18":{"name":"(anonymous_18)","decl":{"start":{"line":362,"column":25},"end":{"line":362,"column":26}},"loc":{"start":{"line":362,"column":36},"end":{"line":364,"column":17}},"line":362},"19":{"name":"(anonymous_19)","decl":{"start":{"line":384,"column":32},"end":{"line":384,"column":33}},"loc":{"start":{"line":384,"column":38},"end":{"line":388,"column":1}},"line":384}},"branchMap":{"0":{"loc":{"start":{"line":20,"column":17},"end":{"line":20,"column":64}},"type":"cond-expr","locations":[{"start":{"line":20,"column":44},"end":{"line":20,"column":52}},{"start":{"line":20,"column":55},"end":{"line":20,"column":64}}],"line":20},"1":{"loc":{"start":{"line":30,"column":2},"end":{"line":55,"column":3}},"type":"if","locations":[{"start":{"line":30,"column":2},"end":{"line":55,"column":3}},{"start":{"line":30,"column":2},"end":{"line":55,"column":3}}],"line":30},"2":{"loc":{"start":{"line":47,"column":27},"end":{"line":47,"column":71}},"type":"binary-expr","locations":[{"start":{"line":47,"column":27},"end":{"line":47,"column":45}},{"start":{"line":47,"column":49},"end":{"line":47,"column":71}}],"line":47},"3":{"loc":{"start":{"line":160,"column":4},"end":{"line":162,"column":5}},"type":"if","locations":[{"start":{"line":160,"column":4},"end":{"line":162,"column":5}},{"start":{"line":160,"column":4},"end":{"line":162,"column":5}}],"line":160},"4":{"loc":{"start":{"line":240,"column":13},"end":{"line":254,"column":13}},"type":"cond-expr","locations":[{"start":{"line":241,"column":14},"end":{"line":245,"column":33}},{"start":{"line":248,"column":12},"end":{"line":253,"column":31}}],"line":240},"5":{"loc":{"start":{"line":258,"column":13},"end":{"line":300,"column":13}},"type":"cond-expr","locations":[{"start":{"line":259,"column":14},"end":{"line":282,"column":21}},{"start":{"line":284,"column":14},"end":{"line":299,"column":21}}],"line":258},"6":{"loc":{"start":{"line":303,"column":11},"end":{"line":318,"column":11}},"type":"cond-expr","locations":[{"start":{"line":304,"column":12},"end":{"line":313,"column":19}},{"start":{"line":315,"column":12},"end":{"line":317,"column":19}}],"line":303},"7":{"loc":{"start":{"line":319,"column":11},"end":{"line":376,"column":11}},"type":"cond-expr","locations":[{"start":{"line":320,"column":12},"end":{"line":371,"column":28}},{"start":{"line":373,"column":12},"end":{"line":375,"column":19}}],"line":319}},"s":{"0":4,"1":4,"2":4,"3":4,"4":4,"5":0,"6":0,"7":0,"8":0,"9":0,"10":0,"11":0,"12":0,"13":4,"14":2,"15":2,"16":2,"17":2,"18":2,"19":2,"20":2,"21":2,"22":2,"23":2,"24":0,"25":0,"26":0,"27":0,"28":0,"29":0,"30":0,"31":0,"32":2,"33":0,"34":0,"35":0,"36":0,"37":0,"38":0,"39":0,"40":0,"41":0,"42":2,"43":0,"44":2,"45":0,"46":0,"47":2,"48":0,"49":0,"50":0,"51":0,"52":0,"53":0,"54":0,"55":0,"56":4,"57":0,"58":4},"f":{"0":0,"1":2,"2":0,"3":0,"4":0,"5":0,"6":0,"7":0,"8":0,"9":0,"10":0,"11":0,"12":0,"13":0,"14":0,"15":0,"16":0,"17":0,"18":0,"19":0},"b":{"0":[2,2],"1":[0,0],"2":[0,0],"3":[0,0],"4":[0,2],"5":[1,1],"6":[0,2],"7":[0,2]},"_coverageSchema":"1a1c01bbd47fc00a2c39e90264f33305004495a9","hash":"8edf8ac3a696253d80d5265d2ff4e0b4e6584e2a"}
,"C:\\Users\\juzen\\GIT\\Study\\nutrition\\screens\\NewMeal.js": {"path":"C:\\Users\\juzen\\GIT\\Study\\nutrition\\screens\\NewMeal.js","statementMap":{"0":{"start":{"line":11,"column":23},"end":{"line":11,"column":47}},"1":{"start":{"line":13,"column":16},"end":{"line":116,"column":1}},"2":{"start":{"line":14,"column":36},"end":{"line":14,"column":51}},"3":{"start":{"line":15,"column":42},"end":{"line":15,"column":57}},"4":{"start":{"line":16,"column":28},"end":{"line":16,"column":38}},"5":{"start":{"line":17,"column":30},"end":{"line":17,"column":44}},"6":{"start":{"line":18,"column":26},"end":{"line":18,"column":38}},"7":{"start":{"line":20,"column":19},"end":{"line":20,"column":32}},"8":{"start":{"line":22,"column":22},"end":{"line":22,"column":71}},"9":{"start":{"line":22,"column":43},"end":{"line":22,"column":70}},"10":{"start":{"line":24,"column":25},"end":{"line":24,"column":68}},"11":{"start":{"line":24,"column":46},"end":{"line":24,"column":67}},"12":{"start":{"line":26,"column":26},"end":{"line":36,"column":54}},"13":{"start":{"line":27,"column":2},"end":{"line":27,"column":22}},"14":{"start":{"line":28,"column":2},"end":{"line":28,"column":23}},"15":{"start":{"line":29,"column":2},"end":{"line":29,"column":16}},"16":{"start":{"line":30,"column":2},"end":{"line":34,"column":3}},"17":{"start":{"line":31,"column":4},"end":{"line":31,"column":38}},"18":{"start":{"line":33,"column":4},"end":{"line":33,"column":25}},"19":{"start":{"line":35,"column":2},"end":{"line":35,"column":24}},"20":{"start":{"line":42,"column":2},"end":{"line":44,"column":19}},"21":{"start":{"line":43,"column":4},"end":{"line":43,"column":24}},"22":{"start":{"line":47,"column":28},"end":{"line":57,"column":3}},"23":{"start":{"line":49,"column":32},"end":{"line":54,"column":6}},"24":{"start":{"line":50,"column":17},"end":{"line":50,"column":46}},"25":{"start":{"line":51,"column":19},"end":{"line":51,"column":38}},"26":{"start":{"line":53,"column":6},"end":{"line":53,"column":38}},"27":{"start":{"line":56,"column":4},"end":{"line":56,"column":32}},"28":{"start":{"line":60,"column":28},"end":{"line":66,"column":3}},"29":{"start":{"line":61,"column":4},"end":{"line":65,"column":5}},"30":{"start":{"line":68,"column":2},"end":{"line":73,"column":14}},"31":{"start":{"line":69,"column":2},"end":{"line":69,"column":20}},"32":{"start":{"line":70,"column":2},"end":{"line":72,"column":4}},"33":{"start":{"line":71,"column":4},"end":{"line":71,"column":23}},"34":{"start":{"line":75,"column":2},"end":{"line":81,"column":3}},"35":{"start":{"line":76,"column":4},"end":{"line":80,"column":6}},"36":{"start":{"line":83,"column":2},"end":{"line":115,"column":3}},"37":{"start":{"line":100,"column":32},"end":{"line":100,"column":55}},"38":{"start":{"line":112,"column":39},"end":{"line":112,"column":46}},"39":{"start":{"line":118,"column":15},"end":{"line":133,"column":2}}},"fnMap":{"0":{"name":"(anonymous_0)","decl":{"start":{"line":13,"column":16},"end":{"line":13,"column":17}},"loc":{"start":{"line":13,"column":27},"end":{"line":116,"column":1}},"line":13},"1":{"name":"(anonymous_1)","decl":{"start":{"line":22,"column":34},"end":{"line":22,"column":35}},"loc":{"start":{"line":22,"column":43},"end":{"line":22,"column":70}},"line":22},"2":{"name":"(anonymous_2)","decl":{"start":{"line":24,"column":37},"end":{"line":24,"column":38}},"loc":{"start":{"line":24,"column":46},"end":{"line":24,"column":67}},"line":24},"3":{"name":"(anonymous_3)","decl":{"start":{"line":26,"column":38},"end":{"line":26,"column":39}},"loc":{"start":{"line":26,"column":50},"end":{"line":36,"column":1}},"line":26},"4":{"name":"(anonymous_4)","decl":{"start":{"line":42,"column":12},"end":{"line":42,"column":13}},"loc":{"start":{"line":42,"column":18},"end":{"line":44,"column":3}},"line":42},"5":{"name":"(anonymous_5)","decl":{"start":{"line":47,"column":28},"end":{"line":47,"column":29}},"loc":{"start":{"line":47,"column":39},"end":{"line":57,"column":3}},"line":47},"6":{"name":"(anonymous_6)","decl":{"start":{"line":49,"column":51},"end":{"line":49,"column":52}},"loc":{"start":{"line":49,"column":65},"end":{"line":54,"column":5}},"line":49},"7":{"name":"(anonymous_7)","decl":{"start":{"line":60,"column":28},"end":{"line":60,"column":29}},"loc":{"start":{"line":60,"column":42},"end":{"line":66,"column":3}},"line":60},"8":{"name":"(anonymous_8)","decl":{"start":{"line":68,"column":12},"end":{"line":68,"column":13}},"loc":{"start":{"line":68,"column":18},"end":{"line":73,"column":1}},"line":68},"9":{"name":"(anonymous_9)","decl":{"start":{"line":70,"column":25},"end":{"line":70,"column":26}},"loc":{"start":{"line":70,"column":31},"end":{"line":72,"column":3}},"line":70},"10":{"name":"(anonymous_10)","decl":{"start":{"line":100,"column":24},"end":{"line":100,"column":25}},"loc":{"start":{"line":100,"column":32},"end":{"line":100,"column":55}},"line":100},"11":{"name":"(anonymous_11)","decl":{"start":{"line":112,"column":22},"end":{"line":112,"column":23}},"loc":{"start":{"line":112,"column":39},"end":{"line":112,"column":46}},"line":112}},"branchMap":{"0":{"loc":{"start":{"line":75,"column":2},"end":{"line":81,"column":3}},"type":"if","locations":[{"start":{"line":75,"column":2},"end":{"line":81,"column":3}},{"start":{"line":75,"column":2},"end":{"line":81,"column":3}}],"line":75}},"s":{"0":4,"1":4,"2":2,"3":2,"4":2,"5":2,"6":2,"7":2,"8":2,"9":2,"10":0,"11":0,"12":0,"13":0,"14":0,"15":0,"16":0,"17":0,"18":0,"19":0,"20":0,"21":0,"22":0,"23":0,"24":0,"25":0,"26":0,"27":0,"28":0,"29":0,"30":0,"31":0,"32":0,"33":0,"34":0,"35":0,"36":0,"37":0,"38":0,"39":4},"f":{"0":2,"1":2,"2":0,"3":0,"4":0,"5":0,"6":0,"7":0,"8":0,"9":0,"10":0,"11":0},"b":{"0":[0,0]},"_coverageSchema":"1a1c01bbd47fc00a2c39e90264f33305004495a9","hash":"4441aae47e4ef18f46ab9d76430f8a8c1f33015c"}
,"C:\\Users\\juzen\\GIT\\Study\\nutrition\\screens\\PersonalInfoScreen.js": {"path":"C:\\Users\\juzen\\GIT\\Study\\nutrition\\screens\\PersonalInfoScreen.js","statementMap":{"0":{"start":{"line":8,"column":23},"end":{"line":8,"column":47}},"1":{"start":{"line":10,"column":27},"end":{"line":174,"column":1}},"2":{"start":{"line":12,"column":17},"end":{"line":12,"column":52}},"3":{"start":{"line":13,"column":19},"end":{"line":13,"column":52}},"4":{"start":{"line":14,"column":23},"end":{"line":14,"column":60}},"5":{"start":{"line":16,"column":24},"end":{"line":16,"column":38}},"6":{"start":{"line":17,"column":34},"end":{"line":17,"column":48}},"7":{"start":{"line":18,"column":30},"end":{"line":18,"column":44}},"8":{"start":{"line":20,"column":38},"end":{"line":20,"column":53}},"9":{"start":{"line":21,"column":40},"end":{"line":21,"column":55}},"10":{"start":{"line":22,"column":38},"end":{"line":22,"column":53}},"11":{"start":{"line":25,"column":22},"end":{"line":25,"column":34}},"12":{"start":{"line":26,"column":21},"end":{"line":26,"column":33}},"13":{"start":{"line":28,"column":2},"end":{"line":173,"column":3}},"14":{"start":{"line":36,"column":39},"end":{"line":36,"column":74}},"15":{"start":{"line":66,"column":9},"end":{"line":66,"column":28}},"16":{"start":{"line":67,"column":9},"end":{"line":67,"column":21}},"17":{"start":{"line":75,"column":30},"end":{"line":75,"column":57}},"18":{"start":{"line":102,"column":8},"end":{"line":102,"column":28}},"19":{"start":{"line":103,"column":8},"end":{"line":103,"column":23}},"20":{"start":{"line":110,"column":29},"end":{"line":110,"column":55}},"21":{"start":{"line":139,"column":7},"end":{"line":139,"column":26}},"22":{"start":{"line":140,"column":7},"end":{"line":140,"column":22}},"23":{"start":{"line":157,"column":8},"end":{"line":164,"column":10}},"24":{"start":{"line":176,"column":0},"end":{"line":180,"column":1}},"25":{"start":{"line":177,"column":2},"end":{"line":179,"column":3}},"26":{"start":{"line":182,"column":15},"end":{"line":234,"column":2}}},"fnMap":{"0":{"name":"(anonymous_0)","decl":{"start":{"line":10,"column":27},"end":{"line":10,"column":28}},"loc":{"start":{"line":10,"column":38},"end":{"line":174,"column":1}},"line":10},"1":{"name":"(anonymous_1)","decl":{"start":{"line":36,"column":32},"end":{"line":36,"column":33}},"loc":{"start":{"line":36,"column":38},"end":{"line":36,"column":75}},"line":36},"2":{"name":"(anonymous_2)","decl":{"start":{"line":65,"column":21},"end":{"line":65,"column":22}},"loc":{"start":{"line":65,"column":29},"end":{"line":68,"column":8}},"line":65},"3":{"name":"(anonymous_3)","decl":{"start":{"line":75,"column":24},"end":{"line":75,"column":25}},"loc":{"start":{"line":75,"column":30},"end":{"line":75,"column":57}},"line":75},"4":{"name":"(anonymous_4)","decl":{"start":{"line":101,"column":20},"end":{"line":101,"column":21}},"loc":{"start":{"line":101,"column":28},"end":{"line":104,"column":7}},"line":101},"5":{"name":"(anonymous_5)","decl":{"start":{"line":110,"column":23},"end":{"line":110,"column":24}},"loc":{"start":{"line":110,"column":29},"end":{"line":110,"column":55}},"line":110},"6":{"name":"(anonymous_6)","decl":{"start":{"line":138,"column":19},"end":{"line":138,"column":20}},"loc":{"start":{"line":138,"column":27},"end":{"line":141,"column":6}},"line":138},"7":{"name":"(anonymous_7)","decl":{"start":{"line":156,"column":15},"end":{"line":156,"column":16}},"loc":{"start":{"line":156,"column":21},"end":{"line":165,"column":7}},"line":156},"8":{"name":"(anonymous_8)","decl":{"start":{"line":176,"column":39},"end":{"line":176,"column":40}},"loc":{"start":{"line":176,"column":45},"end":{"line":180,"column":1}},"line":176}},"branchMap":{"0":{"loc":{"start":{"line":47,"column":7},"end":{"line":61,"column":7}},"type":"cond-expr","locations":[{"start":{"line":48,"column":8},"end":{"line":56,"column":26}},{"start":{"line":58,"column":8},"end":{"line":60,"column":15}}],"line":47},"1":{"loc":{"start":{"line":83,"column":9},"end":{"line":97,"column":9}},"type":"cond-expr","locations":[{"start":{"line":84,"column":10},"end":{"line":92,"column":28}},{"start":{"line":94,"column":10},"end":{"line":96,"column":17}}],"line":83},"2":{"loc":{"start":{"line":120,"column":7},"end":{"line":134,"column":7}},"type":"cond-expr","locations":[{"start":{"line":121,"column":8},"end":{"line":129,"column":26}},{"start":{"line":131,"column":8},"end":{"line":133,"column":15}}],"line":120}},"s":{"0":4,"1":4,"2":2,"3":2,"4":2,"5":2,"6":2,"7":2,"8":2,"9":2,"10":2,"11":2,"12":2,"13":2,"14":0,"15":0,"16":0,"17":0,"18":0,"19":0,"20":0,"21":0,"22":0,"23":0,"24":4,"25":0,"26":4},"f":{"0":2,"1":0,"2":0,"3":0,"4":0,"5":0,"6":0,"7":0,"8":0},"b":{"0":[0,2],"1":[0,2],"2":[0,2]},"_coverageSchema":"1a1c01bbd47fc00a2c39e90264f33305004495a9","hash":"49798fe6ce531c8dc97a73654d51e6f0ce160d26"}
,"C:\\Users\\juzen\\GIT\\Study\\nutrition\\screens\\PreferencesScreen.js": {"path":"C:\\Users\\juzen\\GIT\\Study\\nutrition\\screens\\PreferencesScreen.js","statementMap":{"0":{"start":{"line":8,"column":23},"end":{"line":8,"column":47}},"1":{"start":{"line":10,"column":26},"end":{"line":114,"column":1}},"2":{"start":{"line":12,"column":17},"end":{"line":12,"column":52}},"3":{"start":{"line":13,"column":19},"end":{"line":13,"column":52}},"4":{"start":{"line":14,"column":23},"end":{"line":14,"column":60}},"5":{"start":{"line":15,"column":14},"end":{"line":15,"column":46}},"6":{"start":{"line":16,"column":17},"end":{"line":16,"column":52}},"7":{"start":{"line":17,"column":21},"end":{"line":17,"column":56}},"8":{"start":{"line":19,"column":44},"end":{"line":19,"column":59}},"9":{"start":{"line":20,"column":36},"end":{"line":20,"column":51}},"10":{"start":{"line":21,"column":30},"end":{"line":21,"column":45}},"11":{"start":{"line":23,"column":32},"end":{"line":23,"column":46}},"12":{"start":{"line":25,"column":2},"end":{"line":113,"column":3}},"13":{"start":{"line":29,"column":39},"end":{"line":29,"column":72}},"14":{"start":{"line":50,"column":27},"end":{"line":50,"column":53}},"15":{"start":{"line":67,"column":27},"end":{"line":67,"column":46}},"16":{"start":{"line":85,"column":14},"end":{"line":85,"column":32}},"17":{"start":{"line":95,"column":12},"end":{"line":103,"column":14}},"18":{"start":{"line":116,"column":0},"end":{"line":120,"column":1}},"19":{"start":{"line":117,"column":2},"end":{"line":119,"column":3}},"20":{"start":{"line":122,"column":15},"end":{"line":155,"column":2}}},"fnMap":{"0":{"name":"(anonymous_0)","decl":{"start":{"line":10,"column":26},"end":{"line":10,"column":27}},"loc":{"start":{"line":10,"column":37},"end":{"line":114,"column":1}},"line":10},"1":{"name":"(anonymous_1)","decl":{"start":{"line":29,"column":32},"end":{"line":29,"column":33}},"loc":{"start":{"line":29,"column":38},"end":{"line":29,"column":73}},"line":29},"2":{"name":"(anonymous_2)","decl":{"start":{"line":50,"column":21},"end":{"line":50,"column":22}},"loc":{"start":{"line":50,"column":27},"end":{"line":50,"column":53}},"line":50},"3":{"name":"(anonymous_3)","decl":{"start":{"line":67,"column":21},"end":{"line":67,"column":22}},"loc":{"start":{"line":67,"column":27},"end":{"line":67,"column":46}},"line":67},"4":{"name":"(anonymous_4)","decl":{"start":{"line":84,"column":21},"end":{"line":84,"column":22}},"loc":{"start":{"line":84,"column":27},"end":{"line":86,"column":13}},"line":84},"5":{"name":"(anonymous_5)","decl":{"start":{"line":93,"column":19},"end":{"line":93,"column":20}},"loc":{"start":{"line":93,"column":25},"end":{"line":104,"column":11}},"line":93},"6":{"name":"(anonymous_6)","decl":{"start":{"line":116,"column":38},"end":{"line":116,"column":39}},"loc":{"start":{"line":116,"column":44},"end":{"line":120,"column":1}},"line":116}},"branchMap":{"0":{"loc":{"start":{"line":48,"column":21},"end":{"line":48,"column":73}},"type":"cond-expr","locations":[{"start":{"line":48,"column":50},"end":{"line":48,"column":59}},{"start":{"line":48,"column":62},"end":{"line":48,"column":73}}],"line":48},"1":{"loc":{"start":{"line":65,"column":21},"end":{"line":65,"column":66}},"type":"cond-expr","locations":[{"start":{"line":65,"column":43},"end":{"line":65,"column":52}},{"start":{"line":65,"column":55},"end":{"line":65,"column":66}}],"line":65},"2":{"loc":{"start":{"line":82,"column":21},"end":{"line":82,"column":65}},"type":"cond-expr","locations":[{"start":{"line":82,"column":42},"end":{"line":82,"column":51}},{"start":{"line":82,"column":54},"end":{"line":82,"column":65}}],"line":82}},"s":{"0":4,"1":4,"2":2,"3":2,"4":2,"5":2,"6":2,"7":2,"8":2,"9":2,"10":2,"11":2,"12":2,"13":0,"14":0,"15":0,"16":0,"17":0,"18":4,"19":0,"20":4},"f":{"0":2,"1":0,"2":0,"3":0,"4":0,"5":0,"6":0},"b":{"0":[0,2],"1":[0,2],"2":[0,2]},"_coverageSchema":"1a1c01bbd47fc00a2c39e90264f33305004495a9","hash":"72f17aa85450c6ec8952fe9179166b3f7cb026e5"}
,"C:\\Users\\juzen\\GIT\\Study\\nutrition\\screens\\ProfileScreen.js": {"path":"C:\\Users\\juzen\\GIT\\Study\\nutrition\\screens\\ProfileScreen.js","statementMap":{"0":{"start":{"line":21,"column":23},"end":{"line":21,"column":47}},"1":{"start":{"line":23,"column":15},"end":{"line":23,"column":34}},"2":{"start":{"line":25,"column":22},"end":{"line":570,"column":1}},"3":{"start":{"line":27,"column":40},"end":{"line":27,"column":54}},"4":{"start":{"line":30,"column":38},"end":{"line":30,"column":53}},"5":{"start":{"line":32,"column":46},"end":{"line":32,"column":61}},"6":{"start":{"line":34,"column":36},"end":{"line":34,"column":59}},"7":{"start":{"line":35,"column":36},"end":{"line":35,"column":51}},"8":{"start":{"line":36,"column":34},"end":{"line":36,"column":49}},"9":{"start":{"line":38,"column":32},"end":{"line":38,"column":46}},"10":{"start":{"line":41,"column":26},"end":{"line":41,"column":40}},"11":{"start":{"line":42,"column":34},"end":{"line":42,"column":48}},"12":{"start":{"line":46,"column":15},"end":{"line":46,"column":105}},"13":{"start":{"line":47,"column":20},"end":{"line":47,"column":68}},"14":{"start":{"line":57,"column":4},"end":{"line":69,"column":5}},"15":{"start":{"line":60,"column":6},"end":{"line":60,"column":79}},"16":{"start":{"line":60,"column":54},"end":{"line":60,"column":75}},"17":{"start":{"line":63,"column":6},"end":{"line":63,"column":32}},"18":{"start":{"line":63,"column":23},"end":{"line":63,"column":30}},"19":{"start":{"line":67,"column":6},"end":{"line":67,"column":23}},"20":{"start":{"line":68,"column":6},"end":{"line":68,"column":14}},"21":{"start":{"line":70,"column":4},"end":{"line":70,"column":14}},"22":{"start":{"line":75,"column":19},"end":{"line":75,"column":32}},"23":{"start":{"line":78,"column":25},"end":{"line":78,"column":68}},"24":{"start":{"line":78,"column":46},"end":{"line":78,"column":67}},"25":{"start":{"line":79,"column":19},"end":{"line":79,"column":56}},"26":{"start":{"line":79,"column":40},"end":{"line":79,"column":55}},"27":{"start":{"line":80,"column":23},"end":{"line":80,"column":64}},"28":{"start":{"line":80,"column":44},"end":{"line":80,"column":63}},"29":{"start":{"line":83,"column":24},"end":{"line":94,"column":3}},"30":{"start":{"line":84,"column":4},"end":{"line":93,"column":5}},"31":{"start":{"line":85,"column":6},"end":{"line":85,"column":23}},"32":{"start":{"line":86,"column":25},"end":{"line":86,"column":78}},"33":{"start":{"line":87,"column":6},"end":{"line":87,"column":34}},"34":{"start":{"line":88,"column":6},"end":{"line":88,"column":40}},"35":{"start":{"line":89,"column":6},"end":{"line":89,"column":24}},"36":{"start":{"line":90,"column":6},"end":{"line":90,"column":26}},"37":{"start":{"line":96,"column":34},"end":{"line":106,"column":3}},"38":{"start":{"line":97,"column":4},"end":{"line":105,"column":5}},"39":{"start":{"line":100,"column":25},"end":{"line":100,"column":75}},"40":{"start":{"line":102,"column":6},"end":{"line":102,"column":34}},"41":{"start":{"line":109,"column":32},"end":{"line":126,"column":3}},"42":{"start":{"line":110,"column":4},"end":{"line":125,"column":5}},"43":{"start":{"line":112,"column":3},"end":{"line":112,"column":46}},"44":{"start":{"line":113,"column":3},"end":{"line":113,"column":54}},"45":{"start":{"line":115,"column":6},"end":{"line":115,"column":23}},"46":{"start":{"line":117,"column":25},"end":{"line":117,"column":99}},"47":{"start":{"line":119,"column":6},"end":{"line":119,"column":34}},"48":{"start":{"line":121,"column":6},"end":{"line":121,"column":24}},"49":{"start":{"line":122,"column":6},"end":{"line":122,"column":30}},"50":{"start":{"line":128,"column":2},"end":{"line":156,"column":16}},"51":{"start":{"line":129,"column":27},"end":{"line":154,"column":5}},"52":{"start":{"line":131,"column":23},"end":{"line":131,"column":61}},"53":{"start":{"line":133,"column":30},"end":{"line":133,"column":50}},"54":{"start":{"line":135,"column":45},"end":{"line":135,"column":60}},"55":{"start":{"line":137,"column":27},"end":{"line":137,"column":49}},"56":{"start":{"line":143,"column":6},"end":{"line":151,"column":7}},"57":{"start":{"line":144,"column":8},"end":{"line":144,"column":46}},"58":{"start":{"line":145,"column":8},"end":{"line":145,"column":50}},"59":{"start":{"line":148,"column":8},"end":{"line":148,"column":46}},"60":{"start":{"line":149,"column":8},"end":{"line":149,"column":47}},"61":{"start":{"line":150,"column":8},"end":{"line":150,"column":77}},"62":{"start":{"line":153,"column":6},"end":{"line":153,"column":38}},"63":{"start":{"line":155,"column":2},"end":{"line":155,"column":18}},"64":{"start":{"line":160,"column":24},"end":{"line":185,"column":3}},"65":{"start":{"line":162,"column":4},"end":{"line":162,"column":22}},"66":{"start":{"line":164,"column":17},"end":{"line":164,"column":50}},"67":{"start":{"line":166,"column":18},"end":{"line":174,"column":5}},"68":{"start":{"line":176,"column":4},"end":{"line":176,"column":68}},"69":{"start":{"line":178,"column":4},"end":{"line":178,"column":22}},"70":{"start":{"line":180,"column":4},"end":{"line":180,"column":23}},"71":{"start":{"line":182,"column":4},"end":{"line":182,"column":37}},"72":{"start":{"line":184,"column":4},"end":{"line":184,"column":23}},"73":{"start":{"line":187,"column":2},"end":{"line":569,"column":3}},"74":{"start":{"line":216,"column":8},"end":{"line":216,"column":34}},"75":{"start":{"line":218,"column":8},"end":{"line":218,"column":27}},"76":{"start":{"line":232,"column":8},"end":{"line":232,"column":46}},"77":{"start":{"line":233,"column":8},"end":{"line":233,"column":50}},"78":{"start":{"line":236,"column":8},"end":{"line":236,"column":51}},"79":{"start":{"line":237,"column":8},"end":{"line":237,"column":63}},"80":{"start":{"line":239,"column":8},"end":{"line":239,"column":31}},"81":{"start":{"line":262,"column":8},"end":{"line":283,"column":10}},"82":{"start":{"line":268,"column":27},"end":{"line":268,"column":56}},"83":{"start":{"line":276,"column":14},"end":{"line":276,"column":32}},"84":{"start":{"line":278,"column":14},"end":{"line":278,"column":47}},"85":{"start":{"line":298,"column":8},"end":{"line":313,"column":10}},"86":{"start":{"line":304,"column":27},"end":{"line":304,"column":56}},"87":{"start":{"line":309,"column":27},"end":{"line":309,"column":42}},"88":{"start":{"line":354,"column":27},"end":{"line":354,"column":53}},"89":{"start":{"line":371,"column":27},"end":{"line":371,"column":46}},"90":{"start":{"line":388,"column":27},"end":{"line":388,"column":45}},"91":{"start":{"line":412,"column":23},"end":{"line":412,"column":43}},"92":{"start":{"line":421,"column":10},"end":{"line":438,"column":12}},"93":{"start":{"line":427,"column":29},"end":{"line":427,"column":58}},"94":{"start":{"line":433,"column":16},"end":{"line":433,"column":41}},"95":{"start":{"line":492,"column":36},"end":{"line":492,"column":49}},"96":{"start":{"line":517,"column":40},"end":{"line":517,"column":61}},"97":{"start":{"line":536,"column":25},"end":{"line":536,"column":49}},"98":{"start":{"line":572,"column":15},"end":{"line":661,"column":2}}},"fnMap":{"0":{"name":"(anonymous_0)","decl":{"start":{"line":25,"column":22},"end":{"line":25,"column":23}},"loc":{"start":{"line":25,"column":33},"end":{"line":570,"column":1}},"line":25},"1":{"name":"getKeyByValue","decl":{"start":{"line":53,"column":11},"end":{"line":53,"column":24}},"loc":{"start":{"line":53,"column":40},"end":{"line":71,"column":3}},"line":53},"2":{"name":"(anonymous_2)","decl":{"start":{"line":60,"column":47},"end":{"line":60,"column":48}},"loc":{"start":{"line":60,"column":54},"end":{"line":60,"column":75}},"line":60},"3":{"name":"(anonymous_3)","decl":{"start":{"line":78,"column":37},"end":{"line":78,"column":38}},"loc":{"start":{"line":78,"column":46},"end":{"line":78,"column":67}},"line":78},"4":{"name":"(anonymous_4)","decl":{"start":{"line":79,"column":31},"end":{"line":79,"column":32}},"loc":{"start":{"line":79,"column":40},"end":{"line":79,"column":55}},"line":79},"5":{"name":"(anonymous_5)","decl":{"start":{"line":80,"column":35},"end":{"line":80,"column":36}},"loc":{"start":{"line":80,"column":44},"end":{"line":80,"column":63}},"line":80},"6":{"name":"(anonymous_6)","decl":{"start":{"line":83,"column":24},"end":{"line":83,"column":25}},"loc":{"start":{"line":83,"column":35},"end":{"line":94,"column":3}},"line":83},"7":{"name":"(anonymous_7)","decl":{"start":{"line":96,"column":34},"end":{"line":96,"column":35}},"loc":{"start":{"line":96,"column":45},"end":{"line":106,"column":3}},"line":96},"8":{"name":"(anonymous_8)","decl":{"start":{"line":109,"column":32},"end":{"line":109,"column":33}},"loc":{"start":{"line":109,"column":43},"end":{"line":126,"column":3}},"line":109},"9":{"name":"(anonymous_9)","decl":{"start":{"line":128,"column":12},"end":{"line":128,"column":13}},"loc":{"start":{"line":128,"column":18},"end":{"line":156,"column":3}},"line":128},"10":{"name":"(anonymous_10)","decl":{"start":{"line":129,"column":27},"end":{"line":129,"column":28}},"loc":{"start":{"line":129,"column":39},"end":{"line":154,"column":5}},"line":129},"11":{"name":"(anonymous_11)","decl":{"start":{"line":160,"column":24},"end":{"line":160,"column":25}},"loc":{"start":{"line":160,"column":36},"end":{"line":185,"column":3}},"line":160},"12":{"name":"(anonymous_12)","decl":{"start":{"line":214,"column":15},"end":{"line":214,"column":16}},"loc":{"start":{"line":214,"column":26},"end":{"line":219,"column":7}},"line":214},"13":{"name":"(anonymous_13)","decl":{"start":{"line":230,"column":15},"end":{"line":230,"column":16}},"loc":{"start":{"line":230,"column":21},"end":{"line":240,"column":7}},"line":230},"14":{"name":"(anonymous_14)","decl":{"start":{"line":260,"column":15},"end":{"line":260,"column":16}},"loc":{"start":{"line":260,"column":21},"end":{"line":285,"column":7}},"line":260},"15":{"name":"(anonymous_15)","decl":{"start":{"line":268,"column":21},"end":{"line":268,"column":22}},"loc":{"start":{"line":268,"column":27},"end":{"line":268,"column":56}},"line":268},"16":{"name":"(anonymous_16)","decl":{"start":{"line":273,"column":21},"end":{"line":273,"column":22}},"loc":{"start":{"line":273,"column":27},"end":{"line":279,"column":13}},"line":273},"17":{"name":"(anonymous_17)","decl":{"start":{"line":296,"column":15},"end":{"line":296,"column":16}},"loc":{"start":{"line":296,"column":21},"end":{"line":314,"column":7}},"line":296},"18":{"name":"(anonymous_18)","decl":{"start":{"line":304,"column":21},"end":{"line":304,"column":22}},"loc":{"start":{"line":304,"column":27},"end":{"line":304,"column":56}},"line":304},"19":{"name":"(anonymous_19)","decl":{"start":{"line":309,"column":21},"end":{"line":309,"column":22}},"loc":{"start":{"line":309,"column":27},"end":{"line":309,"column":42}},"line":309},"20":{"name":"(anonymous_20)","decl":{"start":{"line":354,"column":21},"end":{"line":354,"column":22}},"loc":{"start":{"line":354,"column":27},"end":{"line":354,"column":53}},"line":354},"21":{"name":"(anonymous_21)","decl":{"start":{"line":371,"column":21},"end":{"line":371,"column":22}},"loc":{"start":{"line":371,"column":27},"end":{"line":371,"column":46}},"line":371},"22":{"name":"(anonymous_22)","decl":{"start":{"line":388,"column":21},"end":{"line":388,"column":22}},"loc":{"start":{"line":388,"column":27},"end":{"line":388,"column":45}},"line":388},"23":{"name":"(anonymous_23)","decl":{"start":{"line":412,"column":17},"end":{"line":412,"column":18}},"loc":{"start":{"line":412,"column":23},"end":{"line":412,"column":43}},"line":412},"24":{"name":"(anonymous_24)","decl":{"start":{"line":420,"column":17},"end":{"line":420,"column":18}},"loc":{"start":{"line":420,"column":23},"end":{"line":439,"column":9}},"line":420},"25":{"name":"(anonymous_25)","decl":{"start":{"line":427,"column":23},"end":{"line":427,"column":24}},"loc":{"start":{"line":427,"column":29},"end":{"line":427,"column":58}},"line":427},"26":{"name":"(anonymous_26)","decl":{"start":{"line":432,"column":23},"end":{"line":432,"column":24}},"loc":{"start":{"line":432,"column":29},"end":{"line":434,"column":15}},"line":432},"27":{"name":"(anonymous_27)","decl":{"start":{"line":492,"column":25},"end":{"line":492,"column":26}},"loc":{"start":{"line":492,"column":36},"end":{"line":492,"column":49}},"line":492},"28":{"name":"(anonymous_28)","decl":{"start":{"line":517,"column":25},"end":{"line":517,"column":26}},"loc":{"start":{"line":517,"column":40},"end":{"line":517,"column":61}},"line":517},"29":{"name":"(anonymous_29)","decl":{"start":{"line":536,"column":19},"end":{"line":536,"column":20}},"loc":{"start":{"line":536,"column":25},"end":{"line":536,"column":49}},"line":536}},"branchMap":{"0":{"loc":{"start":{"line":63,"column":6},"end":{"line":63,"column":32}},"type":"if","locations":[{"start":{"line":63,"column":6},"end":{"line":63,"column":32}},{"start":{"line":63,"column":6},"end":{"line":63,"column":32}}],"line":63},"1":{"loc":{"start":{"line":143,"column":6},"end":{"line":151,"column":7}},"type":"if","locations":[{"start":{"line":143,"column":6},"end":{"line":151,"column":7}},{"start":{"line":143,"column":6},"end":{"line":151,"column":7}}],"line":143},"2":{"loc":{"start":{"line":333,"column":3},"end":{"line":452,"column":3}},"type":"cond-expr","locations":[{"start":{"line":334,"column":4},"end":{"line":447,"column":20}},{"start":{"line":449,"column":4},"end":{"line":451,"column":11}}],"line":333},"3":{"loc":{"start":{"line":352,"column":21},"end":{"line":352,"column":73}},"type":"cond-expr","locations":[{"start":{"line":352,"column":50},"end":{"line":352,"column":59}},{"start":{"line":352,"column":62},"end":{"line":352,"column":73}}],"line":352},"4":{"loc":{"start":{"line":369,"column":21},"end":{"line":369,"column":66}},"type":"cond-expr","locations":[{"start":{"line":369,"column":43},"end":{"line":369,"column":52}},{"start":{"line":369,"column":55},"end":{"line":369,"column":66}}],"line":369},"5":{"loc":{"start":{"line":386,"column":21},"end":{"line":386,"column":65}},"type":"cond-expr","locations":[{"start":{"line":386,"column":42},"end":{"line":386,"column":51}},{"start":{"line":386,"column":54},"end":{"line":386,"column":65}}],"line":386},"6":{"loc":{"start":{"line":395,"column":9},"end":{"line":409,"column":9}},"type":"cond-expr","locations":[{"start":{"line":396,"column":10},"end":{"line":400,"column":27}},{"start":{"line":402,"column":10},"end":{"line":408,"column":29}}],"line":395},"7":{"loc":{"start":{"line":464,"column":3},"end":{"line":566,"column":3}},"type":"cond-expr","locations":[{"start":{"line":465,"column":4},"end":{"line":561,"column":20}},{"start":{"line":563,"column":4},"end":{"line":565,"column":11}}],"line":464},"8":{"loc":{"start":{"line":543,"column":9},"end":{"line":558,"column":9}},"type":"cond-expr","locations":[{"start":{"line":544,"column":10},"end":{"line":548,"column":27}},{"start":{"line":551,"column":10},"end":{"line":557,"column":29}}],"line":543}},"s":{"0":4,"1":4,"2":4,"3":2,"4":2,"5":2,"6":2,"7":2,"8":2,"9":2,"10":2,"11":2,"12":2,"13":2,"14":0,"15":0,"16":0,"17":0,"18":0,"19":0,"20":0,"21":0,"22":2,"23":2,"24":2,"25":0,"26":0,"27":0,"28":0,"29":0,"30":0,"31":0,"32":0,"33":0,"34":0,"35":0,"36":0,"37":0,"38":0,"39":0,"40":0,"41":0,"42":0,"43":0,"44":0,"45":0,"46":0,"47":0,"48":0,"49":0,"50":0,"51":0,"52":0,"53":0,"54":0,"55":0,"56":0,"57":0,"58":0,"59":0,"60":0,"61":0,"62":0,"63":0,"64":0,"65":0,"66":0,"67":0,"68":0,"69":0,"70":0,"71":0,"72":0,"73":0,"74":0,"75":0,"76":0,"77":0,"78":0,"79":0,"80":0,"81":0,"82":0,"83":0,"84":0,"85":0,"86":0,"87":0,"88":0,"89":0,"90":0,"91":0,"92":0,"93":0,"94":0,"95":0,"96":0,"97":0,"98":4},"f":{"0":2,"1":0,"2":0,"3":2,"4":0,"5":0,"6":0,"7":0,"8":0,"9":0,"10":0,"11":0,"12":0,"13":0,"14":0,"15":0,"16":0,"17":0,"18":0,"19":0,"20":0,"21":0,"22":0,"23":0,"24":0,"25":0,"26":0,"27":0,"28":0,"29":0},"b":{"0":[0,0],"1":[0,0],"2":[0,0],"3":[0,0],"4":[0,0],"5":[0,0],"6":[0,0],"7":[0,0],"8":[0,0]},"_coverageSchema":"1a1c01bbd47fc00a2c39e90264f33305004495a9","hash":"8175068b07d380ae3ec16033b5df9f2c8dd4f68f"}
,"C:\\Users\\juzen\\GIT\\Study\\nutrition\\screens\\SignUpMethodScreen.js": {"path":"C:\\Users\\juzen\\GIT\\Study\\nutrition\\screens\\SignUpMethodScreen.js","statementMap":{"0":{"start":{"line":6,"column":23},"end":{"line":6,"column":47}},"1":{"start":{"line":8,"column":27},"end":{"line":115,"column":1}},"2":{"start":{"line":10,"column":17},"end":{"line":10,"column":52}},"3":{"start":{"line":11,"column":19},"end":{"line":11,"column":52}},"4":{"start":{"line":12,"column":23},"end":{"line":12,"column":60}},"5":{"start":{"line":13,"column":14},"end":{"line":13,"column":46}},"6":{"start":{"line":14,"column":17},"end":{"line":14,"column":52}},"7":{"start":{"line":15,"column":21},"end":{"line":15,"column":56}},"8":{"start":{"line":16,"column":21},"end":{"line":16,"column":60}},"9":{"start":{"line":18,"column":2},"end":{"line":114,"column":3}},"10":{"start":{"line":22,"column":39},"end":{"line":22,"column":79}},"11":{"start":{"line":37,"column":12},"end":{"line":45,"column":14}},"12":{"start":{"line":65,"column":12},"end":{"line":73,"column":14}},"13":{"start":{"line":91,"column":12},"end":{"line":99,"column":14}},"14":{"start":{"line":117,"column":0},"end":{"line":121,"column":1}},"15":{"start":{"line":118,"column":2},"end":{"line":120,"column":3}},"16":{"start":{"line":123,"column":15},"end":{"line":147,"column":2}}},"fnMap":{"0":{"name":"(anonymous_0)","decl":{"start":{"line":8,"column":27},"end":{"line":8,"column":28}},"loc":{"start":{"line":8,"column":38},"end":{"line":115,"column":1}},"line":8},"1":{"name":"(anonymous_1)","decl":{"start":{"line":22,"column":32},"end":{"line":22,"column":33}},"loc":{"start":{"line":22,"column":38},"end":{"line":22,"column":80}},"line":22},"2":{"name":"(anonymous_2)","decl":{"start":{"line":33,"column":19},"end":{"line":33,"column":20}},"loc":{"start":{"line":33,"column":31},"end":{"line":46,"column":11}},"line":33},"3":{"name":"(anonymous_3)","decl":{"start":{"line":61,"column":19},"end":{"line":61,"column":20}},"loc":{"start":{"line":61,"column":31},"end":{"line":74,"column":11}},"line":61},"4":{"name":"(anonymous_4)","decl":{"start":{"line":89,"column":19},"end":{"line":89,"column":20}},"loc":{"start":{"line":89,"column":25},"end":{"line":100,"column":11}},"line":89},"5":{"name":"(anonymous_5)","decl":{"start":{"line":117,"column":39},"end":{"line":117,"column":40}},"loc":{"start":{"line":117,"column":45},"end":{"line":121,"column":1}},"line":117}},"branchMap":{},"s":{"0":4,"1":4,"2":2,"3":2,"4":2,"5":2,"6":2,"7":2,"8":2,"9":2,"10":0,"11":0,"12":0,"13":0,"14":4,"15":0,"16":4},"f":{"0":2,"1":0,"2":0,"3":0,"4":0,"5":0},"b":{},"_coverageSchema":"1a1c01bbd47fc00a2c39e90264f33305004495a9","hash":"f44fbee00e1dcdbc041f37111a44d52457684f80"}
,"C:\\Users\\juzen\\GIT\\Study\\nutrition\\screens\\SignupScreen.js": {"path":"C:\\Users\\juzen\\GIT\\Study\\nutrition\\screens\\SignupScreen.js","statementMap":{"0":{"start":{"line":15,"column":23},"end":{"line":15,"column":47}},"1":{"start":{"line":17,"column":18},"end":{"line":17,"column":42}},"2":{"start":{"line":19,"column":17},"end":{"line":19,"column":64}},"3":{"start":{"line":21,"column":26},"end":{"line":21,"column":45}},"4":{"start":{"line":24,"column":20},"end":{"line":52,"column":1}},"5":{"start":{"line":26,"column":2},"end":{"line":50,"column":3}},"6":{"start":{"line":28,"column":26},"end":{"line":31,"column":5}},"7":{"start":{"line":33,"column":30},"end":{"line":36,"column":5}},"8":{"start":{"line":38,"column":29},"end":{"line":38,"column":33}},"9":{"start":{"line":40,"column":4},"end":{"line":43,"column":5}},"10":{"start":{"line":42,"column":6},"end":{"line":42,"column":72}},"11":{"start":{"line":45,"column":4},"end":{"line":49,"column":6}},"12":{"start":{"line":51,"column":2},"end":{"line":51,"column":15}},"13":{"start":{"line":54,"column":21},"end":{"line":316,"column":1}},"14":{"start":{"line":56,"column":17},"end":{"line":56,"column":52}},"15":{"start":{"line":57,"column":19},"end":{"line":57,"column":52}},"16":{"start":{"line":58,"column":23},"end":{"line":58,"column":60}},"17":{"start":{"line":59,"column":14},"end":{"line":59,"column":46}},"18":{"start":{"line":60,"column":17},"end":{"line":60,"column":52}},"19":{"start":{"line":61,"column":21},"end":{"line":61,"column":56}},"20":{"start":{"line":62,"column":21},"end":{"line":62,"column":60}},"21":{"start":{"line":65,"column":36},"end":{"line":65,"column":51}},"22":{"start":{"line":66,"column":28},"end":{"line":66,"column":38}},"23":{"start":{"line":68,"column":32},"end":{"line":68,"column":46}},"24":{"start":{"line":70,"column":36},"end":{"line":70,"column":51}},"25":{"start":{"line":72,"column":19},"end":{"line":72,"column":32}},"26":{"start":{"line":76,"column":41},"end":{"line":87,"column":3}},"27":{"start":{"line":91,"column":20},"end":{"line":125,"column":3}},"28":{"start":{"line":93,"column":5},"end":{"line":96,"column":6}},"29":{"start":{"line":94,"column":7},"end":{"line":94,"column":69}},"30":{"start":{"line":95,"column":7},"end":{"line":95,"column":14}},"31":{"start":{"line":98,"column":18},"end":{"line":109,"column":7}},"32":{"start":{"line":111,"column":4},"end":{"line":111,"column":18}},"33":{"start":{"line":113,"column":4},"end":{"line":113,"column":22}},"34":{"start":{"line":114,"column":4},"end":{"line":124,"column":4}},"35":{"start":{"line":116,"column":5},"end":{"line":116,"column":28}},"36":{"start":{"line":118,"column":5},"end":{"line":118,"column":38}},"37":{"start":{"line":121,"column":5},"end":{"line":121,"column":26}},"38":{"start":{"line":123,"column":5},"end":{"line":123,"column":24}},"39":{"start":{"line":128,"column":2},"end":{"line":132,"column":11}},"40":{"start":{"line":129,"column":2},"end":{"line":131,"column":3}},"41":{"start":{"line":130,"column":4},"end":{"line":130,"column":22}},"42":{"start":{"line":136,"column":27},"end":{"line":146,"column":1}},"43":{"start":{"line":138,"column":4},"end":{"line":143,"column":7}},"44":{"start":{"line":148,"column":2},"end":{"line":315,"column":3}},"45":{"start":{"line":166,"column":41},"end":{"line":166,"column":81}},"46":{"start":{"line":278,"column":44},"end":{"line":278,"column":66}},"47":{"start":{"line":318,"column":0},"end":{"line":322,"column":1}},"48":{"start":{"line":319,"column":2},"end":{"line":321,"column":3}},"49":{"start":{"line":324,"column":15},"end":{"line":414,"column":2}}},"fnMap":{"0":{"name":"(anonymous_0)","decl":{"start":{"line":24,"column":20},"end":{"line":24,"column":21}},"loc":{"start":{"line":24,"column":39},"end":{"line":52,"column":1}},"line":24},"1":{"name":"(anonymous_1)","decl":{"start":{"line":54,"column":21},"end":{"line":54,"column":22}},"loc":{"start":{"line":54,"column":32},"end":{"line":316,"column":1}},"line":54},"2":{"name":"(anonymous_2)","decl":{"start":{"line":91,"column":20},"end":{"line":91,"column":21}},"loc":{"start":{"line":91,"column":32},"end":{"line":125,"column":3}},"line":91},"3":{"name":"(anonymous_3)","decl":{"start":{"line":128,"column":12},"end":{"line":128,"column":13}},"loc":{"start":{"line":128,"column":18},"end":{"line":132,"column":1}},"line":128},"4":{"name":"(anonymous_4)","decl":{"start":{"line":137,"column":2},"end":{"line":137,"column":3}},"loc":{"start":{"line":137,"column":50},"end":{"line":144,"column":3}},"line":137},"5":{"name":"(anonymous_5)","decl":{"start":{"line":166,"column":34},"end":{"line":166,"column":35}},"loc":{"start":{"line":166,"column":40},"end":{"line":166,"column":82}},"line":166},"6":{"name":"(anonymous_6)","decl":{"start":{"line":278,"column":30},"end":{"line":278,"column":31}},"loc":{"start":{"line":278,"column":44},"end":{"line":278,"column":66}},"line":278},"7":{"name":"(anonymous_7)","decl":{"start":{"line":318,"column":33},"end":{"line":318,"column":34}},"loc":{"start":{"line":318,"column":39},"end":{"line":322,"column":1}},"line":318}},"branchMap":{"0":{"loc":{"start":{"line":19,"column":17},"end":{"line":19,"column":64}},"type":"cond-expr","locations":[{"start":{"line":19,"column":44},"end":{"line":19,"column":52}},{"start":{"line":19,"column":55},"end":{"line":19,"column":64}}],"line":19},"1":{"loc":{"start":{"line":26,"column":2},"end":{"line":50,"column":3}},"type":"if","locations":[{"start":{"line":26,"column":2},"end":{"line":50,"column":3}},{"start":{"line":26,"column":2},"end":{"line":50,"column":3}}],"line":26},"2":{"loc":{"start":{"line":42,"column":27},"end":{"line":42,"column":71}},"type":"binary-expr","locations":[{"start":{"line":42,"column":27},"end":{"line":42,"column":45}},{"start":{"line":42,"column":49},"end":{"line":42,"column":71}}],"line":42},"3":{"loc":{"start":{"line":93,"column":5},"end":{"line":96,"column":6}},"type":"if","locations":[{"start":{"line":93,"column":5},"end":{"line":96,"column":6}},{"start":{"line":93,"column":5},"end":{"line":96,"column":6}}],"line":93},"4":{"loc":{"start":{"line":129,"column":2},"end":{"line":131,"column":3}},"type":"if","locations":[{"start":{"line":129,"column":2},"end":{"line":131,"column":3}},{"start":{"line":129,"column":2},"end":{"line":131,"column":3}}],"line":129},"5":{"loc":{"start":{"line":286,"column":13},"end":{"line":300,"column":13}},"type":"cond-expr","locations":[{"start":{"line":287,"column":14},"end":{"line":291,"column":33}},{"start":{"line":294,"column":12},"end":{"line":299,"column":31}}],"line":286}},"s":{"0":4,"1":4,"2":4,"3":4,"4":4,"5":0,"6":0,"7":0,"8":0,"9":0,"10":0,"11":0,"12":0,"13":4,"14":2,"15":2,"16":2,"17":2,"18":2,"19":2,"20":2,"21":2,"22":2,"23":2,"24":2,"25":2,"26":2,"27":2,"28":0,"29":0,"30":0,"31":0,"32":0,"33":0,"34":0,"35":0,"36":0,"37":0,"38":0,"39":2,"40":0,"41":0,"42":2,"43":0,"44":2,"45":0,"46":0,"47":4,"48":0,"49":4},"f":{"0":0,"1":2,"2":0,"3":0,"4":0,"5":0,"6":0,"7":0},"b":{"0":[2,2],"1":[0,0],"2":[0,0],"3":[0,0],"4":[0,0],"5":[0,2]},"_coverageSchema":"1a1c01bbd47fc00a2c39e90264f33305004495a9","hash":"029272e12e866dc2a994766520be7a6e48ec8065"}
,"C:\\Users\\juzen\\GIT\\Study\\nutrition\\screens\\StartScreen.js": {"path":"C:\\Users\\juzen\\GIT\\Study\\nutrition\\screens\\StartScreen.js","statementMap":{"0":{"start":{"line":6,"column":23},"end":{"line":6,"column":47}},"1":{"start":{"line":8,"column":20},"end":{"line":8,"column":38}},"2":{"start":{"line":14,"column":20},"end":{"line":117,"column":1}},"3":{"start":{"line":16,"column":21},"end":{"line":16,"column":54}},"4":{"start":{"line":18,"column":2},"end":{"line":116,"column":3}},"5":{"start":{"line":98,"column":18},"end":{"line":98,"column":52}},"6":{"start":{"line":106,"column":18},"end":{"line":106,"column":53}},"7":{"start":{"line":120,"column":0},"end":{"line":125,"column":1}},"8":{"start":{"line":121,"column":2},"end":{"line":124,"column":3}},"9":{"start":{"line":127,"column":15},"end":{"line":175,"column":2}}},"fnMap":{"0":{"name":"(anonymous_0)","decl":{"start":{"line":14,"column":20},"end":{"line":14,"column":21}},"loc":{"start":{"line":14,"column":31},"end":{"line":117,"column":1}},"line":14},"1":{"name":"(anonymous_1)","decl":{"start":{"line":97,"column":25},"end":{"line":97,"column":26}},"loc":{"start":{"line":97,"column":31},"end":{"line":99,"column":17}},"line":97},"2":{"name":"(anonymous_2)","decl":{"start":{"line":105,"column":25},"end":{"line":105,"column":26}},"loc":{"start":{"line":105,"column":31},"end":{"line":107,"column":17}},"line":105},"3":{"name":"(anonymous_3)","decl":{"start":{"line":120,"column":32},"end":{"line":120,"column":33}},"loc":{"start":{"line":120,"column":38},"end":{"line":125,"column":1}},"line":120}},"branchMap":{},"s":{"0":4,"1":4,"2":4,"3":2,"4":2,"5":0,"6":0,"7":4,"8":0,"9":4},"f":{"0":2,"1":0,"2":0,"3":0},"b":{},"_coverageSchema":"1a1c01bbd47fc00a2c39e90264f33305004495a9","hash":"bc445c8049812d414a55884f195c4c3321d8cff6"}
,"C:\\Users\\juzen\\GIT\\Study\\nutrition\\screens\\StartUpScreen.js": {"path":"C:\\Users\\juzen\\GIT\\Study\\nutrition\\screens\\StartUpScreen.js","statementMap":{"0":{"start":{"line":15,"column":22},"end":{"line":40,"column":1}},"1":{"start":{"line":16,"column":19},"end":{"line":16,"column":32}},"2":{"start":{"line":18,"column":2},"end":{"line":33,"column":17}},"3":{"start":{"line":19,"column":21},"end":{"line":30,"column":5}},"4":{"start":{"line":20,"column":23},"end":{"line":20,"column":61}},"5":{"start":{"line":21,"column":6},"end":{"line":24,"column":7}},"6":{"start":{"line":22,"column":8},"end":{"line":22,"column":42}},"7":{"start":{"line":23,"column":8},"end":{"line":23,"column":15}},"8":{"start":{"line":25,"column":30},"end":{"line":25,"column":50}},"9":{"start":{"line":26,"column":32},"end":{"line":26,"column":47}},"10":{"start":{"line":28,"column":6},"end":{"line":28,"column":40}},"11":{"start":{"line":29,"column":6},"end":{"line":29,"column":44}},"12":{"start":{"line":32,"column":4},"end":{"line":32,"column":14}},"13":{"start":{"line":35,"column":2},"end":{"line":39,"column":4}},"14":{"start":{"line":42,"column":15},"end":{"line":48,"column":2}}},"fnMap":{"0":{"name":"(anonymous_0)","decl":{"start":{"line":15,"column":22},"end":{"line":15,"column":23}},"loc":{"start":{"line":15,"column":31},"end":{"line":40,"column":1}},"line":15},"1":{"name":"(anonymous_1)","decl":{"start":{"line":18,"column":12},"end":{"line":18,"column":13}},"loc":{"start":{"line":18,"column":18},"end":{"line":33,"column":3}},"line":18},"2":{"name":"(anonymous_2)","decl":{"start":{"line":19,"column":21},"end":{"line":19,"column":22}},"loc":{"start":{"line":19,"column":33},"end":{"line":30,"column":5}},"line":19}},"branchMap":{"0":{"loc":{"start":{"line":21,"column":6},"end":{"line":24,"column":7}},"type":"if","locations":[{"start":{"line":21,"column":6},"end":{"line":24,"column":7}},{"start":{"line":21,"column":6},"end":{"line":24,"column":7}}],"line":21}},"s":{"0":4,"1":4,"2":4,"3":0,"4":0,"5":0,"6":0,"7":0,"8":0,"9":0,"10":0,"11":0,"12":0,"13":4,"14":4},"f":{"0":4,"1":0,"2":0},"b":{"0":[0,0]},"_coverageSchema":"1a1c01bbd47fc00a2c39e90264f33305004495a9","hash":"95bcb348f251bae5dad53d15141b98aaa4683dd1"}
,"C:\\Users\\juzen\\GIT\\Study\\nutrition\\store\\actions\\auth.js": {"path":"C:\\Users\\juzen\\GIT\\Study\\nutrition\\store\\actions\\auth.js","statementMap":{"0":{"start":{"line":4,"column":13},"end":{"line":13,"column":1}},"1":{"start":{"line":14,"column":10},"end":{"line":14,"column":40}},"2":{"start":{"line":16,"column":22},"end":{"line":16,"column":30}},"3":{"start":{"line":17,"column":28},"end":{"line":17,"column":42}},"4":{"start":{"line":18,"column":30},"end":{"line":18,"column":46}},"5":{"start":{"line":22,"column":29},"end":{"line":44,"column":1}},"6":{"start":{"line":23,"column":4},"end":{"line":43,"column":3}},"7":{"start":{"line":25,"column":21},"end":{"line":25,"column":43}},"8":{"start":{"line":26,"column":20},"end":{"line":26,"column":41}},"9":{"start":{"line":28,"column":6},"end":{"line":42,"column":5}},"10":{"start":{"line":30,"column":23},"end":{"line":30,"column":111}},"11":{"start":{"line":31,"column":6},"end":{"line":34,"column":7}},"12":{"start":{"line":32,"column":8},"end":{"line":32,"column":30}},"13":{"start":{"line":33,"column":8},"end":{"line":33,"column":48}},"14":{"start":{"line":36,"column":22},"end":{"line":36,"column":43}},"15":{"start":{"line":38,"column":6},"end":{"line":38,"column":150}},"16":{"start":{"line":41,"column":6},"end":{"line":41,"column":16}},"17":{"start":{"line":46,"column":30},"end":{"line":78,"column":1}},"18":{"start":{"line":47,"column":2},"end":{"line":77,"column":3}},"19":{"start":{"line":49,"column":17},"end":{"line":49,"column":50}},"20":{"start":{"line":50,"column":19},"end":{"line":50,"column":27}},"21":{"start":{"line":51,"column":18},"end":{"line":51,"column":41}},"22":{"start":{"line":52,"column":4},"end":{"line":74,"column":3}},"23":{"start":{"line":54,"column":23},"end":{"line":64,"column":8}},"24":{"start":{"line":66,"column":4},"end":{"line":68,"column":5}},"25":{"start":{"line":67,"column":6},"end":{"line":67,"column":45}},"26":{"start":{"line":70,"column":20},"end":{"line":70,"column":41}},"27":{"start":{"line":73,"column":4},"end":{"line":73,"column":14}},"28":{"start":{"line":76,"column":4},"end":{"line":76,"column":124}},"29":{"start":{"line":80,"column":28},"end":{"line":85,"column":1}},"30":{"start":{"line":81,"column":2},"end":{"line":84,"column":3}},"31":{"start":{"line":83,"column":4},"end":{"line":83,"column":66}},"32":{"start":{"line":87,"column":27},"end":{"line":91,"column":1}},"33":{"start":{"line":88,"column":2},"end":{"line":90,"column":3}},"34":{"start":{"line":89,"column":4},"end":{"line":89,"column":56}},"35":{"start":{"line":93,"column":22},"end":{"line":128,"column":1}},"36":{"start":{"line":94,"column":2},"end":{"line":127,"column":3}},"37":{"start":{"line":95,"column":21},"end":{"line":95,"column":90}},"38":{"start":{"line":96,"column":17},"end":{"line":96,"column":50}},"39":{"start":{"line":98,"column":20},"end":{"line":98,"column":43}},"40":{"start":{"line":100,"column":23},"end":{"line":102,"column":6}},"41":{"start":{"line":104,"column":18},"end":{"line":104,"column":20}},"42":{"start":{"line":106,"column":19},"end":{"line":114,"column":5}},"43":{"start":{"line":115,"column":4},"end":{"line":115,"column":42}},"44":{"start":{"line":116,"column":4},"end":{"line":116,"column":51}},"45":{"start":{"line":124,"column":4},"end":{"line":124,"column":45}},"46":{"start":{"line":125,"column":4},"end":{"line":125,"column":102}},"47":{"start":{"line":126,"column":4},"end":{"line":126,"column":46}},"48":{"start":{"line":130,"column":21},"end":{"line":140,"column":1}},"49":{"start":{"line":131,"column":2},"end":{"line":139,"column":3}},"50":{"start":{"line":132,"column":21},"end":{"line":132,"column":86}},"51":{"start":{"line":134,"column":17},"end":{"line":134,"column":50}},"52":{"start":{"line":135,"column":20},"end":{"line":135,"column":43}},"53":{"start":{"line":137,"column":4},"end":{"line":137,"column":45}},"54":{"start":{"line":138,"column":4},"end":{"line":138,"column":58}},"55":{"start":{"line":142,"column":22},"end":{"line":146,"column":1}},"56":{"start":{"line":144,"column":2},"end":{"line":144,"column":37}},"57":{"start":{"line":145,"column":2},"end":{"line":145,"column":25}},"58":{"start":{"line":148,"column":26},"end":{"line":154,"column":1}},"59":{"start":{"line":149,"column":2},"end":{"line":153,"column":5}}},"fnMap":{"0":{"name":"(anonymous_0)","decl":{"start":{"line":22,"column":29},"end":{"line":22,"column":30}},"loc":{"start":{"line":22,"column":35},"end":{"line":44,"column":1}},"line":22},"1":{"name":"(anonymous_1)","decl":{"start":{"line":23,"column":11},"end":{"line":23,"column":12}},"loc":{"start":{"line":23,"column":41},"end":{"line":43,"column":3}},"line":23},"2":{"name":"(anonymous_2)","decl":{"start":{"line":46,"column":30},"end":{"line":46,"column":31}},"loc":{"start":{"line":46,"column":77},"end":{"line":78,"column":1}},"line":46},"3":{"name":"(anonymous_3)","decl":{"start":{"line":47,"column":9},"end":{"line":47,"column":10}},"loc":{"start":{"line":47,"column":39},"end":{"line":77,"column":3}},"line":47},"4":{"name":"(anonymous_4)","decl":{"start":{"line":80,"column":28},"end":{"line":80,"column":29}},"loc":{"start":{"line":80,"column":47},"end":{"line":85,"column":1}},"line":80},"5":{"name":"(anonymous_5)","decl":{"start":{"line":81,"column":9},"end":{"line":81,"column":10}},"loc":{"start":{"line":81,"column":21},"end":{"line":84,"column":3}},"line":81},"6":{"name":"(anonymous_6)","decl":{"start":{"line":87,"column":27},"end":{"line":87,"column":28}},"loc":{"start":{"line":87,"column":41},"end":{"line":91,"column":1}},"line":87},"7":{"name":"(anonymous_7)","decl":{"start":{"line":88,"column":9},"end":{"line":88,"column":10}},"loc":{"start":{"line":88,"column":21},"end":{"line":90,"column":3}},"line":88},"8":{"name":"(anonymous_8)","decl":{"start":{"line":93,"column":22},"end":{"line":93,"column":23}},"loc":{"start":{"line":93,"column":118},"end":{"line":128,"column":1}},"line":93},"9":{"name":"(anonymous_9)","decl":{"start":{"line":94,"column":9},"end":{"line":94,"column":10}},"loc":{"start":{"line":94,"column":27},"end":{"line":127,"column":3}},"line":94},"10":{"name":"(anonymous_10)","decl":{"start":{"line":130,"column":21},"end":{"line":130,"column":22}},"loc":{"start":{"line":130,"column":42},"end":{"line":140,"column":1}},"line":130},"11":{"name":"(anonymous_11)","decl":{"start":{"line":131,"column":9},"end":{"line":131,"column":10}},"loc":{"start":{"line":131,"column":27},"end":{"line":139,"column":3}},"line":131},"12":{"name":"(anonymous_12)","decl":{"start":{"line":142,"column":22},"end":{"line":142,"column":23}},"loc":{"start":{"line":142,"column":28},"end":{"line":146,"column":1}},"line":142},"13":{"name":"(anonymous_13)","decl":{"start":{"line":148,"column":26},"end":{"line":148,"column":27}},"loc":{"start":{"line":148,"column":58},"end":{"line":154,"column":1}},"line":148}},"branchMap":{"0":{"loc":{"start":{"line":31,"column":6},"end":{"line":34,"column":7}},"type":"if","locations":[{"start":{"line":31,"column":6},"end":{"line":34,"column":7}},{"start":{"line":31,"column":6},"end":{"line":34,"column":7}}],"line":31},"1":{"loc":{"start":{"line":66,"column":4},"end":{"line":68,"column":5}},"type":"if","locations":[{"start":{"line":66,"column":4},"end":{"line":68,"column":5}},{"start":{"line":66,"column":4},"end":{"line":68,"column":5}}],"line":66}},"s":{"0":12,"1":12,"2":12,"3":12,"4":12,"5":12,"6":0,"7":0,"8":0,"9":0,"10":0,"11":0,"12":0,"13":0,"14":0,"15":0,"16":0,"17":12,"18":0,"19":0,"20":0,"21":0,"22":0,"23":0,"24":0,"25":0,"26":0,"27":0,"28":0,"29":12,"30":0,"31":0,"32":12,"33":0,"34":0,"35":12,"36":0,"37":0,"38":0,"39":0,"40":0,"41":0,"42":0,"43":0,"44":0,"45":0,"46":0,"47":0,"48":12,"49":0,"50":0,"51":0,"52":0,"53":0,"54":0,"55":12,"56":0,"57":0,"58":12,"59":0},"f":{"0":0,"1":0,"2":0,"3":0,"4":0,"5":0,"6":0,"7":0,"8":0,"9":0,"10":0,"11":0,"12":0,"13":0},"b":{"0":[0,0],"1":[0,0]},"_coverageSchema":"1a1c01bbd47fc00a2c39e90264f33305004495a9","hash":"7cc643e12deba3c4601d6bd01cec91f1b45a8599"}
,"C:\\Users\\juzen\\GIT\\Study\\nutrition\\store\\actions\\nutrition.js": {"path":"C:\\Users\\juzen\\GIT\\Study\\nutrition\\store\\actions\\nutrition.js","statementMap":{"0":{"start":{"line":4,"column":24},"end":{"line":4,"column":34}},"1":{"start":{"line":5,"column":28},"end":{"line":5,"column":42}},"2":{"start":{"line":6,"column":30},"end":{"line":6,"column":46}},"3":{"start":{"line":7,"column":31},"end":{"line":7,"column":48}},"4":{"start":{"line":9,"column":32},"end":{"line":61,"column":1}},"5":{"start":{"line":10,"column":2},"end":{"line":60,"column":3}},"6":{"start":{"line":11,"column":19},"end":{"line":11,"column":41}},"7":{"start":{"line":12,"column":18},"end":{"line":12,"column":39}},"8":{"start":{"line":13,"column":4},"end":{"line":59,"column":5}},"9":{"start":{"line":14,"column":27},"end":{"line":14,"column":115}},"10":{"start":{"line":15,"column":23},"end":{"line":15,"column":101}},"11":{"start":{"line":17,"column":6},"end":{"line":19,"column":7}},"12":{"start":{"line":18,"column":8},"end":{"line":18,"column":48}},"13":{"start":{"line":20,"column":6},"end":{"line":22,"column":7}},"14":{"start":{"line":21,"column":8},"end":{"line":21,"column":48}},"15":{"start":{"line":24,"column":23},"end":{"line":24,"column":48}},"16":{"start":{"line":25,"column":22},"end":{"line":25,"column":43}},"17":{"start":{"line":27,"column":25},"end":{"line":27,"column":30}},"18":{"start":{"line":28,"column":18},"end":{"line":28,"column":23}},"19":{"start":{"line":29,"column":17},"end":{"line":29,"column":22}},"20":{"start":{"line":31,"column":6},"end":{"line":33,"column":7}},"21":{"start":{"line":32,"column":8},"end":{"line":32,"column":27}},"22":{"start":{"line":34,"column":6},"end":{"line":36,"column":7}},"23":{"start":{"line":35,"column":8},"end":{"line":35,"column":20}},"24":{"start":{"line":37,"column":6},"end":{"line":39,"column":7}},"25":{"start":{"line":38,"column":8},"end":{"line":38,"column":19}},"26":{"start":{"line":41,"column":34},"end":{"line":41,"column":36}},"27":{"start":{"line":43,"column":6},"end":{"line":53,"column":7}},"28":{"start":{"line":44,"column":8},"end":{"line":46,"column":9}},"29":{"start":{"line":45,"column":10},"end":{"line":45,"column":48}},"30":{"start":{"line":47,"column":8},"end":{"line":49,"column":9}},"31":{"start":{"line":48,"column":10},"end":{"line":48,"column":48}},"32":{"start":{"line":50,"column":8},"end":{"line":52,"column":9}},"33":{"start":{"line":51,"column":10},"end":{"line":51,"column":48}},"34":{"start":{"line":55,"column":6},"end":{"line":55,"column":75}},"35":{"start":{"line":58,"column":6},"end":{"line":58,"column":38}},"36":{"start":{"line":63,"column":30},"end":{"line":67,"column":1}},"37":{"start":{"line":64,"column":2},"end":{"line":66,"column":3}},"38":{"start":{"line":69,"column":35},"end":{"line":73,"column":1}},"39":{"start":{"line":70,"column":2},"end":{"line":72,"column":3}},"40":{"start":{"line":75,"column":23},"end":{"line":79,"column":1}},"41":{"start":{"line":76,"column":2},"end":{"line":78,"column":3}}},"fnMap":{"0":{"name":"(anonymous_0)","decl":{"start":{"line":9,"column":32},"end":{"line":9,"column":33}},"loc":{"start":{"line":9,"column":38},"end":{"line":61,"column":1}},"line":9},"1":{"name":"(anonymous_1)","decl":{"start":{"line":10,"column":9},"end":{"line":10,"column":10}},"loc":{"start":{"line":10,"column":38},"end":{"line":60,"column":3}},"line":10},"2":{"name":"(anonymous_2)","decl":{"start":{"line":63,"column":30},"end":{"line":63,"column":31}},"loc":{"start":{"line":63,"column":36},"end":{"line":67,"column":1}},"line":63},"3":{"name":"(anonymous_3)","decl":{"start":{"line":64,"column":9},"end":{"line":64,"column":10}},"loc":{"start":{"line":64,"column":38},"end":{"line":66,"column":3}},"line":64},"4":{"name":"(anonymous_4)","decl":{"start":{"line":69,"column":35},"end":{"line":69,"column":36}},"loc":{"start":{"line":69,"column":41},"end":{"line":73,"column":1}},"line":69},"5":{"name":"(anonymous_5)","decl":{"start":{"line":70,"column":9},"end":{"line":70,"column":10}},"loc":{"start":{"line":70,"column":38},"end":{"line":72,"column":3}},"line":70},"6":{"name":"(anonymous_6)","decl":{"start":{"line":75,"column":23},"end":{"line":75,"column":24}},"loc":{"start":{"line":75,"column":29},"end":{"line":79,"column":1}},"line":75},"7":{"name":"(anonymous_7)","decl":{"start":{"line":76,"column":9},"end":{"line":76,"column":10}},"loc":{"start":{"line":76,"column":38},"end":{"line":78,"column":3}},"line":76}},"branchMap":{"0":{"loc":{"start":{"line":17,"column":6},"end":{"line":19,"column":7}},"type":"if","locations":[{"start":{"line":17,"column":6},"end":{"line":19,"column":7}},{"start":{"line":17,"column":6},"end":{"line":19,"column":7}}],"line":17},"1":{"loc":{"start":{"line":20,"column":6},"end":{"line":22,"column":7}},"type":"if","locations":[{"start":{"line":20,"column":6},"end":{"line":22,"column":7}},{"start":{"line":20,"column":6},"end":{"line":22,"column":7}}],"line":20},"2":{"loc":{"start":{"line":31,"column":6},"end":{"line":33,"column":7}},"type":"if","locations":[{"start":{"line":31,"column":6},"end":{"line":33,"column":7}},{"start":{"line":31,"column":6},"end":{"line":33,"column":7}}],"line":31},"3":{"loc":{"start":{"line":34,"column":6},"end":{"line":36,"column":7}},"type":"if","locations":[{"start":{"line":34,"column":6},"end":{"line":36,"column":7}},{"start":{"line":34,"column":6},"end":{"line":36,"column":7}}],"line":34},"4":{"loc":{"start":{"line":37,"column":6},"end":{"line":39,"column":7}},"type":"if","locations":[{"start":{"line":37,"column":6},"end":{"line":39,"column":7}},{"start":{"line":37,"column":6},"end":{"line":39,"column":7}}],"line":37},"5":{"loc":{"start":{"line":44,"column":8},"end":{"line":46,"column":9}},"type":"if","locations":[{"start":{"line":44,"column":8},"end":{"line":46,"column":9}},{"start":{"line":44,"column":8},"end":{"line":46,"column":9}}],"line":44},"6":{"loc":{"start":{"line":44,"column":11},"end":{"line":44,"column":52}},"type":"binary-expr","locations":[{"start":{"line":44,"column":11},"end":{"line":44,"column":23}},{"start":{"line":44,"column":27},"end":{"line":44,"column":52}}],"line":44},"7":{"loc":{"start":{"line":47,"column":8},"end":{"line":49,"column":9}},"type":"if","locations":[{"start":{"line":47,"column":8},"end":{"line":49,"column":9}},{"start":{"line":47,"column":8},"end":{"line":49,"column":9}}],"line":47},"8":{"loc":{"start":{"line":47,"column":11},"end":{"line":47,"column":38}},"type":"binary-expr","locations":[{"start":{"line":47,"column":11},"end":{"line":47,"column":16}},{"start":{"line":47,"column":20},"end":{"line":47,"column":38}}],"line":47},"9":{"loc":{"start":{"line":50,"column":8},"end":{"line":52,"column":9}},"type":"if","locations":[{"start":{"line":50,"column":8},"end":{"line":52,"column":9}},{"start":{"line":50,"column":8},"end":{"line":52,"column":9}}],"line":50},"10":{"loc":{"start":{"line":50,"column":11},"end":{"line":50,"column":36}},"type":"binary-expr","locations":[{"start":{"line":50,"column":11},"end":{"line":50,"column":15}},{"start":{"line":50,"column":19},"end":{"line":50,"column":36}}],"line":50}},"s":{"0":8,"1":8,"2":8,"3":8,"4":8,"5":0,"6":0,"7":0,"8":0,"9":0,"10":0,"11":0,"12":0,"13":0,"14":0,"15":0,"16":0,"17":0,"18":0,"19":0,"20":0,"21":0,"22":0,"23":0,"24":0,"25":0,"26":0,"27":0,"28":0,"29":0,"30":0,"31":0,"32":0,"33":0,"34":0,"35":0,"36":8,"37":0,"38":8,"39":0,"40":8,"41":0},"f":{"0":0,"1":0,"2":0,"3":0,"4":0,"5":0,"6":0,"7":0},"b":{"0":[0,0],"1":[0,0],"2":[0,0],"3":[0,0],"4":[0,0],"5":[0,0],"6":[0,0],"7":[0,0],"8":[0,0],"9":[0,0],"10":[0,0]},"_coverageSchema":"1a1c01bbd47fc00a2c39e90264f33305004495a9","hash":"e5167237fe2ecb0c60622535989ee3e2589446d4"}
}
