{"C:\\Users\\juzen\\GIT\\Study\\nutrition\\assets\\breakfast.png": {"path":"C:\\Users\\juzen\\GIT\\Study\\nutrition\\assets\\breakfast.png","statementMap":{"0":{"start":{"line":1,"column":0},"end":{"line":1,"column":19}}},"fnMap":{},"branchMap":{},"s":{"0":4},"f":{},"b":{},"inputSourceMap":null,"_coverageSchema":"1a1c01bbd47fc00a2c39e90264f33305004495a9","hash":"ef00a40c817cc8d3189dbb414cef5109478d7658"}
,"C:\\Users\\juzen\\GIT\\Study\\nutrition\\assets\\fast-food.png": {"path":"C:\\Users\\juzen\\GIT\\Study\\nutrition\\assets\\fast-food.png","statementMap":{"0":{"start":{"line":1,"column":0},"end":{"line":1,"column":19}}},"fnMap":{},"branchMap":{},"s":{"0":4},"f":{},"b":{},"inputSourceMap":null,"_coverageSchema":"1a1c01bbd47fc00a2c39e90264f33305004495a9","hash":"e8827a05b87da6cbed8531e6164c08a41b3ea23b"}
,"C:\\Users\\juzen\\GIT\\Study\\nutrition\\assets\\lunchbox.png": {"path":"C:\\Users\\juzen\\GIT\\Study\\nutrition\\assets\\lunchbox.png","statementMap":{"0":{"start":{"line":1,"column":0},"end":{"line":1,"column":19}}},"fnMap":{},"branchMap":{},"s":{"0":4},"f":{},"b":{},"inputSourceMap":null,"_coverageSchema":"1a1c01bbd47fc00a2c39e90264f33305004495a9","hash":"db45d78e7b1213789623f5300c3ef261b613be23"}
,"C:\\Users\\juzen\\GIT\\Study\\nutrition\\assets\\snacks.png": {"path":"C:\\Users\\juzen\\GIT\\Study\\nutrition\\assets\\snacks.png","statementMap":{"0":{"start":{"line":1,"column":0},"end":{"line":1,"column":19}}},"fnMap":{},"branchMap":{},"s":{"0":4},"f":{},"b":{},"inputSourceMap":null,"_coverageSchema":"1a1c01bbd47fc00a2c39e90264f33305004495a9","hash":"29fb1571ad5c1f03f4e7ea528874bc37acaa0899"}
,"C:\\Users\\juzen\\GIT\\Study\\nutrition\\assets\\startimg.jpg": {"path":"C:\\Users\\juzen\\GIT\\Study\\nutrition\\assets\\startimg.jpg","statementMap":{"0":{"start":{"line":1,"column":0},"end":{"line":1,"column":19}}},"fnMap":{},"branchMap":{},"s":{"0":2},"f":{},"b":{},"inputSourceMap":null,"_coverageSchema":"1a1c01bbd47fc00a2c39e90264f33305004495a9","hash":"26bc98331168d1d1a73adab66efdcc896b501511"}
,"C:\\Users\\juzen\\GIT\\Study\\nutrition\\components\\AddButton.js": {"path":"C:\\Users\\juzen\\GIT\\Study\\nutrition\\components\\AddButton.js","statementMap":{"0":{"start":{"line":8,"column":23},"end":{"line":8,"column":47}},"1":{"start":{"line":10,"column":18},"end":{"line":10,"column":52}},"2":{"start":{"line":11,"column":14},"end":{"line":11,"column":47}},"3":{"start":{"line":12,"column":15},"end":{"line":12,"column":49}},"4":{"start":{"line":13,"column":15},"end":{"line":13,"column":46}},"5":{"start":{"line":16,"column":9},"end":{"line":16,"column":30}},"6":{"start":{"line":18,"column":4},"end":{"line":18,"column":17}},"7":{"start":{"line":19,"column":6},"end":{"line":21,"column":8}},"8":{"start":{"line":24,"column":16},"end":{"line":35,"column":3}},"9":{"start":{"line":26,"column":21},"end":{"line":26,"column":55}},"10":{"start":{"line":27,"column":4},"end":{"line":27,"column":33}},"11":{"start":{"line":28,"column":4},"end":{"line":34,"column":15}},"12":{"start":{"line":39,"column":21},"end":{"line":42,"column":6}},"13":{"start":{"line":44,"column":19},"end":{"line":47,"column":6}},"14":{"start":{"line":49,"column":23},"end":{"line":52,"column":6}},"15":{"start":{"line":54,"column":23},"end":{"line":57,"column":7}},"16":{"start":{"line":59,"column":25},"end":{"line":62,"column":7}},"17":{"start":{"line":64,"column":4},"end":{"line":134,"column":5}},"18":{"start":{"line":72,"column":16},"end":{"line":72,"column":34}},"19":{"start":{"line":73,"column":16},"end":{"line":75,"column":18}},"20":{"start":{"line":84,"column":16},"end":{"line":84,"column":34}},"21":{"start":{"line":85,"column":16},"end":{"line":87,"column":18}},"22":{"start":{"line":98,"column":16},"end":{"line":98,"column":34}},"23":{"start":{"line":99,"column":16},"end":{"line":101,"column":18}},"24":{"start":{"line":110,"column":17},"end":{"line":110,"column":35}},"25":{"start":{"line":111,"column":17},"end":{"line":113,"column":19}},"26":{"start":{"line":138,"column":15},"end":{"line":177,"column":2}}},"fnMap":{"0":{"name":"(anonymous_0)","decl":{"start":{"line":17,"column":2},"end":{"line":17,"column":3}},"loc":{"start":{"line":17,"column":21},"end":{"line":22,"column":3}},"line":17},"1":{"name":"(anonymous_1)","decl":{"start":{"line":24,"column":16},"end":{"line":24,"column":17}},"loc":{"start":{"line":24,"column":22},"end":{"line":35,"column":3}},"line":24},"2":{"name":"(anonymous_2)","decl":{"start":{"line":37,"column":2},"end":{"line":37,"column":3}},"loc":{"start":{"line":37,"column":10},"end":{"line":135,"column":3}},"line":37},"3":{"name":"(anonymous_3)","decl":{"start":{"line":71,"column":41},"end":{"line":71,"column":42}},"loc":{"start":{"line":71,"column":47},"end":{"line":76,"column":15}},"line":71},"4":{"name":"(anonymous_4)","decl":{"start":{"line":83,"column":41},"end":{"line":83,"column":42}},"loc":{"start":{"line":83,"column":47},"end":{"line":88,"column":15}},"line":83},"5":{"name":"(anonymous_5)","decl":{"start":{"line":97,"column":41},"end":{"line":97,"column":42}},"loc":{"start":{"line":97,"column":47},"end":{"line":102,"column":15}},"line":97},"6":{"name":"(anonymous_6)","decl":{"start":{"line":109,"column":42},"end":{"line":109,"column":43}},"loc":{"start":{"line":109,"column":48},"end":{"line":114,"column":16}},"line":109}},"branchMap":{"0":{"loc":{"start":{"line":30,"column":21},"end":{"line":30,"column":51}},"type":"cond-expr","locations":[{"start":{"line":30,"column":46},"end":{"line":30,"column":47}},{"start":{"line":30,"column":50},"end":{"line":30,"column":51}}],"line":30}},"s":{"0":4,"1":4,"2":4,"3":4,"4":4,"5":2,"6":2,"7":2,"8":2,"9":0,"10":0,"11":0,"12":2,"13":2,"14":2,"15":2,"16":2,"17":2,"18":0,"19":0,"20":0,"21":0,"22":0,"23":0,"24":0,"25":0,"26":4},"f":{"0":2,"1":0,"2":2,"3":0,"4":0,"5":0,"6":0},"b":{"0":[0,0]},"_coverageSchema":"1a1c01bbd47fc00a2c39e90264f33305004495a9","hash":"fa255f1ea015b76ff74af501a6b106af297c401c"}
,"C:\\Users\\juzen\\GIT\\Study\\nutrition\\components\\IngredientItem.js": {"path":"C:\\Users\\juzen\\GIT\\Study\\nutrition\\components\\IngredientItem.js","statementMap":{"0":{"start":{"line":7,"column":23},"end":{"line":7,"column":47}},"1":{"start":{"line":9,"column":23},"end":{"line":49,"column":1}},"2":{"start":{"line":10,"column":27},"end":{"line":10,"column":80}},"3":{"start":{"line":10,"column":48},"end":{"line":10,"column":79}},"4":{"start":{"line":11,"column":28},"end":{"line":11,"column":43}},"5":{"start":{"line":13,"column":2},"end":{"line":21,"column":23}},"6":{"start":{"line":14,"column":28},"end":{"line":14,"column":90}},"7":{"start":{"line":14,"column":64},"end":{"line":14,"column":89}},"8":{"start":{"line":15,"column":4},"end":{"line":20,"column":5}},"9":{"start":{"line":16,"column":6},"end":{"line":16,"column":20}},"10":{"start":{"line":19,"column":6},"end":{"line":19,"column":21}},"11":{"start":{"line":22,"column":2},"end":{"line":48,"column":3}},"12":{"start":{"line":51,"column":15},"end":{"line":95,"column":2}}},"fnMap":{"0":{"name":"(anonymous_0)","decl":{"start":{"line":9,"column":23},"end":{"line":9,"column":24}},"loc":{"start":{"line":9,"column":34},"end":{"line":49,"column":1}},"line":9},"1":{"name":"(anonymous_1)","decl":{"start":{"line":10,"column":39},"end":{"line":10,"column":40}},"loc":{"start":{"line":10,"column":48},"end":{"line":10,"column":79}},"line":10},"2":{"name":"(anonymous_2)","decl":{"start":{"line":13,"column":12},"end":{"line":13,"column":13}},"loc":{"start":{"line":13,"column":18},"end":{"line":21,"column":3}},"line":13},"3":{"name":"(anonymous_3)","decl":{"start":{"line":14,"column":50},"end":{"line":14,"column":51}},"loc":{"start":{"line":14,"column":64},"end":{"line":14,"column":89}},"line":14},"4":{"name":"(anonymous_4)","decl":{"start":{"line":34,"column":25},"end":{"line":34,"column":26}},"loc":{"start":{"line":34,"column":31},"end":{"line":34,"column":33}},"line":34}},"branchMap":{"0":{"loc":{"start":{"line":15,"column":4},"end":{"line":20,"column":5}},"type":"if","locations":[{"start":{"line":15,"column":4},"end":{"line":20,"column":5}},{"start":{"line":15,"column":4},"end":{"line":20,"column":5}}],"line":15},"1":{"loc":{"start":{"line":32,"column":13},"end":{"line":44,"column":13}},"type":"cond-expr","locations":[{"start":{"line":33,"column":14},"end":{"line":37,"column":33}},{"start":{"line":39,"column":14},"end":{"line":43,"column":33}}],"line":32}},"s":{"0":4,"1":4,"2":2,"3":0,"4":0,"5":0,"6":0,"7":0,"8":0,"9":0,"10":0,"11":0,"12":4},"f":{"0":2,"1":0,"2":0,"3":0,"4":0},"b":{"0":[0,0],"1":[0,0]},"_coverageSchema":"1a1c01bbd47fc00a2c39e90264f33305004495a9","hash":"647d1a6615d017ba4411bb3577e39378268d1216"}
,"C:\\Users\\juzen\\GIT\\Study\\nutrition\\components\\Input.js": {"path":"C:\\Users\\juzen\\GIT\\Study\\nutrition\\components\\Input.js","statementMap":{"0":{"start":{"line":5,"column":21},"end":{"line":5,"column":35}},"1":{"start":{"line":6,"column":19},"end":{"line":6,"column":31}},"2":{"start":{"line":10,"column":21},"end":{"line":29,"column":1}},"3":{"start":{"line":11,"column":2},"end":{"line":28,"column":3}},"4":{"start":{"line":16,"column":6},"end":{"line":20,"column":8}},"5":{"start":{"line":22,"column":6},"end":{"line":25,"column":8}},"6":{"start":{"line":27,"column":6},"end":{"line":27,"column":19}},"7":{"start":{"line":33,"column":14},"end":{"line":105,"column":1}},"8":{"start":{"line":38,"column":33},"end":{"line":42,"column":4}},"9":{"start":{"line":46,"column":32},"end":{"line":46,"column":37}},"10":{"start":{"line":51,"column":2},"end":{"line":56,"column":38}},"11":{"start":{"line":52,"column":4},"end":{"line":54,"column":5}},"12":{"start":{"line":53,"column":6},"end":{"line":53,"column":62}},"13":{"start":{"line":59,"column":28},"end":{"line":80,"column":3}},"14":{"start":{"line":61,"column":23},"end":{"line":61,"column":176}},"15":{"start":{"line":62,"column":18},"end":{"line":62,"column":22}},"16":{"start":{"line":63,"column":4},"end":{"line":65,"column":5}},"17":{"start":{"line":64,"column":6},"end":{"line":64,"column":22}},"18":{"start":{"line":66,"column":4},"end":{"line":68,"column":5}},"19":{"start":{"line":67,"column":6},"end":{"line":67,"column":22}},"20":{"start":{"line":69,"column":4},"end":{"line":71,"column":5}},"21":{"start":{"line":70,"column":6},"end":{"line":70,"column":22}},"22":{"start":{"line":72,"column":4},"end":{"line":74,"column":5}},"23":{"start":{"line":73,"column":6},"end":{"line":73,"column":22}},"24":{"start":{"line":75,"column":4},"end":{"line":77,"column":5}},"25":{"start":{"line":76,"column":6},"end":{"line":76,"column":22}},"26":{"start":{"line":79,"column":4},"end":{"line":79,"column":68}},"27":{"start":{"line":83,"column":27},"end":{"line":85,"column":3}},"28":{"start":{"line":84,"column":4},"end":{"line":84,"column":35}},"29":{"start":{"line":87,"column":2},"end":{"line":104,"column":4}},"30":{"start":{"line":107,"column":15},"end":{"line":127,"column":2}}},"fnMap":{"0":{"name":"(anonymous_0)","decl":{"start":{"line":10,"column":21},"end":{"line":10,"column":22}},"loc":{"start":{"line":10,"column":40},"end":{"line":29,"column":1}},"line":10},"1":{"name":"(anonymous_1)","decl":{"start":{"line":33,"column":14},"end":{"line":33,"column":15}},"loc":{"start":{"line":33,"column":23},"end":{"line":105,"column":1}},"line":33},"2":{"name":"(anonymous_2)","decl":{"start":{"line":51,"column":12},"end":{"line":51,"column":13}},"loc":{"start":{"line":51,"column":18},"end":{"line":56,"column":3}},"line":51},"3":{"name":"(anonymous_3)","decl":{"start":{"line":59,"column":28},"end":{"line":59,"column":29}},"loc":{"start":{"line":59,"column":36},"end":{"line":80,"column":3}},"line":59},"4":{"name":"(anonymous_4)","decl":{"start":{"line":83,"column":27},"end":{"line":83,"column":28}},"loc":{"start":{"line":83,"column":33},"end":{"line":85,"column":3}},"line":83}},"branchMap":{"0":{"loc":{"start":{"line":11,"column":2},"end":{"line":28,"column":3}},"type":"switch","locations":[{"start":{"line":14,"column":4},"end":{"line":20,"column":8}},{"start":{"line":21,"column":4},"end":{"line":25,"column":8}},{"start":{"line":26,"column":4},"end":{"line":27,"column":19}}],"line":11},"1":{"loc":{"start":{"line":39,"column":11},"end":{"line":39,"column":55}},"type":"cond-expr","locations":[{"start":{"line":39,"column":32},"end":{"line":39,"column":50}},{"start":{"line":39,"column":53},"end":{"line":39,"column":55}}],"line":39},"2":{"loc":{"start":{"line":52,"column":4},"end":{"line":54,"column":5}},"type":"if","locations":[{"start":{"line":52,"column":4},"end":{"line":54,"column":5}},{"start":{"line":52,"column":4},"end":{"line":54,"column":5}}],"line":52},"3":{"loc":{"start":{"line":63,"column":4},"end":{"line":65,"column":5}},"type":"if","locations":[{"start":{"line":63,"column":4},"end":{"line":65,"column":5}},{"start":{"line":63,"column":4},"end":{"line":65,"column":5}}],"line":63},"4":{"loc":{"start":{"line":63,"column":8},"end":{"line":63,"column":50}},"type":"binary-expr","locations":[{"start":{"line":63,"column":8},"end":{"line":63,"column":22}},{"start":{"line":63,"column":26},"end":{"line":63,"column":50}}],"line":63},"5":{"loc":{"start":{"line":66,"column":4},"end":{"line":68,"column":5}},"type":"if","locations":[{"start":{"line":66,"column":4},"end":{"line":68,"column":5}},{"start":{"line":66,"column":4},"end":{"line":68,"column":5}}],"line":66},"6":{"loc":{"start":{"line":66,"column":8},"end":{"line":66,"column":59}},"type":"binary-expr","locations":[{"start":{"line":66,"column":8},"end":{"line":66,"column":19}},{"start":{"line":66,"column":23},"end":{"line":66,"column":59}}],"line":66},"7":{"loc":{"start":{"line":69,"column":4},"end":{"line":71,"column":5}},"type":"if","locations":[{"start":{"line":69,"column":4},"end":{"line":71,"column":5}},{"start":{"line":69,"column":4},"end":{"line":71,"column":5}}],"line":69},"8":{"loc":{"start":{"line":69,"column":8},"end":{"line":69,"column":46}},"type":"binary-expr","locations":[{"start":{"line":69,"column":8},"end":{"line":69,"column":25}},{"start":{"line":69,"column":29},"end":{"line":69,"column":46}}],"line":69},"9":{"loc":{"start":{"line":72,"column":4},"end":{"line":74,"column":5}},"type":"if","locations":[{"start":{"line":72,"column":4},"end":{"line":74,"column":5}},{"start":{"line":72,"column":4},"end":{"line":74,"column":5}}],"line":72},"10":{"loc":{"start":{"line":72,"column":8},"end":{"line":72,"column":46}},"type":"binary-expr","locations":[{"start":{"line":72,"column":8},"end":{"line":72,"column":25}},{"start":{"line":72,"column":29},"end":{"line":72,"column":46}}],"line":72},"11":{"loc":{"start":{"line":75,"column":4},"end":{"line":77,"column":5}},"type":"if","locations":[{"start":{"line":75,"column":4},"end":{"line":77,"column":5}},{"start":{"line":75,"column":4},"end":{"line":77,"column":5}}],"line":75},"12":{"loc":{"start":{"line":75,"column":8},"end":{"line":75,"column":64}},"type":"binary-expr","locations":[{"start":{"line":75,"column":8},"end":{"line":75,"column":31}},{"start":{"line":75,"column":35},"end":{"line":75,"column":64}}],"line":75},"13":{"loc":{"start":{"line":98,"column":7},"end":{"line":102,"column":7}},"type":"binary-expr","locations":[{"start":{"line":98,"column":7},"end":{"line":98,"column":26}},{"start":{"line":98,"column":30},"end":{"line":98,"column":48}},{"start":{"line":99,"column":8},"end":{"line":101,"column":15}}],"line":98}},"s":{"0":8,"1":8,"2":8,"3":0,"4":0,"5":0,"6":0,"7":8,"8":12,"9":12,"10":12,"11":0,"12":0,"13":12,"14":0,"15":0,"16":0,"17":0,"18":0,"19":0,"20":0,"21":0,"22":0,"23":0,"24":0,"25":0,"26":0,"27":12,"28":0,"29":12,"30":8},"f":{"0":0,"1":12,"2":0,"3":0,"4":0},"b":{"0":[0,0,0],"1":[0,12],"2":[0,0],"3":[0,0],"4":[0,0],"5":[0,0],"6":[0,0],"7":[0,0],"8":[0,0],"9":[0,0],"10":[0,0],"11":[0,0],"12":[0,0],"13":[12,12,0]},"_coverageSchema":"1a1c01bbd47fc00a2c39e90264f33305004495a9","hash":"b1e9c36e89f796a24c18557d43f78ba512918e67"}
,"C:\\Users\\juzen\\GIT\\Study\\nutrition\\components\\ListButton.js": {"path":"C:\\Users\\juzen\\GIT\\Study\\nutrition\\components\\ListButton.js","statementMap":{"0":{"start":{"line":8,"column":23},"end":{"line":8,"column":47}},"1":{"start":{"line":10,"column":18},"end":{"line":10,"column":52}},"2":{"start":{"line":11,"column":14},"end":{"line":11,"column":47}},"3":{"start":{"line":12,"column":15},"end":{"line":12,"column":49}},"4":{"start":{"line":13,"column":15},"end":{"line":13,"column":46}},"5":{"start":{"line":16,"column":9},"end":{"line":16,"column":30}},"6":{"start":{"line":18,"column":4},"end":{"line":18,"column":17}},"7":{"start":{"line":19,"column":6},"end":{"line":20,"column":8}},"8":{"start":{"line":23,"column":16},"end":{"line":34,"column":3}},"9":{"start":{"line":25,"column":21},"end":{"line":25,"column":55}},"10":{"start":{"line":26,"column":4},"end":{"line":26,"column":33}},"11":{"start":{"line":27,"column":4},"end":{"line":33,"column":15}},"12":{"start":{"line":36,"column":22},"end":{"line":53,"column":3}},"13":{"start":{"line":37,"column":4},"end":{"line":52,"column":5}},"14":{"start":{"line":45,"column":14},"end":{"line":45,"column":59}},"15":{"start":{"line":57,"column":21},"end":{"line":60,"column":6}},"16":{"start":{"line":62,"column":22},"end":{"line":65,"column":6}},"17":{"start":{"line":67,"column":19},"end":{"line":70,"column":6}},"18":{"start":{"line":77,"column":23},"end":{"line":80,"column":6}},"19":{"start":{"line":82,"column":23},"end":{"line":85,"column":7}},"20":{"start":{"line":87,"column":25},"end":{"line":90,"column":7}},"21":{"start":{"line":92,"column":25},"end":{"line":95,"column":8}},"22":{"start":{"line":97,"column":27},"end":{"line":100,"column":9}},"23":{"start":{"line":102,"column":4},"end":{"line":151,"column":5}},"24":{"start":{"line":122,"column":45},"end":{"line":122,"column":52}},"25":{"start":{"line":155,"column":15},"end":{"line":254,"column":2}}},"fnMap":{"0":{"name":"(anonymous_0)","decl":{"start":{"line":17,"column":2},"end":{"line":17,"column":3}},"loc":{"start":{"line":17,"column":21},"end":{"line":21,"column":3}},"line":17},"1":{"name":"(anonymous_1)","decl":{"start":{"line":23,"column":16},"end":{"line":23,"column":17}},"loc":{"start":{"line":23,"column":22},"end":{"line":34,"column":3}},"line":23},"2":{"name":"(anonymous_2)","decl":{"start":{"line":36,"column":22},"end":{"line":36,"column":23}},"loc":{"start":{"line":36,"column":36},"end":{"line":53,"column":3}},"line":36},"3":{"name":"(anonymous_3)","decl":{"start":{"line":44,"column":21},"end":{"line":44,"column":22}},"loc":{"start":{"line":44,"column":27},"end":{"line":46,"column":13}},"line":44},"4":{"name":"(anonymous_4)","decl":{"start":{"line":55,"column":2},"end":{"line":55,"column":3}},"loc":{"start":{"line":55,"column":10},"end":{"line":152,"column":3}},"line":55},"5":{"name":"(anonymous_5)","decl":{"start":{"line":122,"column":28},"end":{"line":122,"column":29}},"loc":{"start":{"line":122,"column":45},"end":{"line":122,"column":52}},"line":122}},"branchMap":{"0":{"loc":{"start":{"line":29,"column":21},"end":{"line":29,"column":51}},"type":"cond-expr","locations":[{"start":{"line":29,"column":46},"end":{"line":29,"column":47}},{"start":{"line":29,"column":50},"end":{"line":29,"column":51}}],"line":29},"1":{"loc":{"start":{"line":109,"column":11},"end":{"line":124,"column":11}},"type":"cond-expr","locations":[{"start":{"line":110,"column":12},"end":{"line":112,"column":19}},{"start":{"line":114,"column":12},"end":{"line":123,"column":14}}],"line":109}},"s":{"0":2,"1":2,"2":2,"3":2,"4":2,"5":0,"6":0,"7":0,"8":0,"9":0,"10":0,"11":0,"12":0,"13":0,"14":0,"15":0,"16":0,"17":0,"18":0,"19":0,"20":0,"21":0,"22":0,"23":0,"24":0,"25":2},"f":{"0":0,"1":0,"2":0,"3":0,"4":0,"5":0},"b":{"0":[0,0],"1":[0,0]},"_coverageSchema":"1a1c01bbd47fc00a2c39e90264f33305004495a9","hash":"d3639b51b3c401415c1cec63e83366d1f5598234"}
,"C:\\Users\\juzen\\GIT\\Study\\nutrition\\constants\\Colors.js": {"path":"C:\\Users\\juzen\\GIT\\Study\\nutrition\\constants\\Colors.js","statementMap":{},"fnMap":{},"branchMap":{},"s":{},"f":{},"b":{},"_coverageSchema":"1a1c01bbd47fc00a2c39e90264f33305004495a9","hash":"09e82d2e6e06564798de7f6ece26d723624a9f2b"}
,"C:\\Users\\juzen\\GIT\\Study\\nutrition\\navigation\\MainNavigation.js": {"path":"C:\\Users\\juzen\\GIT\\Study\\nutrition\\navigation\\MainNavigation.js","statementMap":{"0":{"start":{"line":30,"column":25},"end":{"line":33,"column":2}},"1":{"start":{"line":35,"column":28},"end":{"line":48,"column":2}},"2":{"start":{"line":51,"column":24},"end":{"line":103,"column":3}},"3":{"start":{"line":61,"column":12},"end":{"line":61,"column":77}},"4":{"start":{"line":69,"column":20},"end":{"line":69,"column":24}},"5":{"start":{"line":70,"column":46},"end":{"line":80,"column":7}},"6":{"start":{"line":73,"column":12},"end":{"line":75,"column":14}},"7":{"start":{"line":84,"column":46},"end":{"line":92,"column":7}},"8":{"start":{"line":87,"column":12},"end":{"line":87,"column":27}},"9":{"start":{"line":99,"column":10},"end":{"line":99,"column":75}},"10":{"start":{"line":107,"column":24},"end":{"line":117,"column":2}},"11":{"start":{"line":119,"column":24},"end":{"line":125,"column":2}},"12":{"start":{"line":128,"column":22},"end":{"line":137,"column":2}},"13":{"start":{"line":133,"column":28},"end":{"line":135,"column":3}},"14":{"start":{"line":141,"column":22},"end":{"line":145,"column":2}},"15":{"start":{"line":147,"column":17},"end":{"line":147,"column":50}},"16":{"start":{"line":149,"column":21},"end":{"line":149,"column":35}}},"fnMap":{"0":{"name":"(anonymous_0)","decl":{"start":{"line":60,"column":20},"end":{"line":60,"column":21}},"loc":{"start":{"line":60,"column":31},"end":{"line":62,"column":11}},"line":60},"1":{"name":"(anonymous_1)","decl":{"start":{"line":69,"column":14},"end":{"line":69,"column":15}},"loc":{"start":{"line":69,"column":20},"end":{"line":69,"column":24}},"line":69},"2":{"name":"(anonymous_2)","decl":{"start":{"line":70,"column":25},"end":{"line":70,"column":26}},"loc":{"start":{"line":70,"column":46},"end":{"line":80,"column":7}},"line":70},"3":{"name":"(anonymous_3)","decl":{"start":{"line":71,"column":20},"end":{"line":71,"column":21}},"loc":{"start":{"line":71,"column":26},"end":{"line":76,"column":11}},"line":71},"4":{"name":"(anonymous_4)","decl":{"start":{"line":77,"column":25},"end":{"line":77,"column":26}},"loc":{"start":{"line":77,"column":31},"end":{"line":78,"column":11}},"line":77},"5":{"name":"(anonymous_5)","decl":{"start":{"line":84,"column":25},"end":{"line":84,"column":26}},"loc":{"start":{"line":84,"column":46},"end":{"line":92,"column":7}},"line":84},"6":{"name":"(anonymous_6)","decl":{"start":{"line":85,"column":31},"end":{"line":85,"column":32}},"loc":{"start":{"line":85,"column":37},"end":{"line":88,"column":11}},"line":85},"7":{"name":"(anonymous_7)","decl":{"start":{"line":89,"column":25},"end":{"line":89,"column":26}},"loc":{"start":{"line":89,"column":31},"end":{"line":90,"column":11}},"line":89},"8":{"name":"(anonymous_8)","decl":{"start":{"line":98,"column":20},"end":{"line":98,"column":21}},"loc":{"start":{"line":98,"column":31},"end":{"line":100,"column":9}},"line":98},"9":{"name":"(anonymous_9)","decl":{"start":{"line":133,"column":21},"end":{"line":133,"column":22}},"loc":{"start":{"line":133,"column":28},"end":{"line":135,"column":3}},"line":133},"10":{"name":"(anonymous_10)","decl":{"start":{"line":149,"column":15},"end":{"line":149,"column":16}},"loc":{"start":{"line":149,"column":21},"end":{"line":149,"column":35}},"line":149}},"branchMap":{},"s":{"0":2,"1":2,"2":2,"3":0,"4":0,"5":0,"6":0,"7":0,"8":0,"9":0,"10":2,"11":2,"12":2,"13":0,"14":2,"15":2,"16":2},"f":{"0":0,"1":0,"2":0,"3":0,"4":0,"5":0,"6":0,"7":0,"8":0,"9":0,"10":2},"b":{},"_coverageSchema":"1a1c01bbd47fc00a2c39e90264f33305004495a9","hash":"f007d891282b9db3c9ae7d9ee60537f8203bdd1e"}
,"C:\\Users\\juzen\\GIT\\Study\\nutrition\\screens\\CalendarScreen.js": {"path":"C:\\Users\\juzen\\GIT\\Study\\nutrition\\screens\\CalendarScreen.js","statementMap":{"0":{"start":{"line":8,"column":23},"end":{"line":19,"column":1}},"1":{"start":{"line":9,"column":19},"end":{"line":9,"column":32}},"2":{"start":{"line":12,"column":2},"end":{"line":18,"column":3}}},"fnMap":{"0":{"name":"(anonymous_0)","decl":{"start":{"line":8,"column":23},"end":{"line":8,"column":24}},"loc":{"start":{"line":8,"column":29},"end":{"line":19,"column":1}},"line":8}},"branchMap":{},"s":{"0":2,"1":0,"2":0},"f":{"0":0},"b":{},"_coverageSchema":"1a1c01bbd47fc00a2c39e90264f33305004495a9","hash":"cc365025a0489fb314ebbe221e2e2de6b6c4f1f4"}
,"C:\\Users\\juzen\\GIT\\Study\\nutrition\\screens\\GenderScreen.js": {"path":"C:\\Users\\juzen\\GIT\\Study\\nutrition\\screens\\GenderScreen.js","statementMap":{"0":{"start":{"line":8,"column":23},"end":{"line":8,"column":47}},"1":{"start":{"line":10,"column":21},"end":{"line":311,"column":1}},"2":{"start":{"line":13,"column":14},"end":{"line":13,"column":63}},"3":{"start":{"line":14,"column":17},"end":{"line":14,"column":68}},"4":{"start":{"line":15,"column":15},"end":{"line":15,"column":66}},"5":{"start":{"line":18,"column":24},"end":{"line":18,"column":45}},"6":{"start":{"line":19,"column":22},"end":{"line":19,"column":43}},"7":{"start":{"line":20,"column":26},"end":{"line":20,"column":47}},"8":{"start":{"line":23,"column":19},"end":{"line":23,"column":21}},"9":{"start":{"line":25,"column":17},"end":{"line":25,"column":19}},"10":{"start":{"line":34,"column":19},"end":{"line":59,"column":3}},"11":{"start":{"line":35,"column":4},"end":{"line":56,"column":14}},"12":{"start":{"line":57,"column":4},"end":{"line":57,"column":23}},"13":{"start":{"line":58,"column":4},"end":{"line":58,"column":25}},"14":{"start":{"line":62,"column":23},"end":{"line":85,"column":3}},"15":{"start":{"line":63,"column":4},"end":{"line":84,"column":14}},"16":{"start":{"line":88,"column":25},"end":{"line":123,"column":3}},"17":{"start":{"line":89,"column":4},"end":{"line":120,"column":14}},"18":{"start":{"line":121,"column":4},"end":{"line":121,"column":19}},"19":{"start":{"line":122,"column":4},"end":{"line":122,"column":26}},"20":{"start":{"line":126,"column":29},"end":{"line":161,"column":3}},"21":{"start":{"line":127,"column":4},"end":{"line":158,"column":14}},"22":{"start":{"line":160,"column":4},"end":{"line":160,"column":25}},"23":{"start":{"line":164,"column":2},"end":{"line":310,"column":3}},"24":{"start":{"line":167,"column":39},"end":{"line":167,"column":66}},"25":{"start":{"line":175,"column":12},"end":{"line":177,"column":13}},"26":{"start":{"line":176,"column":14},"end":{"line":176,"column":20}},"27":{"start":{"line":178,"column":12},"end":{"line":180,"column":13}},"28":{"start":{"line":179,"column":14},"end":{"line":179,"column":28}},"29":{"start":{"line":181,"column":12},"end":{"line":183,"column":13}},"30":{"start":{"line":182,"column":14},"end":{"line":182,"column":34}},"31":{"start":{"line":199,"column":27},"end":{"line":199,"column":43}},"32":{"start":{"line":208,"column":27},"end":{"line":208,"column":45}},"33":{"start":{"line":225,"column":14},"end":{"line":225,"column":39}},"34":{"start":{"line":233,"column":14},"end":{"line":233,"column":40}},"35":{"start":{"line":243,"column":14},"end":{"line":243,"column":40}},"36":{"start":{"line":251,"column":14},"end":{"line":251,"column":41}},"37":{"start":{"line":268,"column":14},"end":{"line":273,"column":16}},"38":{"start":{"line":280,"column":14},"end":{"line":285,"column":16}},"39":{"start":{"line":294,"column":14},"end":{"line":299,"column":16}},"40":{"start":{"line":313,"column":0},"end":{"line":317,"column":1}},"41":{"start":{"line":314,"column":2},"end":{"line":316,"column":3}},"42":{"start":{"line":319,"column":15},"end":{"line":372,"column":2}}},"fnMap":{"0":{"name":"(anonymous_0)","decl":{"start":{"line":10,"column":21},"end":{"line":10,"column":22}},"loc":{"start":{"line":10,"column":32},"end":{"line":311,"column":1}},"line":10},"1":{"name":"(anonymous_1)","decl":{"start":{"line":34,"column":19},"end":{"line":34,"column":20}},"loc":{"start":{"line":34,"column":31},"end":{"line":59,"column":3}},"line":34},"2":{"name":"(anonymous_2)","decl":{"start":{"line":62,"column":23},"end":{"line":62,"column":24}},"loc":{"start":{"line":62,"column":29},"end":{"line":85,"column":3}},"line":62},"3":{"name":"(anonymous_3)","decl":{"start":{"line":88,"column":25},"end":{"line":88,"column":26}},"loc":{"start":{"line":88,"column":35},"end":{"line":123,"column":3}},"line":88},"4":{"name":"(anonymous_4)","decl":{"start":{"line":126,"column":29},"end":{"line":126,"column":30}},"loc":{"start":{"line":126,"column":35},"end":{"line":161,"column":3}},"line":126},"5":{"name":"(anonymous_5)","decl":{"start":{"line":167,"column":32},"end":{"line":167,"column":33}},"loc":{"start":{"line":167,"column":38},"end":{"line":167,"column":67}},"line":167},"6":{"name":"(anonymous_6)","decl":{"start":{"line":172,"column":19},"end":{"line":172,"column":20}},"loc":{"start":{"line":172,"column":25},"end":{"line":184,"column":11}},"line":172},"7":{"name":"(anonymous_7)","decl":{"start":{"line":196,"column":59},"end":{"line":196,"column":60}},"loc":{"start":{"line":196,"column":65},"end":{"line":200,"column":11}},"line":196},"8":{"name":"(anonymous_8)","decl":{"start":{"line":205,"column":59},"end":{"line":205,"column":60}},"loc":{"start":{"line":205,"column":70},"end":{"line":209,"column":11}},"line":205},"9":{"name":"(anonymous_9)","decl":{"start":{"line":223,"column":62},"end":{"line":223,"column":63}},"loc":{"start":{"line":223,"column":68},"end":{"line":226,"column":13}},"line":223},"10":{"name":"(anonymous_10)","decl":{"start":{"line":231,"column":62},"end":{"line":231,"column":63}},"loc":{"start":{"line":231,"column":68},"end":{"line":234,"column":13}},"line":231},"11":{"name":"(anonymous_11)","decl":{"start":{"line":241,"column":62},"end":{"line":241,"column":63}},"loc":{"start":{"line":241,"column":68},"end":{"line":244,"column":13}},"line":241},"12":{"name":"(anonymous_12)","decl":{"start":{"line":249,"column":62},"end":{"line":249,"column":63}},"loc":{"start":{"line":249,"column":68},"end":{"line":252,"column":13}},"line":249},"13":{"name":"(anonymous_13)","decl":{"start":{"line":267,"column":62},"end":{"line":267,"column":63}},"loc":{"start":{"line":267,"column":68},"end":{"line":274,"column":13}},"line":267},"14":{"name":"(anonymous_14)","decl":{"start":{"line":279,"column":62},"end":{"line":279,"column":63}},"loc":{"start":{"line":279,"column":68},"end":{"line":286,"column":13}},"line":279},"15":{"name":"(anonymous_15)","decl":{"start":{"line":293,"column":62},"end":{"line":293,"column":63}},"loc":{"start":{"line":293,"column":68},"end":{"line":300,"column":13}},"line":293},"16":{"name":"(anonymous_16)","decl":{"start":{"line":313,"column":33},"end":{"line":313,"column":34}},"loc":{"start":{"line":313,"column":39},"end":{"line":317,"column":1}},"line":313}},"branchMap":{"0":{"loc":{"start":{"line":175,"column":12},"end":{"line":177,"column":13}},"type":"if","locations":[{"start":{"line":175,"column":12},"end":{"line":177,"column":13}},{"start":{"line":175,"column":12},"end":{"line":177,"column":13}}],"line":175},"1":{"loc":{"start":{"line":178,"column":12},"end":{"line":180,"column":13}},"type":"if","locations":[{"start":{"line":178,"column":12},"end":{"line":180,"column":13}},{"start":{"line":178,"column":12},"end":{"line":180,"column":13}}],"line":178},"2":{"loc":{"start":{"line":181,"column":12},"end":{"line":183,"column":13}},"type":"if","locations":[{"start":{"line":181,"column":12},"end":{"line":183,"column":13}},{"start":{"line":181,"column":12},"end":{"line":183,"column":13}}],"line":181}},"s":{"0":4,"1":4,"2":2,"3":2,"4":2,"5":2,"6":2,"7":2,"8":2,"9":2,"10":2,"11":0,"12":0,"13":0,"14":2,"15":0,"16":2,"17":0,"18":0,"19":0,"20":2,"21":0,"22":0,"23":2,"24":0,"25":0,"26":0,"27":0,"28":0,"29":0,"30":0,"31":0,"32":0,"33":0,"34":0,"35":0,"36":0,"37":0,"38":0,"39":0,"40":4,"41":0,"42":4},"f":{"0":2,"1":0,"2":0,"3":0,"4":0,"5":0,"6":0,"7":0,"8":0,"9":0,"10":0,"11":0,"12":0,"13":0,"14":0,"15":0,"16":0},"b":{"0":[0,0],"1":[0,0],"2":[0,0]},"_coverageSchema":"1a1c01bbd47fc00a2c39e90264f33305004495a9","hash":"82bdea3a39b2cfedac6073f097a296b5ecc65e39"}
,"C:\\Users\\juzen\\GIT\\Study\\nutrition\\screens\\HomeScreen.js": {"path":"C:\\Users\\juzen\\GIT\\Study\\nutrition\\screens\\HomeScreen.js","statementMap":{"0":{"start":{"line":17,"column":23},"end":{"line":17,"column":47}},"1":{"start":{"line":20,"column":19},"end":{"line":101,"column":1}},"2":{"start":{"line":21,"column":19},"end":{"line":21,"column":32}},"3":{"start":{"line":23,"column":23},"end":{"line":30,"column":14}},"4":{"start":{"line":24,"column":2},"end":{"line":29,"column":3}},"5":{"start":{"line":26,"column":4},"end":{"line":26,"column":35}},"6":{"start":{"line":28,"column":4},"end":{"line":28,"column":26}},"7":{"start":{"line":32,"column":23},"end":{"line":39,"column":14}},"8":{"start":{"line":33,"column":0},"end":{"line":38,"column":1}},"9":{"start":{"line":35,"column":2},"end":{"line":35,"column":36}},"10":{"start":{"line":37,"column":2},"end":{"line":37,"column":24}},"11":{"start":{"line":42,"column":0},"end":{"line":45,"column":14}},"12":{"start":{"line":43,"column":2},"end":{"line":44,"column":26}},"13":{"start":{"line":48,"column":2},"end":{"line":100,"column":3}},"14":{"start":{"line":103,"column":15},"end":{"line":173,"column":2}}},"fnMap":{"0":{"name":"(anonymous_0)","decl":{"start":{"line":20,"column":19},"end":{"line":20,"column":20}},"loc":{"start":{"line":20,"column":25},"end":{"line":101,"column":1}},"line":20},"1":{"name":"(anonymous_1)","decl":{"start":{"line":23,"column":35},"end":{"line":23,"column":36}},"loc":{"start":{"line":23,"column":47},"end":{"line":30,"column":1}},"line":23},"2":{"name":"(anonymous_2)","decl":{"start":{"line":32,"column":35},"end":{"line":32,"column":36}},"loc":{"start":{"line":32,"column":47},"end":{"line":39,"column":1}},"line":32},"3":{"name":"(anonymous_3)","decl":{"start":{"line":42,"column":10},"end":{"line":42,"column":11}},"loc":{"start":{"line":42,"column":16},"end":{"line":45,"column":1}},"line":42}},"branchMap":{},"s":{"0":4,"1":4,"2":2,"3":2,"4":0,"5":0,"6":0,"7":2,"8":0,"9":0,"10":0,"11":2,"12":0,"13":2,"14":4},"f":{"0":2,"1":0,"2":0,"3":0},"b":{},"_coverageSchema":"1a1c01bbd47fc00a2c39e90264f33305004495a9","hash":"0bc17f855ad48947098bada384aa27862ce1a178"}
,"C:\\Users\\juzen\\GIT\\Study\\nutrition\\screens\\IngredientDetailScreen.js": {"path":"C:\\Users\\juzen\\GIT\\Study\\nutrition\\screens\\IngredientDetailScreen.js","statementMap":{"0":{"start":{"line":14,"column":23},"end":{"line":14,"column":47}},"1":{"start":{"line":16,"column":31},"end":{"line":155,"column":1}},"2":{"start":{"line":18,"column":19},"end":{"line":18,"column":32}},"3":{"start":{"line":20,"column":30},"end":{"line":20,"column":43}},"4":{"start":{"line":22,"column":13},"end":{"line":22,"column":44}},"5":{"start":{"line":23,"column":15},"end":{"line":23,"column":48}},"6":{"start":{"line":24,"column":18},"end":{"line":24,"column":116}},"7":{"start":{"line":25,"column":18},"end":{"line":25,"column":116}},"8":{"start":{"line":26,"column":15},"end":{"line":26,"column":110}},"9":{"start":{"line":27,"column":16},"end":{"line":27,"column":112}},"10":{"start":{"line":28,"column":16},"end":{"line":28,"column":112}},"11":{"start":{"line":29,"column":17},"end":{"line":29,"column":114}},"12":{"start":{"line":32,"column":2},"end":{"line":154,"column":3}},"13":{"start":{"line":44,"column":41},"end":{"line":44,"column":79}},"14":{"start":{"line":53,"column":35},"end":{"line":53,"column":51}},"15":{"start":{"line":71,"column":33},"end":{"line":71,"column":50}},"16":{"start":{"line":72,"column":14},"end":{"line":72,"column":36}},"17":{"start":{"line":73,"column":14},"end":{"line":73,"column":52}},"18":{"start":{"line":157,"column":15},"end":{"line":279,"column":2}},"19":{"start":{"line":281,"column":0},"end":{"line":285,"column":1}},"20":{"start":{"line":282,"column":2},"end":{"line":284,"column":3}}},"fnMap":{"0":{"name":"(anonymous_0)","decl":{"start":{"line":16,"column":31},"end":{"line":16,"column":32}},"loc":{"start":{"line":16,"column":42},"end":{"line":155,"column":1}},"line":16},"1":{"name":"(anonymous_1)","decl":{"start":{"line":44,"column":34},"end":{"line":44,"column":35}},"loc":{"start":{"line":44,"column":40},"end":{"line":44,"column":80}},"line":44},"2":{"name":"(anonymous_2)","decl":{"start":{"line":53,"column":26},"end":{"line":53,"column":27}},"loc":{"start":{"line":53,"column":35},"end":{"line":53,"column":51}},"line":53},"3":{"name":"(anonymous_3)","decl":{"start":{"line":60,"column":19},"end":{"line":60,"column":20}},"loc":{"start":{"line":60,"column":25},"end":{"line":62,"column":11}},"line":60},"4":{"name":"(anonymous_4)","decl":{"start":{"line":70,"column":21},"end":{"line":70,"column":22}},"loc":{"start":{"line":70,"column":27},"end":{"line":74,"column":13}},"line":70},"5":{"name":"(anonymous_5)","decl":{"start":{"line":281,"column":43},"end":{"line":281,"column":44}},"loc":{"start":{"line":281,"column":49},"end":{"line":285,"column":1}},"line":281}},"branchMap":{},"s":{"0":2,"1":2,"2":0,"3":0,"4":0,"5":0,"6":0,"7":0,"8":0,"9":0,"10":0,"11":0,"12":0,"13":0,"14":0,"15":0,"16":0,"17":0,"18":2,"19":2,"20":0},"f":{"0":0,"1":0,"2":0,"3":0,"4":0,"5":0},"b":{},"_coverageSchema":"1a1c01bbd47fc00a2c39e90264f33305004495a9","hash":"febbccc5a72da98dbc67572c5ee7c4f3fd6cb0b8"}
,"C:\\Users\\juzen\\GIT\\Study\\nutrition\\screens\\LoginScreen.js": {"path":"C:\\Users\\juzen\\GIT\\Study\\nutrition\\screens\\LoginScreen.js","statementMap":{"0":{"start":{"line":17,"column":18},"end":{"line":17,"column":42}},"1":{"start":{"line":20,"column":17},"end":{"line":20,"column":64}},"2":{"start":{"line":23,"column":26},"end":{"line":23,"column":45}},"3":{"start":{"line":25,"column":23},"end":{"line":25,"column":47}},"4":{"start":{"line":28,"column":20},"end":{"line":57,"column":1}},"5":{"start":{"line":30,"column":2},"end":{"line":55,"column":3}},"6":{"start":{"line":32,"column":26},"end":{"line":35,"column":5}},"7":{"start":{"line":38,"column":30},"end":{"line":41,"column":5}},"8":{"start":{"line":42,"column":29},"end":{"line":42,"column":33}},"9":{"start":{"line":44,"column":4},"end":{"line":48,"column":5}},"10":{"start":{"line":47,"column":6},"end":{"line":47,"column":72}},"11":{"start":{"line":50,"column":4},"end":{"line":54,"column":6}},"12":{"start":{"line":56,"column":2},"end":{"line":56,"column":15}},"13":{"start":{"line":60,"column":20},"end":{"line":382,"column":1}},"14":{"start":{"line":61,"column":36},"end":{"line":61,"column":51}},"15":{"start":{"line":62,"column":28},"end":{"line":62,"column":38}},"16":{"start":{"line":64,"column":38},"end":{"line":64,"column":53}},"17":{"start":{"line":66,"column":36},"end":{"line":66,"column":56}},"18":{"start":{"line":68,"column":42},"end":{"line":68,"column":56}},"19":{"start":{"line":70,"column":46},"end":{"line":70,"column":61}},"20":{"start":{"line":72,"column":19},"end":{"line":72,"column":31}},"21":{"start":{"line":75,"column":19},"end":{"line":75,"column":32}},"22":{"start":{"line":79,"column":41},"end":{"line":89,"column":4}},"23":{"start":{"line":91,"column":22},"end":{"line":110,"column":3}},"24":{"start":{"line":92,"column":18},"end":{"line":95,"column":7}},"25":{"start":{"line":97,"column":4},"end":{"line":97,"column":18}},"26":{"start":{"line":98,"column":4},"end":{"line":98,"column":22}},"27":{"start":{"line":99,"column":4},"end":{"line":109,"column":4}},"28":{"start":{"line":100,"column":5},"end":{"line":100,"column":28}},"29":{"start":{"line":102,"column":5},"end":{"line":105,"column":7}},"30":{"start":{"line":107,"column":5},"end":{"line":107,"column":26}},"31":{"start":{"line":108,"column":5},"end":{"line":108,"column":24}},"32":{"start":{"line":113,"column":24},"end":{"line":142,"column":1}},"33":{"start":{"line":115,"column":2},"end":{"line":128,"column":5}},"34":{"start":{"line":118,"column":4},"end":{"line":127,"column":4}},"35":{"start":{"line":130,"column":2},"end":{"line":130,"column":31}},"36":{"start":{"line":132,"column":2},"end":{"line":132,"column":39}},"37":{"start":{"line":134,"column":25},"end":{"line":136,"column":10}},"38":{"start":{"line":135,"column":4},"end":{"line":135,"column":35}},"39":{"start":{"line":137,"column":23},"end":{"line":139,"column":10}},"40":{"start":{"line":138,"column":4},"end":{"line":138,"column":28}},"41":{"start":{"line":141,"column":2},"end":{"line":141,"column":22}},"42":{"start":{"line":146,"column":29},"end":{"line":156,"column":3}},"43":{"start":{"line":148,"column":6},"end":{"line":153,"column":9}},"44":{"start":{"line":159,"column":2},"end":{"line":163,"column":13}},"45":{"start":{"line":160,"column":4},"end":{"line":162,"column":5}},"46":{"start":{"line":161,"column":6},"end":{"line":161,"column":62}},"47":{"start":{"line":165,"column":2},"end":{"line":381,"column":3}},"48":{"start":{"line":182,"column":41},"end":{"line":182,"column":75}},"49":{"start":{"line":265,"column":20},"end":{"line":265,"column":55}},"50":{"start":{"line":276,"column":20},"end":{"line":276,"column":39}},"51":{"start":{"line":289,"column":18},"end":{"line":289,"column":53}},"52":{"start":{"line":296,"column":20},"end":{"line":296,"column":39}},"53":{"start":{"line":341,"column":41},"end":{"line":341,"column":62}},"54":{"start":{"line":353,"column":18},"end":{"line":353,"column":33}},"55":{"start":{"line":363,"column":18},"end":{"line":363,"column":38}},"56":{"start":{"line":384,"column":0},"end":{"line":388,"column":1}},"57":{"start":{"line":385,"column":2},"end":{"line":387,"column":3}},"58":{"start":{"line":390,"column":15},"end":{"line":458,"column":2}}},"fnMap":{"0":{"name":"(anonymous_0)","decl":{"start":{"line":28,"column":20},"end":{"line":28,"column":21}},"loc":{"start":{"line":28,"column":39},"end":{"line":57,"column":1}},"line":28},"1":{"name":"(anonymous_1)","decl":{"start":{"line":60,"column":20},"end":{"line":60,"column":21}},"loc":{"start":{"line":60,"column":31},"end":{"line":382,"column":1}},"line":60},"2":{"name":"(anonymous_2)","decl":{"start":{"line":91,"column":22},"end":{"line":91,"column":23}},"loc":{"start":{"line":91,"column":34},"end":{"line":110,"column":3}},"line":91},"3":{"name":"(anonymous_3)","decl":{"start":{"line":113,"column":24},"end":{"line":113,"column":25}},"loc":{"start":{"line":113,"column":36},"end":{"line":142,"column":1}},"line":113},"4":{"name":"(anonymous_4)","decl":{"start":{"line":115,"column":60},"end":{"line":115,"column":61}},"loc":{"start":{"line":115,"column":71},"end":{"line":117,"column":3}},"line":115},"5":{"name":"(anonymous_5)","decl":{"start":{"line":117,"column":11},"end":{"line":117,"column":12}},"loc":{"start":{"line":117,"column":27},"end":{"line":128,"column":3}},"line":117},"6":{"name":"(anonymous_6)","decl":{"start":{"line":134,"column":42},"end":{"line":134,"column":43}},"loc":{"start":{"line":134,"column":48},"end":{"line":136,"column":3}},"line":134},"7":{"name":"(anonymous_7)","decl":{"start":{"line":137,"column":40},"end":{"line":137,"column":41}},"loc":{"start":{"line":137,"column":46},"end":{"line":139,"column":3}},"line":137},"8":{"name":"(anonymous_8)","decl":{"start":{"line":147,"column":4},"end":{"line":147,"column":5}},"loc":{"start":{"line":147,"column":52},"end":{"line":154,"column":5}},"line":147},"9":{"name":"(anonymous_9)","decl":{"start":{"line":159,"column":12},"end":{"line":159,"column":13}},"loc":{"start":{"line":159,"column":18},"end":{"line":163,"column":3}},"line":159},"10":{"name":"(anonymous_10)","decl":{"start":{"line":182,"column":34},"end":{"line":182,"column":35}},"loc":{"start":{"line":182,"column":40},"end":{"line":182,"column":76}},"line":182},"11":{"name":"(anonymous_11)","decl":{"start":{"line":264,"column":27},"end":{"line":264,"column":28}},"loc":{"start":{"line":264,"column":33},"end":{"line":266,"column":19}},"line":264},"12":{"name":"(anonymous_12)","decl":{"start":{"line":275,"column":27},"end":{"line":275,"column":28}},"loc":{"start":{"line":275,"column":33},"end":{"line":277,"column":19}},"line":275},"13":{"name":"(anonymous_13)","decl":{"start":{"line":288,"column":25},"end":{"line":288,"column":26}},"loc":{"start":{"line":288,"column":31},"end":{"line":290,"column":17}},"line":288},"14":{"name":"(anonymous_14)","decl":{"start":{"line":295,"column":27},"end":{"line":295,"column":28}},"loc":{"start":{"line":295,"column":33},"end":{"line":297,"column":19}},"line":295},"15":{"name":"(anonymous_15)","decl":{"start":{"line":328,"column":23},"end":{"line":328,"column":24}},"loc":{"start":{"line":328,"column":29},"end":{"line":330,"column":15}},"line":328},"16":{"name":"(anonymous_16)","decl":{"start":{"line":341,"column":33},"end":{"line":341,"column":34}},"loc":{"start":{"line":341,"column":41},"end":{"line":341,"column":62}},"line":341},"17":{"name":"(anonymous_17)","decl":{"start":{"line":352,"column":25},"end":{"line":352,"column":26}},"loc":{"start":{"line":352,"column":31},"end":{"line":354,"column":17}},"line":352},"18":{"name":"(anonymous_18)","decl":{"start":{"line":362,"column":25},"end":{"line":362,"column":26}},"loc":{"start":{"line":362,"column":36},"end":{"line":364,"column":17}},"line":362},"19":{"name":"(anonymous_19)","decl":{"start":{"line":384,"column":32},"end":{"line":384,"column":33}},"loc":{"start":{"line":384,"column":38},"end":{"line":388,"column":1}},"line":384}},"branchMap":{"0":{"loc":{"start":{"line":20,"column":17},"end":{"line":20,"column":64}},"type":"cond-expr","locations":[{"start":{"line":20,"column":44},"end":{"line":20,"column":52}},{"start":{"line":20,"column":55},"end":{"line":20,"column":64}}],"line":20},"1":{"loc":{"start":{"line":30,"column":2},"end":{"line":55,"column":3}},"type":"if","locations":[{"start":{"line":30,"column":2},"end":{"line":55,"column":3}},{"start":{"line":30,"column":2},"end":{"line":55,"column":3}}],"line":30},"2":{"loc":{"start":{"line":47,"column":27},"end":{"line":47,"column":71}},"type":"binary-expr","locations":[{"start":{"line":47,"column":27},"end":{"line":47,"column":45}},{"start":{"line":47,"column":49},"end":{"line":47,"column":71}}],"line":47},"3":{"loc":{"start":{"line":160,"column":4},"end":{"line":162,"column":5}},"type":"if","locations":[{"start":{"line":160,"column":4},"end":{"line":162,"column":5}},{"start":{"line":160,"column":4},"end":{"line":162,"column":5}}],"line":160},"4":{"loc":{"start":{"line":240,"column":13},"end":{"line":254,"column":13}},"type":"cond-expr","locations":[{"start":{"line":241,"column":14},"end":{"line":245,"column":33}},{"start":{"line":248,"column":12},"end":{"line":253,"column":31}}],"line":240},"5":{"loc":{"start":{"line":258,"column":13},"end":{"line":300,"column":13}},"type":"cond-expr","locations":[{"start":{"line":259,"column":14},"end":{"line":282,"column":21}},{"start":{"line":284,"column":14},"end":{"line":299,"column":21}}],"line":258},"6":{"loc":{"start":{"line":303,"column":11},"end":{"line":318,"column":11}},"type":"cond-expr","locations":[{"start":{"line":304,"column":12},"end":{"line":313,"column":19}},{"start":{"line":315,"column":12},"end":{"line":317,"column":19}}],"line":303},"7":{"loc":{"start":{"line":319,"column":11},"end":{"line":376,"column":11}},"type":"cond-expr","locations":[{"start":{"line":320,"column":12},"end":{"line":371,"column":28}},{"start":{"line":373,"column":12},"end":{"line":375,"column":19}}],"line":319}},"s":{"0":4,"1":4,"2":4,"3":4,"4":4,"5":0,"6":0,"7":0,"8":0,"9":0,"10":0,"11":0,"12":0,"13":4,"14":2,"15":2,"16":2,"17":2,"18":2,"19":2,"20":2,"21":2,"22":2,"23":2,"24":0,"25":0,"26":0,"27":0,"28":0,"29":0,"30":0,"31":0,"32":2,"33":0,"34":0,"35":0,"36":0,"37":0,"38":0,"39":0,"40":0,"41":0,"42":2,"43":0,"44":2,"45":0,"46":0,"47":2,"48":0,"49":0,"50":0,"51":0,"52":0,"53":0,"54":0,"55":0,"56":4,"57":0,"58":4},"f":{"0":0,"1":2,"2":0,"3":0,"4":0,"5":0,"6":0,"7":0,"8":0,"9":0,"10":0,"11":0,"12":0,"13":0,"14":0,"15":0,"16":0,"17":0,"18":0,"19":0},"b":{"0":[2,2],"1":[0,0],"2":[0,0],"3":[0,0],"4":[0,2],"5":[1,1],"6":[0,2],"7":[0,2]},"_coverageSchema":"1a1c01bbd47fc00a2c39e90264f33305004495a9","hash":"8edf8ac3a696253d80d5265d2ff4e0b4e6584e2a"}
,"C:\\Users\\juzen\\GIT\\Study\\nutrition\\screens\\NewMeal.js": {"path":"C:\\Users\\juzen\\GIT\\Study\\nutrition\\screens\\NewMeal.js","statementMap":{"0":{"start":{"line":18,"column":23},"end":{"line":18,"column":47}},"1":{"start":{"line":20,"column":16},"end":{"line":212,"column":1}},"2":{"start":{"line":21,"column":36},"end":{"line":21,"column":51}},"3":{"start":{"line":22,"column":42},"end":{"line":22,"column":57}},"4":{"start":{"line":23,"column":28},"end":{"line":23,"column":38}},"5":{"start":{"line":24,"column":30},"end":{"line":24,"column":44}},"6":{"start":{"line":25,"column":26},"end":{"line":25,"column":38}},"7":{"start":{"line":26,"column":46},"end":{"line":26,"column":58}},"8":{"start":{"line":28,"column":42},"end":{"line":28,"column":57}},"9":{"start":{"line":30,"column":19},"end":{"line":30,"column":31}},"10":{"start":{"line":32,"column":19},"end":{"line":32,"column":52}},"11":{"start":{"line":34,"column":19},"end":{"line":34,"column":32}},"12":{"start":{"line":36,"column":22},"end":{"line":36,"column":71}},"13":{"start":{"line":36,"column":43},"end":{"line":36,"column":70}},"14":{"start":{"line":38,"column":25},"end":{"line":38,"column":68}},"15":{"start":{"line":38,"column":46},"end":{"line":38,"column":67}},"16":{"start":{"line":40,"column":26},"end":{"line":40,"column":79}},"17":{"start":{"line":40,"column":47},"end":{"line":40,"column":78}},"18":{"start":{"line":43,"column":26},"end":{"line":53,"column":54}},"19":{"start":{"line":44,"column":2},"end":{"line":44,"column":22}},"20":{"start":{"line":45,"column":2},"end":{"line":45,"column":23}},"21":{"start":{"line":46,"column":2},"end":{"line":46,"column":16}},"22":{"start":{"line":47,"column":2},"end":{"line":51,"column":3}},"23":{"start":{"line":48,"column":4},"end":{"line":48,"column":38}},"24":{"start":{"line":50,"column":4},"end":{"line":50,"column":25}},"25":{"start":{"line":52,"column":2},"end":{"line":52,"column":24}},"26":{"start":{"line":59,"column":2},"end":{"line":61,"column":19}},"27":{"start":{"line":60,"column":4},"end":{"line":60,"column":24}},"28":{"start":{"line":63,"column":2},"end":{"line":65,"column":23}},"29":{"start":{"line":64,"column":4},"end":{"line":64,"column":38}},"30":{"start":{"line":68,"column":28},"end":{"line":78,"column":3}},"31":{"start":{"line":70,"column":32},"end":{"line":75,"column":6}},"32":{"start":{"line":71,"column":17},"end":{"line":71,"column":46}},"33":{"start":{"line":72,"column":19},"end":{"line":72,"column":38}},"34":{"start":{"line":74,"column":6},"end":{"line":74,"column":38}},"35":{"start":{"line":77,"column":4},"end":{"line":77,"column":32}},"36":{"start":{"line":80,"column":24},"end":{"line":85,"column":3}},"37":{"start":{"line":82,"column":23},"end":{"line":82,"column":43}},"38":{"start":{"line":84,"column":4},"end":{"line":84,"column":26}},"39":{"start":{"line":87,"column":24},"end":{"line":91,"column":3}},"40":{"start":{"line":88,"column":4},"end":{"line":88,"column":23}},"41":{"start":{"line":89,"column":4},"end":{"line":89,"column":29}},"42":{"start":{"line":90,"column":4},"end":{"line":90,"column":21}},"43":{"start":{"line":93,"column":26},"end":{"line":104,"column":3}},"44":{"start":{"line":94,"column":4},"end":{"line":94,"column":31}},"45":{"start":{"line":96,"column":4},"end":{"line":96,"column":41}},"46":{"start":{"line":98,"column":27},"end":{"line":100,"column":12}},"47":{"start":{"line":99,"column":6},"end":{"line":99,"column":35}},"48":{"start":{"line":101,"column":25},"end":{"line":103,"column":12}},"49":{"start":{"line":102,"column":6},"end":{"line":102,"column":28}},"50":{"start":{"line":108,"column":28},"end":{"line":134,"column":3}},"51":{"start":{"line":109,"column":4},"end":{"line":133,"column":5}},"52":{"start":{"line":115,"column":12},"end":{"line":125,"column":14}},"53":{"start":{"line":128,"column":12},"end":{"line":128,"column":36}},"54":{"start":{"line":129,"column":31},"end":{"line":129,"column":62}},"55":{"start":{"line":130,"column":12},"end":{"line":130,"column":34}},"56":{"start":{"line":136,"column":2},"end":{"line":141,"column":14}},"57":{"start":{"line":137,"column":2},"end":{"line":137,"column":20}},"58":{"start":{"line":138,"column":2},"end":{"line":140,"column":4}},"59":{"start":{"line":139,"column":4},"end":{"line":139,"column":23}},"60":{"start":{"line":143,"column":2},"end":{"line":149,"column":3}},"61":{"start":{"line":144,"column":4},"end":{"line":148,"column":6}},"62":{"start":{"line":151,"column":2},"end":{"line":211,"column":3}},"63":{"start":{"line":171,"column":32},"end":{"line":171,"column":55}},"64":{"start":{"line":184,"column":39},"end":{"line":184,"column":46}},"65":{"start":{"line":214,"column":0},"end":{"line":218,"column":1}},"66":{"start":{"line":215,"column":2},"end":{"line":217,"column":3}},"67":{"start":{"line":220,"column":15},"end":{"line":295,"column":2}}},"fnMap":{"0":{"name":"(anonymous_0)","decl":{"start":{"line":20,"column":16},"end":{"line":20,"column":17}},"loc":{"start":{"line":20,"column":27},"end":{"line":212,"column":1}},"line":20},"1":{"name":"(anonymous_1)","decl":{"start":{"line":36,"column":34},"end":{"line":36,"column":35}},"loc":{"start":{"line":36,"column":43},"end":{"line":36,"column":70}},"line":36},"2":{"name":"(anonymous_2)","decl":{"start":{"line":38,"column":37},"end":{"line":38,"column":38}},"loc":{"start":{"line":38,"column":46},"end":{"line":38,"column":67}},"line":38},"3":{"name":"(anonymous_3)","decl":{"start":{"line":40,"column":38},"end":{"line":40,"column":39}},"loc":{"start":{"line":40,"column":47},"end":{"line":40,"column":78}},"line":40},"4":{"name":"(anonymous_4)","decl":{"start":{"line":43,"column":38},"end":{"line":43,"column":39}},"loc":{"start":{"line":43,"column":50},"end":{"line":53,"column":1}},"line":43},"5":{"name":"(anonymous_5)","decl":{"start":{"line":59,"column":12},"end":{"line":59,"column":13}},"loc":{"start":{"line":59,"column":18},"end":{"line":61,"column":3}},"line":59},"6":{"name":"(anonymous_6)","decl":{"start":{"line":63,"column":12},"end":{"line":63,"column":13}},"loc":{"start":{"line":63,"column":18},"end":{"line":65,"column":3}},"line":63},"7":{"name":"(anonymous_7)","decl":{"start":{"line":68,"column":28},"end":{"line":68,"column":29}},"loc":{"start":{"line":68,"column":39},"end":{"line":78,"column":3}},"line":68},"8":{"name":"(anonymous_8)","decl":{"start":{"line":70,"column":51},"end":{"line":70,"column":52}},"loc":{"start":{"line":70,"column":65},"end":{"line":75,"column":5}},"line":70},"9":{"name":"(anonymous_9)","decl":{"start":{"line":80,"column":24},"end":{"line":80,"column":25}},"loc":{"start":{"line":80,"column":32},"end":{"line":85,"column":3}},"line":80},"10":{"name":"(anonymous_10)","decl":{"start":{"line":87,"column":24},"end":{"line":87,"column":25}},"loc":{"start":{"line":87,"column":35},"end":{"line":91,"column":3}},"line":87},"11":{"name":"(anonymous_11)","decl":{"start":{"line":93,"column":26},"end":{"line":93,"column":27}},"loc":{"start":{"line":93,"column":37},"end":{"line":104,"column":3}},"line":93},"12":{"name":"(anonymous_12)","decl":{"start":{"line":98,"column":44},"end":{"line":98,"column":45}},"loc":{"start":{"line":98,"column":50},"end":{"line":100,"column":5}},"line":98},"13":{"name":"(anonymous_13)","decl":{"start":{"line":101,"column":42},"end":{"line":101,"column":43}},"loc":{"start":{"line":101,"column":48},"end":{"line":103,"column":5}},"line":101},"14":{"name":"(anonymous_14)","decl":{"start":{"line":108,"column":28},"end":{"line":108,"column":29}},"loc":{"start":{"line":108,"column":42},"end":{"line":134,"column":3}},"line":108},"15":{"name":"(anonymous_15)","decl":{"start":{"line":114,"column":30},"end":{"line":114,"column":31}},"loc":{"start":{"line":114,"column":36},"end":{"line":126,"column":11}},"line":114},"16":{"name":"(anonymous_16)","decl":{"start":{"line":127,"column":27},"end":{"line":127,"column":28}},"loc":{"start":{"line":127,"column":33},"end":{"line":131,"column":11}},"line":127},"17":{"name":"(anonymous_17)","decl":{"start":{"line":136,"column":12},"end":{"line":136,"column":13}},"loc":{"start":{"line":136,"column":18},"end":{"line":141,"column":1}},"line":136},"18":{"name":"(anonymous_18)","decl":{"start":{"line":138,"column":25},"end":{"line":138,"column":26}},"loc":{"start":{"line":138,"column":31},"end":{"line":140,"column":3}},"line":138},"19":{"name":"(anonymous_19)","decl":{"start":{"line":171,"column":24},"end":{"line":171,"column":25}},"loc":{"start":{"line":171,"column":32},"end":{"line":171,"column":55}},"line":171},"20":{"name":"(anonymous_20)","decl":{"start":{"line":184,"column":22},"end":{"line":184,"column":23}},"loc":{"start":{"line":184,"column":39},"end":{"line":184,"column":46}},"line":184},"21":{"name":"(anonymous_21)","decl":{"start":{"line":214,"column":28},"end":{"line":214,"column":29}},"loc":{"start":{"line":214,"column":34},"end":{"line":218,"column":1}},"line":214}},"branchMap":{"0":{"loc":{"start":{"line":143,"column":2},"end":{"line":149,"column":3}},"type":"if","locations":[{"start":{"line":143,"column":2},"end":{"line":149,"column":3}},{"start":{"line":143,"column":2},"end":{"line":149,"column":3}}],"line":143},"1":{"loc":{"start":{"line":194,"column":7},"end":{"line":209,"column":7}},"type":"cond-expr","locations":[{"start":{"line":195,"column":8},"end":{"line":204,"column":15}},{"start":{"line":206,"column":8},"end":{"line":208,"column":15}}],"line":194}},"s":{"0":2,"1":2,"2":0,"3":0,"4":0,"5":0,"6":0,"7":0,"8":0,"9":0,"10":0,"11":0,"12":0,"13":0,"14":0,"15":0,"16":0,"17":0,"18":0,"19":0,"20":0,"21":0,"22":0,"23":0,"24":0,"25":0,"26":0,"27":0,"28":0,"29":0,"30":0,"31":0,"32":0,"33":0,"34":0,"35":0,"36":0,"37":0,"38":0,"39":0,"40":0,"41":0,"42":0,"43":0,"44":0,"45":0,"46":0,"47":0,"48":0,"49":0,"50":0,"51":0,"52":0,"53":0,"54":0,"55":0,"56":0,"57":0,"58":0,"59":0,"60":0,"61":0,"62":0,"63":0,"64":0,"65":2,"66":0,"67":2},"f":{"0":0,"1":0,"2":0,"3":0,"4":0,"5":0,"6":0,"7":0,"8":0,"9":0,"10":0,"11":0,"12":0,"13":0,"14":0,"15":0,"16":0,"17":0,"18":0,"19":0,"20":0,"21":0},"b":{"0":[0,0],"1":[0,0]},"_coverageSchema":"1a1c01bbd47fc00a2c39e90264f33305004495a9","hash":"5a688782fcdf481fc1e6296d47c73cb5067bcc7f"}
,"C:\\Users\\juzen\\GIT\\Study\\nutrition\\screens\\PersonalInfoScreen.js": {"path":"C:\\Users\\juzen\\GIT\\Study\\nutrition\\screens\\PersonalInfoScreen.js","statementMap":{"0":{"start":{"line":8,"column":23},"end":{"line":8,"column":47}},"1":{"start":{"line":10,"column":27},"end":{"line":174,"column":1}},"2":{"start":{"line":12,"column":17},"end":{"line":12,"column":52}},"3":{"start":{"line":13,"column":19},"end":{"line":13,"column":52}},"4":{"start":{"line":14,"column":23},"end":{"line":14,"column":60}},"5":{"start":{"line":16,"column":24},"end":{"line":16,"column":38}},"6":{"start":{"line":17,"column":34},"end":{"line":17,"column":48}},"7":{"start":{"line":18,"column":30},"end":{"line":18,"column":44}},"8":{"start":{"line":20,"column":38},"end":{"line":20,"column":53}},"9":{"start":{"line":21,"column":40},"end":{"line":21,"column":55}},"10":{"start":{"line":22,"column":38},"end":{"line":22,"column":53}},"11":{"start":{"line":25,"column":22},"end":{"line":25,"column":34}},"12":{"start":{"line":26,"column":21},"end":{"line":26,"column":33}},"13":{"start":{"line":28,"column":2},"end":{"line":173,"column":3}},"14":{"start":{"line":36,"column":39},"end":{"line":36,"column":74}},"15":{"start":{"line":66,"column":9},"end":{"line":66,"column":28}},"16":{"start":{"line":67,"column":9},"end":{"line":67,"column":21}},"17":{"start":{"line":75,"column":30},"end":{"line":75,"column":57}},"18":{"start":{"line":102,"column":8},"end":{"line":102,"column":28}},"19":{"start":{"line":103,"column":8},"end":{"line":103,"column":23}},"20":{"start":{"line":110,"column":29},"end":{"line":110,"column":55}},"21":{"start":{"line":139,"column":7},"end":{"line":139,"column":26}},"22":{"start":{"line":140,"column":7},"end":{"line":140,"column":22}},"23":{"start":{"line":157,"column":8},"end":{"line":164,"column":10}},"24":{"start":{"line":176,"column":0},"end":{"line":180,"column":1}},"25":{"start":{"line":177,"column":2},"end":{"line":179,"column":3}},"26":{"start":{"line":182,"column":15},"end":{"line":234,"column":2}}},"fnMap":{"0":{"name":"(anonymous_0)","decl":{"start":{"line":10,"column":27},"end":{"line":10,"column":28}},"loc":{"start":{"line":10,"column":38},"end":{"line":174,"column":1}},"line":10},"1":{"name":"(anonymous_1)","decl":{"start":{"line":36,"column":32},"end":{"line":36,"column":33}},"loc":{"start":{"line":36,"column":38},"end":{"line":36,"column":75}},"line":36},"2":{"name":"(anonymous_2)","decl":{"start":{"line":65,"column":21},"end":{"line":65,"column":22}},"loc":{"start":{"line":65,"column":29},"end":{"line":68,"column":8}},"line":65},"3":{"name":"(anonymous_3)","decl":{"start":{"line":75,"column":24},"end":{"line":75,"column":25}},"loc":{"start":{"line":75,"column":30},"end":{"line":75,"column":57}},"line":75},"4":{"name":"(anonymous_4)","decl":{"start":{"line":101,"column":20},"end":{"line":101,"column":21}},"loc":{"start":{"line":101,"column":28},"end":{"line":104,"column":7}},"line":101},"5":{"name":"(anonymous_5)","decl":{"start":{"line":110,"column":23},"end":{"line":110,"column":24}},"loc":{"start":{"line":110,"column":29},"end":{"line":110,"column":55}},"line":110},"6":{"name":"(anonymous_6)","decl":{"start":{"line":138,"column":19},"end":{"line":138,"column":20}},"loc":{"start":{"line":138,"column":27},"end":{"line":141,"column":6}},"line":138},"7":{"name":"(anonymous_7)","decl":{"start":{"line":156,"column":15},"end":{"line":156,"column":16}},"loc":{"start":{"line":156,"column":21},"end":{"line":165,"column":7}},"line":156},"8":{"name":"(anonymous_8)","decl":{"start":{"line":176,"column":39},"end":{"line":176,"column":40}},"loc":{"start":{"line":176,"column":45},"end":{"line":180,"column":1}},"line":176}},"branchMap":{"0":{"loc":{"start":{"line":47,"column":7},"end":{"line":61,"column":7}},"type":"cond-expr","locations":[{"start":{"line":48,"column":8},"end":{"line":56,"column":26}},{"start":{"line":58,"column":8},"end":{"line":60,"column":15}}],"line":47},"1":{"loc":{"start":{"line":83,"column":9},"end":{"line":97,"column":9}},"type":"cond-expr","locations":[{"start":{"line":84,"column":10},"end":{"line":92,"column":28}},{"start":{"line":94,"column":10},"end":{"line":96,"column":17}}],"line":83},"2":{"loc":{"start":{"line":120,"column":7},"end":{"line":134,"column":7}},"type":"cond-expr","locations":[{"start":{"line":121,"column":8},"end":{"line":129,"column":26}},{"start":{"line":131,"column":8},"end":{"line":133,"column":15}}],"line":120}},"s":{"0":4,"1":4,"2":2,"3":2,"4":2,"5":2,"6":2,"7":2,"8":2,"9":2,"10":2,"11":2,"12":2,"13":2,"14":0,"15":0,"16":0,"17":0,"18":0,"19":0,"20":0,"21":0,"22":0,"23":0,"24":4,"25":0,"26":4},"f":{"0":2,"1":0,"2":0,"3":0,"4":0,"5":0,"6":0,"7":0,"8":0},"b":{"0":[0,2],"1":[0,2],"2":[0,2]},"_coverageSchema":"1a1c01bbd47fc00a2c39e90264f33305004495a9","hash":"49798fe6ce531c8dc97a73654d51e6f0ce160d26"}
,"C:\\Users\\juzen\\GIT\\Study\\nutrition\\screens\\PreferencesScreen.js": {"path":"C:\\Users\\juzen\\GIT\\Study\\nutrition\\screens\\PreferencesScreen.js","statementMap":{"0":{"start":{"line":8,"column":23},"end":{"line":8,"column":47}},"1":{"start":{"line":10,"column":26},"end":{"line":114,"column":1}},"2":{"start":{"line":12,"column":17},"end":{"line":12,"column":52}},"3":{"start":{"line":13,"column":19},"end":{"line":13,"column":52}},"4":{"start":{"line":14,"column":23},"end":{"line":14,"column":60}},"5":{"start":{"line":15,"column":14},"end":{"line":15,"column":46}},"6":{"start":{"line":16,"column":17},"end":{"line":16,"column":52}},"7":{"start":{"line":17,"column":21},"end":{"line":17,"column":56}},"8":{"start":{"line":19,"column":44},"end":{"line":19,"column":59}},"9":{"start":{"line":20,"column":36},"end":{"line":20,"column":51}},"10":{"start":{"line":21,"column":30},"end":{"line":21,"column":45}},"11":{"start":{"line":23,"column":32},"end":{"line":23,"column":46}},"12":{"start":{"line":25,"column":2},"end":{"line":113,"column":3}},"13":{"start":{"line":29,"column":39},"end":{"line":29,"column":72}},"14":{"start":{"line":50,"column":27},"end":{"line":50,"column":53}},"15":{"start":{"line":67,"column":27},"end":{"line":67,"column":46}},"16":{"start":{"line":85,"column":14},"end":{"line":85,"column":32}},"17":{"start":{"line":95,"column":12},"end":{"line":103,"column":14}},"18":{"start":{"line":116,"column":0},"end":{"line":120,"column":1}},"19":{"start":{"line":117,"column":2},"end":{"line":119,"column":3}},"20":{"start":{"line":122,"column":15},"end":{"line":155,"column":2}}},"fnMap":{"0":{"name":"(anonymous_0)","decl":{"start":{"line":10,"column":26},"end":{"line":10,"column":27}},"loc":{"start":{"line":10,"column":37},"end":{"line":114,"column":1}},"line":10},"1":{"name":"(anonymous_1)","decl":{"start":{"line":29,"column":32},"end":{"line":29,"column":33}},"loc":{"start":{"line":29,"column":38},"end":{"line":29,"column":73}},"line":29},"2":{"name":"(anonymous_2)","decl":{"start":{"line":50,"column":21},"end":{"line":50,"column":22}},"loc":{"start":{"line":50,"column":27},"end":{"line":50,"column":53}},"line":50},"3":{"name":"(anonymous_3)","decl":{"start":{"line":67,"column":21},"end":{"line":67,"column":22}},"loc":{"start":{"line":67,"column":27},"end":{"line":67,"column":46}},"line":67},"4":{"name":"(anonymous_4)","decl":{"start":{"line":84,"column":21},"end":{"line":84,"column":22}},"loc":{"start":{"line":84,"column":27},"end":{"line":86,"column":13}},"line":84},"5":{"name":"(anonymous_5)","decl":{"start":{"line":93,"column":19},"end":{"line":93,"column":20}},"loc":{"start":{"line":93,"column":25},"end":{"line":104,"column":11}},"line":93},"6":{"name":"(anonymous_6)","decl":{"start":{"line":116,"column":38},"end":{"line":116,"column":39}},"loc":{"start":{"line":116,"column":44},"end":{"line":120,"column":1}},"line":116}},"branchMap":{"0":{"loc":{"start":{"line":48,"column":21},"end":{"line":48,"column":73}},"type":"cond-expr","locations":[{"start":{"line":48,"column":50},"end":{"line":48,"column":59}},{"start":{"line":48,"column":62},"end":{"line":48,"column":73}}],"line":48},"1":{"loc":{"start":{"line":65,"column":21},"end":{"line":65,"column":66}},"type":"cond-expr","locations":[{"start":{"line":65,"column":43},"end":{"line":65,"column":52}},{"start":{"line":65,"column":55},"end":{"line":65,"column":66}}],"line":65},"2":{"loc":{"start":{"line":82,"column":21},"end":{"line":82,"column":65}},"type":"cond-expr","locations":[{"start":{"line":82,"column":42},"end":{"line":82,"column":51}},{"start":{"line":82,"column":54},"end":{"line":82,"column":65}}],"line":82}},"s":{"0":4,"1":4,"2":2,"3":2,"4":2,"5":2,"6":2,"7":2,"8":2,"9":2,"10":2,"11":2,"12":2,"13":0,"14":0,"15":0,"16":0,"17":0,"18":4,"19":0,"20":4},"f":{"0":2,"1":0,"2":0,"3":0,"4":0,"5":0,"6":0},"b":{"0":[0,2],"1":[0,2],"2":[0,2]},"_coverageSchema":"1a1c01bbd47fc00a2c39e90264f33305004495a9","hash":"72f17aa85450c6ec8952fe9179166b3f7cb026e5"}
,"C:\\Users\\juzen\\GIT\\Study\\nutrition\\screens\\ProfileScreen.js": {"path":"C:\\Users\\juzen\\GIT\\Study\\nutrition\\screens\\ProfileScreen.js","statementMap":{"0":{"start":{"line":21,"column":23},"end":{"line":21,"column":47}},"1":{"start":{"line":23,"column":15},"end":{"line":23,"column":34}},"2":{"start":{"line":25,"column":22},"end":{"line":570,"column":1}},"3":{"start":{"line":27,"column":40},"end":{"line":27,"column":54}},"4":{"start":{"line":30,"column":38},"end":{"line":30,"column":53}},"5":{"start":{"line":32,"column":46},"end":{"line":32,"column":61}},"6":{"start":{"line":34,"column":36},"end":{"line":34,"column":59}},"7":{"start":{"line":35,"column":36},"end":{"line":35,"column":51}},"8":{"start":{"line":36,"column":34},"end":{"line":36,"column":49}},"9":{"start":{"line":38,"column":32},"end":{"line":38,"column":46}},"10":{"start":{"line":41,"column":26},"end":{"line":41,"column":40}},"11":{"start":{"line":42,"column":34},"end":{"line":42,"column":48}},"12":{"start":{"line":46,"column":15},"end":{"line":46,"column":105}},"13":{"start":{"line":47,"column":20},"end":{"line":47,"column":68}},"14":{"start":{"line":57,"column":4},"end":{"line":69,"column":5}},"15":{"start":{"line":60,"column":6},"end":{"line":60,"column":79}},"16":{"start":{"line":60,"column":54},"end":{"line":60,"column":75}},"17":{"start":{"line":63,"column":6},"end":{"line":63,"column":32}},"18":{"start":{"line":63,"column":23},"end":{"line":63,"column":30}},"19":{"start":{"line":67,"column":6},"end":{"line":67,"column":23}},"20":{"start":{"line":68,"column":6},"end":{"line":68,"column":14}},"21":{"start":{"line":70,"column":4},"end":{"line":70,"column":14}},"22":{"start":{"line":75,"column":19},"end":{"line":75,"column":32}},"23":{"start":{"line":78,"column":25},"end":{"line":78,"column":68}},"24":{"start":{"line":78,"column":46},"end":{"line":78,"column":67}},"25":{"start":{"line":79,"column":19},"end":{"line":79,"column":56}},"26":{"start":{"line":79,"column":40},"end":{"line":79,"column":55}},"27":{"start":{"line":80,"column":23},"end":{"line":80,"column":64}},"28":{"start":{"line":80,"column":44},"end":{"line":80,"column":63}},"29":{"start":{"line":83,"column":24},"end":{"line":94,"column":3}},"30":{"start":{"line":84,"column":4},"end":{"line":93,"column":5}},"31":{"start":{"line":85,"column":6},"end":{"line":85,"column":23}},"32":{"start":{"line":86,"column":25},"end":{"line":86,"column":78}},"33":{"start":{"line":87,"column":6},"end":{"line":87,"column":34}},"34":{"start":{"line":88,"column":6},"end":{"line":88,"column":40}},"35":{"start":{"line":89,"column":6},"end":{"line":89,"column":24}},"36":{"start":{"line":90,"column":6},"end":{"line":90,"column":26}},"37":{"start":{"line":96,"column":34},"end":{"line":106,"column":3}},"38":{"start":{"line":97,"column":4},"end":{"line":105,"column":5}},"39":{"start":{"line":100,"column":25},"end":{"line":100,"column":75}},"40":{"start":{"line":102,"column":6},"end":{"line":102,"column":34}},"41":{"start":{"line":109,"column":32},"end":{"line":126,"column":3}},"42":{"start":{"line":110,"column":4},"end":{"line":125,"column":5}},"43":{"start":{"line":112,"column":3},"end":{"line":112,"column":46}},"44":{"start":{"line":113,"column":3},"end":{"line":113,"column":54}},"45":{"start":{"line":115,"column":6},"end":{"line":115,"column":23}},"46":{"start":{"line":117,"column":25},"end":{"line":117,"column":99}},"47":{"start":{"line":119,"column":6},"end":{"line":119,"column":34}},"48":{"start":{"line":121,"column":6},"end":{"line":121,"column":24}},"49":{"start":{"line":122,"column":6},"end":{"line":122,"column":30}},"50":{"start":{"line":128,"column":2},"end":{"line":156,"column":16}},"51":{"start":{"line":129,"column":27},"end":{"line":154,"column":5}},"52":{"start":{"line":131,"column":23},"end":{"line":131,"column":61}},"53":{"start":{"line":133,"column":30},"end":{"line":133,"column":50}},"54":{"start":{"line":135,"column":45},"end":{"line":135,"column":60}},"55":{"start":{"line":137,"column":27},"end":{"line":137,"column":49}},"56":{"start":{"line":143,"column":6},"end":{"line":151,"column":7}},"57":{"start":{"line":144,"column":8},"end":{"line":144,"column":46}},"58":{"start":{"line":145,"column":8},"end":{"line":145,"column":50}},"59":{"start":{"line":148,"column":8},"end":{"line":148,"column":46}},"60":{"start":{"line":149,"column":8},"end":{"line":149,"column":47}},"61":{"start":{"line":150,"column":8},"end":{"line":150,"column":77}},"62":{"start":{"line":153,"column":6},"end":{"line":153,"column":38}},"63":{"start":{"line":155,"column":2},"end":{"line":155,"column":18}},"64":{"start":{"line":160,"column":24},"end":{"line":185,"column":3}},"65":{"start":{"line":162,"column":4},"end":{"line":162,"column":22}},"66":{"start":{"line":164,"column":17},"end":{"line":164,"column":50}},"67":{"start":{"line":166,"column":18},"end":{"line":174,"column":5}},"68":{"start":{"line":176,"column":4},"end":{"line":176,"column":68}},"69":{"start":{"line":178,"column":4},"end":{"line":178,"column":22}},"70":{"start":{"line":180,"column":4},"end":{"line":180,"column":23}},"71":{"start":{"line":182,"column":4},"end":{"line":182,"column":37}},"72":{"start":{"line":184,"column":4},"end":{"line":184,"column":23}},"73":{"start":{"line":187,"column":2},"end":{"line":569,"column":3}},"74":{"start":{"line":216,"column":8},"end":{"line":216,"column":34}},"75":{"start":{"line":218,"column":8},"end":{"line":218,"column":27}},"76":{"start":{"line":232,"column":8},"end":{"line":232,"column":46}},"77":{"start":{"line":233,"column":8},"end":{"line":233,"column":50}},"78":{"start":{"line":236,"column":8},"end":{"line":236,"column":51}},"79":{"start":{"line":237,"column":8},"end":{"line":237,"column":63}},"80":{"start":{"line":239,"column":8},"end":{"line":239,"column":31}},"81":{"start":{"line":262,"column":8},"end":{"line":283,"column":10}},"82":{"start":{"line":268,"column":27},"end":{"line":268,"column":56}},"83":{"start":{"line":276,"column":14},"end":{"line":276,"column":32}},"84":{"start":{"line":278,"column":14},"end":{"line":278,"column":47}},"85":{"start":{"line":298,"column":8},"end":{"line":313,"column":10}},"86":{"start":{"line":304,"column":27},"end":{"line":304,"column":56}},"87":{"start":{"line":309,"column":27},"end":{"line":309,"column":42}},"88":{"start":{"line":354,"column":27},"end":{"line":354,"column":53}},"89":{"start":{"line":371,"column":27},"end":{"line":371,"column":46}},"90":{"start":{"line":388,"column":27},"end":{"line":388,"column":45}},"91":{"start":{"line":412,"column":23},"end":{"line":412,"column":43}},"92":{"start":{"line":421,"column":10},"end":{"line":438,"column":12}},"93":{"start":{"line":427,"column":29},"end":{"line":427,"column":58}},"94":{"start":{"line":433,"column":16},"end":{"line":433,"column":41}},"95":{"start":{"line":492,"column":36},"end":{"line":492,"column":49}},"96":{"start":{"line":517,"column":40},"end":{"line":517,"column":61}},"97":{"start":{"line":536,"column":25},"end":{"line":536,"column":49}},"98":{"start":{"line":572,"column":15},"end":{"line":661,"column":2}}},"fnMap":{"0":{"name":"(anonymous_0)","decl":{"start":{"line":25,"column":22},"end":{"line":25,"column":23}},"loc":{"start":{"line":25,"column":33},"end":{"line":570,"column":1}},"line":25},"1":{"name":"getKeyByValue","decl":{"start":{"line":53,"column":11},"end":{"line":53,"column":24}},"loc":{"start":{"line":53,"column":40},"end":{"line":71,"column":3}},"line":53},"2":{"name":"(anonymous_2)","decl":{"start":{"line":60,"column":47},"end":{"line":60,"column":48}},"loc":{"start":{"line":60,"column":54},"end":{"line":60,"column":75}},"line":60},"3":{"name":"(anonymous_3)","decl":{"start":{"line":78,"column":37},"end":{"line":78,"column":38}},"loc":{"start":{"line":78,"column":46},"end":{"line":78,"column":67}},"line":78},"4":{"name":"(anonymous_4)","decl":{"start":{"line":79,"column":31},"end":{"line":79,"column":32}},"loc":{"start":{"line":79,"column":40},"end":{"line":79,"column":55}},"line":79},"5":{"name":"(anonymous_5)","decl":{"start":{"line":80,"column":35},"end":{"line":80,"column":36}},"loc":{"start":{"line":80,"column":44},"end":{"line":80,"column":63}},"line":80},"6":{"name":"(anonymous_6)","decl":{"start":{"line":83,"column":24},"end":{"line":83,"column":25}},"loc":{"start":{"line":83,"column":35},"end":{"line":94,"column":3}},"line":83},"7":{"name":"(anonymous_7)","decl":{"start":{"line":96,"column":34},"end":{"line":96,"column":35}},"loc":{"start":{"line":96,"column":45},"end":{"line":106,"column":3}},"line":96},"8":{"name":"(anonymous_8)","decl":{"start":{"line":109,"column":32},"end":{"line":109,"column":33}},"loc":{"start":{"line":109,"column":43},"end":{"line":126,"column":3}},"line":109},"9":{"name":"(anonymous_9)","decl":{"start":{"line":128,"column":12},"end":{"line":128,"column":13}},"loc":{"start":{"line":128,"column":18},"end":{"line":156,"column":3}},"line":128},"10":{"name":"(anonymous_10)","decl":{"start":{"line":129,"column":27},"end":{"line":129,"column":28}},"loc":{"start":{"line":129,"column":39},"end":{"line":154,"column":5}},"line":129},"11":{"name":"(anonymous_11)","decl":{"start":{"line":160,"column":24},"end":{"line":160,"column":25}},"loc":{"start":{"line":160,"column":36},"end":{"line":185,"column":3}},"line":160},"12":{"name":"(anonymous_12)","decl":{"start":{"line":214,"column":15},"end":{"line":214,"column":16}},"loc":{"start":{"line":214,"column":26},"end":{"line":219,"column":7}},"line":214},"13":{"name":"(anonymous_13)","decl":{"start":{"line":230,"column":15},"end":{"line":230,"column":16}},"loc":{"start":{"line":230,"column":21},"end":{"line":240,"column":7}},"line":230},"14":{"name":"(anonymous_14)","decl":{"start":{"line":260,"column":15},"end":{"line":260,"column":16}},"loc":{"start":{"line":260,"column":21},"end":{"line":285,"column":7}},"line":260},"15":{"name":"(anonymous_15)","decl":{"start":{"line":268,"column":21},"end":{"line":268,"column":22}},"loc":{"start":{"line":268,"column":27},"end":{"line":268,"column":56}},"line":268},"16":{"name":"(anonymous_16)","decl":{"start":{"line":273,"column":21},"end":{"line":273,"column":22}},"loc":{"start":{"line":273,"column":27},"end":{"line":279,"column":13}},"line":273},"17":{"name":"(anonymous_17)","decl":{"start":{"line":296,"column":15},"end":{"line":296,"column":16}},"loc":{"start":{"line":296,"column":21},"end":{"line":314,"column":7}},"line":296},"18":{"name":"(anonymous_18)","decl":{"start":{"line":304,"column":21},"end":{"line":304,"column":22}},"loc":{"start":{"line":304,"column":27},"end":{"line":304,"column":56}},"line":304},"19":{"name":"(anonymous_19)","decl":{"start":{"line":309,"column":21},"end":{"line":309,"column":22}},"loc":{"start":{"line":309,"column":27},"end":{"line":309,"column":42}},"line":309},"20":{"name":"(anonymous_20)","decl":{"start":{"line":354,"column":21},"end":{"line":354,"column":22}},"loc":{"start":{"line":354,"column":27},"end":{"line":354,"column":53}},"line":354},"21":{"name":"(anonymous_21)","decl":{"start":{"line":371,"column":21},"end":{"line":371,"column":22}},"loc":{"start":{"line":371,"column":27},"end":{"line":371,"column":46}},"line":371},"22":{"name":"(anonymous_22)","decl":{"start":{"line":388,"column":21},"end":{"line":388,"column":22}},"loc":{"start":{"line":388,"column":27},"end":{"line":388,"column":45}},"line":388},"23":{"name":"(anonymous_23)","decl":{"start":{"line":412,"column":17},"end":{"line":412,"column":18}},"loc":{"start":{"line":412,"column":23},"end":{"line":412,"column":43}},"line":412},"24":{"name":"(anonymous_24)","decl":{"start":{"line":420,"column":17},"end":{"line":420,"column":18}},"loc":{"start":{"line":420,"column":23},"end":{"line":439,"column":9}},"line":420},"25":{"name":"(anonymous_25)","decl":{"start":{"line":427,"column":23},"end":{"line":427,"column":24}},"loc":{"start":{"line":427,"column":29},"end":{"line":427,"column":58}},"line":427},"26":{"name":"(anonymous_26)","decl":{"start":{"line":432,"column":23},"end":{"line":432,"column":24}},"loc":{"start":{"line":432,"column":29},"end":{"line":434,"column":15}},"line":432},"27":{"name":"(anonymous_27)","decl":{"start":{"line":492,"column":25},"end":{"line":492,"column":26}},"loc":{"start":{"line":492,"column":36},"end":{"line":492,"column":49}},"line":492},"28":{"name":"(anonymous_28)","decl":{"start":{"line":517,"column":25},"end":{"line":517,"column":26}},"loc":{"start":{"line":517,"column":40},"end":{"line":517,"column":61}},"line":517},"29":{"name":"(anonymous_29)","decl":{"start":{"line":536,"column":19},"end":{"line":536,"column":20}},"loc":{"start":{"line":536,"column":25},"end":{"line":536,"column":49}},"line":536}},"branchMap":{"0":{"loc":{"start":{"line":63,"column":6},"end":{"line":63,"column":32}},"type":"if","locations":[{"start":{"line":63,"column":6},"end":{"line":63,"column":32}},{"start":{"line":63,"column":6},"end":{"line":63,"column":32}}],"line":63},"1":{"loc":{"start":{"line":143,"column":6},"end":{"line":151,"column":7}},"type":"if","locations":[{"start":{"line":143,"column":6},"end":{"line":151,"column":7}},{"start":{"line":143,"column":6},"end":{"line":151,"column":7}}],"line":143},"2":{"loc":{"start":{"line":333,"column":3},"end":{"l
[...]
}},"17":{"start":{"line":41,"column":6},"end":{"line":41,"column":16}},"18":{"start":{"line":46,"column":30},"end":{"line":78,"column":1}},"19":{"start":{"line":47,"column":2},"end":{"line":77,"column":3}},"20":{"start":{"line":49,"column":17},"end":{"line":49,"column":50}},"21":{"start":{"line":50,"column":19},"end":{"line":50,"column":27}},"22":{"start":{"line":51,"column":18},"end":{"line":51,"column":41}},"23":{"start":{"line":52,"column":4},"end":{"line":74,"column":3}},"24":{"start":{"line":54,"column":23},"end":{"line":64,"column":8}},"25":{"start":{"line":66,"column":4},"end":{"line":68,"column":5}},"26":{"start":{"line":67,"column":6},"end":{"line":67,"column":45}},"27":{"start":{"line":70,"column":20},"end":{"line":70,"column":41}},"28":{"start":{"line":73,"column":4},"end":{"line":73,"column":14}},"29":{"start":{"line":76,"column":4},"end":{"line":76,"column":124}},"30":{"start":{"line":80,"column":28},"end":{"line":85,"column":1}},"31":{"start":{"line":81,"column":2},"end":{"line":84,"column":3}},"32":{"start":{"line":83,"column":4},"end":{"line":83,"column":66}},"33":{"start":{"line":87,"column":27},"end":{"line":91,"column":1}},"34":{"start":{"line":88,"column":2},"end":{"line":90,"column":3}},"35":{"start":{"line":89,"column":4},"end":{"line":89,"column":56}},"36":{"start":{"line":93,"column":22},"end":{"line":161,"column":1}},"37":{"start":{"line":94,"column":2},"end":{"line":160,"column":3}},"38":{"start":{"line":95,"column":21},"end":{"line":95,"column":90}},"39":{"start":{"line":96,"column":17},"end":{"line":96,"column":50}},"40":{"start":{"line":98,"column":20},"end":{"line":98,"column":43}},"41":{"start":{"line":129,"column":23},"end":{"line":131,"column":6}},"42":{"start":{"line":133,"column":18},"end":{"line":133,"column":20}},"43":{"start":{"line":136,"column":19},"end":{"line":144,"column":5}},"44":{"start":{"line":145,"column":4},"end":{"line":145,"column":42}},"45":{"start":{"line":147,"column":4},"end":{"line":147,"column":51}},"46":{"start":{"line":157,"column":4},"end":{"line":157,"column":45}},"47":{"start":{"line":158,"column":4},"end":{"line":158,"column":102}},"48":{"start":{"line":159,"column":4},"end":{"line":159,"column":46}},"49":{"start":{"line":163,"column":21},"end":{"line":173,"column":1}},"50":{"start":{"line":164,"column":2},"end":{"line":172,"column":3}},"51":{"start":{"line":165,"column":21},"end":{"line":165,"column":86}},"52":{"start":{"line":167,"column":17},"end":{"line":167,"column":50}},"53":{"start":{"line":168,"column":20},"end":{"line":168,"column":43}},"54":{"start":{"line":170,"column":4},"end":{"line":170,"column":45}},"55":{"start":{"line":171,"column":4},"end":{"line":171,"column":58}},"56":{"start":{"line":175,"column":22},"end":{"line":179,"column":1}},"57":{"start":{"line":177,"column":2},"end":{"line":177,"column":37}},"58":{"start":{"line":178,"column":2},"end":{"line":178,"column":25}},"59":{"start":{"line":181,"column":26},"end":{"line":187,"column":1}},"60":{"start":{"line":182,"column":2},"end":{"line":186,"column":5}}},"fnMap":{"0":{"name":"(anonymous_0)","decl":{"start":{"line":22,"column":29},"end":{"line":22,"column":30}},"loc":{"start":{"line":22,"column":35},"end":{"line":44,"column":1}},"line":22},"1":{"name":"(anonymous_1)","decl":{"start":{"line":23,"column":11},"end":{"line":23,"column":12}},"loc":{"start":{"line":23,"column":41},"end":{"line":43,"column":3}},"line":23},"2":{"name":"(anonymous_2)","decl":{"start":{"line":46,"column":30},"end":{"line":46,"column":31}},"loc":{"start":{"line":46,"column":77},"end":{"line":78,"column":1}},"line":46},"3":{"name":"(anonymous_3)","decl":{"start":{"line":47,"column":9},"end":{"line":47,"column":10}},"loc":{"start":{"line":47,"column":39},"end":{"line":77,"column":3}},"line":47},"4":{"name":"(anonymous_4)","decl":{"start":{"line":80,"column":28},"end":{"line":80,"column":29}},"loc":{"start":{"line":80,"column":47},"end":{"line":85,"column":1}},"line":80},"5":{"name":"(anonymous_5)","decl":{"start":{"line":81,"column":9},"end":{"line":81,"column":10}},"loc":{"start":{"line":81,"column":21},"end":{"line":84,"column":3}},"line":81},"6":{"name":"(anonymous_6)","decl":{"start":{"line":87,"column":27},"end":{"line":87,"column":28}},"loc":{"start":{"line":87,"column":41},"end":{"line":91,"column":1}},"line":87},"7":{"name":"(anonymous_7)","decl":{"start":{"line":88,"column":9},"end":{"line":88,"column":10}},"loc":{"start":{"line":88,"column":21},"end":{"line":90,"column":3}},"line":88},"8":{"name":"(anonymous_8)","decl":{"start":{"line":93,"column":22},"end":{"line":93,"column":23}},"loc":{"start":{"line":93,"column":118},"end":{"line":161,"column":1}},"line":93},"9":{"name":"(anonymous_9)","decl":{"start":{"line":94,"column":9},"end":{"line":94,"column":10}},"loc":{"start":{"line":94,"column":27},"end":{"line":160,"column":3}},"line":94},"10":{"name":"(anonymous_10)","decl":{"start":{"line":163,"column":21},"end":{"line":163,"column":22}},"loc":{"start":{"line":163,"column":42},"end":{"line":173,"column":1}},"line":163},"11":{"name":"(anonymous_11)","decl":{"start":{"line":164,"column":9},"end":{"line":164,"column":10}},"loc":{"start":{"line":164,"column":27},"end":{"line":172,"column":3}},"line":164},"12":{"name":"(anonymous_12)","decl":{"start":{"line":175,"column":22},"end":{"line":175,"column":23}},"loc":{"start":{"line":175,"column":28},"end":{"line":179,"column":1}},"line":175},"13":{"name":"(anonymous_13)","decl":{"start":{"line":181,"column":26},"end":{"line":181,"column":27}},"loc":{"start":{"line":181,"column":58},"end":{"line":187,"column":1}},"line":181}},"branchMap":{"0":{"loc":{"start":{"line":31,"column":6},"end":{"line":34,"column":7}},"type":"if","locations":[{"start":{"line":31,"column":6},"end":{"line":34,"column":7}},{"start":{"line":31,"column":6},"end":{"line":34,"column":7}}],"line":31},"1":{"loc":{"start":{"line":66,"column":4},"end":{"line":68,"column":5}},"type":"if","locations":[{"start":{"line":66,"column":4},"end":{"line":68,"column":5}},{"start":{"line":66,"column":4},"end":{"line":68,"column":5}}],"line":66}},"s":{"0":14,"1":14,"2":14,"3":14,"4":14,"5":14,"6":14,"7":0,"8":0,"9":0,"10":0,"11":0,"12":0,"13":0,"14":0,"15":0,"16":0,"17":0,"18":14,"19":0,"20":0,"21":0,"22":0,"23":0,"24":0,"25":0,"26":0,"27":0,"28":0,"29":0,"30":14,"31":2,"32":2,"33":14,"34":2,"35":2,"36":14,"37":0,"38":0,"39":0,"40":0,"41":0,"42":0,"43":0,"44":0,"45":0,"46":0,"47":0,"48":0,"49":14,"50":0,"51":0,"52":0,"53":0,"54":0,"55":0,"56":14,"57":2,"58":2,"59":14,"60":0},"f":{"0":0,"1":0,"2":0,"3":0,"4":2,"5":2,"6":2,"7":2,"8":0,"9":0,"10":0,"11":0,"12":2,"13":0},"b":{"0":[0,0],"1":[0,0]},"_coverageSchema":"1a1c01bbd47fc00a2c39e90264f33305004495a9","hash":"a53c2d65eb2b629295e3b9ee99152978351ca038"}
,"C:\\Users\\juzen\\GIT\\Study\\nutrition\\store\\actions\\nutrition.js": {"path":"C:\\Users\\juzen\\GIT\\Study\\nutrition\\store\\actions\\nutrition.js","statementMap":{"0":{"start":{"line":4,"column":24},"end":{"line":4,"column":34}},"1":{"start":{"line":5,"column":28},"end":{"line":5,"column":42}},"2":{"start":{"line":6,"column":30},"end":{"line":6,"column":46}},"3":{"start":{"line":7,"column":31},"end":{"line":7,"column":48}},"4":{"start":{"line":8,"column":31},"end":{"line":8,"column":47}},"5":{"start":{"line":9,"column":33},"end":{"line":9,"column":52}},"6":{"start":{"line":11,"column":32},"end":{"line":69,"column":1}},"7":{"start":{"line":12,"column":2},"end":{"line":68,"column":3}},"8":{"start":{"line":13,"column":19},"end":{"line":13,"column":41}},"9":{"start":{"line":14,"column":18},"end":{"line":14,"column":39}},"10":{"start":{"line":15,"column":31},"end":{"line":15,"column":88}},"11":{"start":{"line":15,"column":83},"end":{"line":15,"column":87}},"12":{"start":{"line":17,"column":4},"end":{"line":67,"column":5}},"13":{"start":{"line":18,"column":27},"end":{"line":18,"column":115}},"14":{"start":{"line":19,"column":23},"end":{"line":19,"column":101}},"15":{"start":{"line":21,"column":6},"end":{"line":23,"column":7}},"16":{"start":{"line":22,"column":8},"end":{"line":22,"column":48}},"17":{"start":{"line":24,"column":6},"end":{"line":26,"column":7}},"18":{"start":{"line":25,"column":8},"end":{"line":25,"column":48}},"19":{"start":{"line":28,"column":23},"end":{"line":28,"column":48}},"20":{"start":{"line":29,"column":22},"end":{"line":29,"column":43}},"21":{"start":{"line":31,"column":25},"end":{"line":31,"column":30}},"22":{"start":{"line":32,"column":18},"end":{"line":32,"column":23}},"23":{"start":{"line":33,"column":17},"end":{"line":33,"column":22}},"24":{"start":{"line":34,"column":23},"end":{"line":34,"column":25}},"25":{"start":{"line":36,"column":6},"end":{"line":39,"column":7}},"26":{"start":{"line":37,"column":8},"end":{"line":37,"column":27}},"27":{"start":{"line":38,"column":8},"end":{"line":38,"column":46}},"28":{"start":{"line":40,"column":6},"end":{"line":43,"column":7}},"29":{"start":{"line":41,"column":8},"end":{"line":41,"column":20}},"30":{"start":{"line":42,"column":8},"end":{"line":42,"column":34}},"31":{"start":{"line":44,"column":6},"end":{"line":47,"column":7}},"32":{"start":{"line":45,"column":8},"end":{"line":45,"column":19}},"33":{"start":{"line":46,"column":8},"end":{"line":46,"column":50}},"34":{"start":{"line":48,"column":6},"end":{"line":50,"column":7}},"35":{"start":{"line":49,"column":8},"end":{"line":49,"column":68}},"36":{"start":{"line":52,"column":34},"end":{"line":52,"column":36}},"37":{"start":{"line":54,"column":6},"end":{"line":61,"column":7}},"38":{"start":{"line":55,"column":29},"end":{"line":55,"column":63}},"39":{"start":{"line":57,"column":8},"end":{"line":59,"column":9}},"40":{"start":{"line":58,"column":10},"end":{"line":58,"column":48}},"41":{"start":{"line":63,"column":6},"end":{"line":63,"column":112}},"42":{"start":{"line":66,"column":6},"end":{"line":66,"column":38}},"43":{"start":{"line":71,"column":29},"end":{"line":73,"column":1}},"44":{"start":{"line":72,"column":4},"end":{"line":72,"column":63}},"45":{"start":{"line":75,"column":32},"end":{"line":77,"column":1}},"46":{"start":{"line":76,"column":4},"end":{"line":76,"column":66}},"47":{"start":{"line":79,"column":30},"end":{"line":83,"column":1}},"48":{"start":{"line":80,"column":2},"end":{"line":82,"column":3}},"49":{"start":{"line":85,"column":35},"end":{"line":89,"column":1}},"50":{"start":{"line":86,"column":2},"end":{"line":88,"column":3}},"51":{"start":{"line":91,"column":23},"end":{"line":122,"column":1}},"52":{"start":{"line":92,"column":2},"end":{"line":121,"column":3}},"53":{"start":{"line":93,"column":19},"end":{"line":93,"column":41}},"54":{"start":{"line":94,"column":18},"end":{"line":94,"column":39}},"55":{"start":{"line":95,"column":24},"end":{"line":95,"column":60}},"56":{"start":{"line":97,"column":15},"end":{"line":97,"column":25}},"57":{"start":{"line":98,"column":22},"end":{"line":102,"column":5}},"58":{"start":{"line":104,"column":4},"end":{"line":120,"column":5}},"59":{"start":{"line":105,"column":23},"end":{"line":114,"column":8}},"60":{"start":{"line":116,"column":6},"end":{"line":116,"column":34}},"61":{"start":{"line":119,"column":6},"end":{"line":119,"column":25}}},"fnMap":{"0":{"name":"(anonymous_0)","decl":{"start":{"line":11,"column":32},"end":{"line":11,"column":33}},"loc":{"start":{"line":11,"column":38},"end":{"line":69,"column":1}},"line":11},"1":{"name":"(anonymous_1)","decl":{"start":{"line":12,"column":9},"end":{"line":12,"column":10}},"loc":{"start":{"line":12,"column":38},"end":{"line":68,"column":3}},"line":12},"2":{"name":"(anonymous_2)","decl":{"start":{"line":15,"column":75},"end":{"line":15,"column":76}},"loc":{"start":{"line":15,"column":83},"end":{"line":15,"column":87}},"line":15},"3":{"name":"(anonymous_3)","decl":{"start":{"line":71,"column":29},"end":{"line":71,"column":30}},"loc":{"start":{"line":71,"column":47},"end":{"line":73,"column":1}},"line":71},"4":{"name":"(anonymous_4)","decl":{"start":{"line":75,"column":32},"end":{"line":75,"column":33}},"loc":{"start":{"line":75,"column":50},"end":{"line":77,"column":1}},"line":75},"5":{"name":"(anonymous_5)","decl":{"start":{"line":79,"column":30},"end":{"line":79,"column":31}},"loc":{"start":{"line":79,"column":36},"end":{"line":83,"column":1}},"line":79},"6":{"name":"(anonymous_6)","decl":{"start":{"line":80,"column":9},"end":{"line":80,"column":10}},"loc":{"start":{"line":80,"column":38},"end":{"line":82,"column":3}},"line":80},"7":{"name":"(anonymous_7)","decl":{"start":{"line":85,"column":35},"end":{"line":85,"column":36}},"loc":{"start":{"line":85,"column":41},"end":{"line":89,"column":1}},"line":85},"8":{"name":"(anonymous_8)","decl":{"start":{"line":86,"column":9},"end":{"line":86,"column":10}},"loc":{"start":{"line":86,"column":38},"end":{"line":88,"column":3}},"line":86},"9":{"name":"(anonymous_9)","decl":{"start":{"line":91,"column":23},"end":{"line":91,"column":24}},"loc":{"start":{"line":91,"column":29},"end":{"line":122,"column":1}},"line":91},"10":{"name":"(anonymous_10)","decl":{"start":{"line":92,"column":9},"end":{"line":92,"column":10}},"loc":{"start":{"line":92,"column":38},"end":{"line":121,"column":3}},"line":92}},"branchMap":{"0":{"loc":{"start":{"line":21,"column":6},"end":{"line":23,"column":7}},"type":"if","locations":[{"start":{"line":21,"column":6},"end":{"line":23,"column":7}},{"start":{"line":21,"column":6},"end":{"line":23,"column":7}}],"line":21},"1":{"loc":{"start":{"line":24,"column":6},"end":{"line":26,"column":7}},"type":"if","locations":[{"start":{"line":24,"column":6},"end":{"line":26,"column":7}},{"start":{"line":24,"column":6},"end":{"line":26,"column":7}}],"line":24},"2":{"loc":{"start":{"line":36,"column":6},"end":{"line":39,"column":7}},"type":"if","locations":[{"start":{"line":36,"column":6},"end":{"line":39,"column":7}},{"start":{"line":36,"column":6},"end":{"line":39,"column":7}}],"line":36},"3":{"loc":{"start":{"line":40,"column":6},"end":{"line":43,"column":7}},"type":"if","locations":[{"start":{"line":40,"column":6},"end":{"line":43,"column":7}},{"start":{"line":40,"column":6},"end":{"line":43,"column":7}}],"line":40},"4":{"loc":{"start":{"line":44,"column":6},"end":{"line":47,"column":7}},"type":"if","locations":[{"start":{"line":44,"column":6},"end":{"line":47,"column":7}},{"start":{"line":44,"column":6},"end":{"line":47,"column":7}}],"line":44},"5":{"loc":{"start":{"line":48,"column":6},"end":{"line":50,"column":7}},"type":"if","locations":[{"start":{"line":48,"column":6},"end":{"line":50,"column":7}},{"start":{"line":48,"column":6},"end":{"line":50,"column":7}}],"line":48},"6":{"loc":{"start":{"line":57,"column":8},"end":{"line":59,"column":9}},"type":"if","locations":[{"start":{"line":57,"column":8},"end":{"line":59,"column":9}},{"start":{"line":57,"column":8},"end":{"line":59,"column":9}}],"line":57}},"s":{"0":6,"1":6,"2":6,"3":6,"4":6,"5":6,"6":6,"7":0,"8":0,"9":0,"10":0,"11":0,"12":0,"13":0,"14":0,"15":0,"16":0,"17":0,"18":0,"19":0,"20":0,"21":0,"22":0,"23":0,"24":0,"25":0,"26":0,"27":0,"28":0,"29":0,"30":0,"31":0,"32":0,"33":0,"34":0,"35":0,"36":0,"37":0,"38":0,"39":0,"40":0,"41":0,"42":0,"43":6,"44":0,"45":6,"46":0,"47":6,"48":0,"49":6,"50":0,"51":6,"52":0,"53":0,"54":0,"55":0,"56":0,"57":0,"58":0,"59":0,"60":0,"61":0},"f":{"0":0,"1":0,"2":0,"3":0,"4":0,"5":0,"6":0,"7":0,"8":0,"9":0,"10":0},"b":{"0":[0,0],"1":[0,0],"2":[0,0],"3":[0,0],"4":[0,0],"5":[0,0],"6":[0,0]},"_coverageSchema":"1a1c01bbd47fc00a2c39e90264f33305004495a9","hash":"259f04befe81028043217a137abc2ee72fae3cc6"}
,"C:\\Users\\juzen\\GIT\\Study\\nutrition\\store\\reducers\\auth.js": {"path":"C:\\Users\\juzen\\GIT\\Study\\nutrition\\store\\reducers\\auth.js","statementMap":{"0":{"start":{"line":6,"column":21},"end":{"line":13,"column":1}},"1":{"start":{"line":16,"column":2},"end":{"line":31,"column":3}},"2":{"start":{"line":18,"column":6},"end":{"line":18,"column":59}},"3":{"start":{"line":21,"column":6},"end":{"line":21,"column":26}},"4":{"start":{"line":27,"column":6},"end":{"line":27,"column":136}},"5":{"start":{"line":30,"column":6},"end":{"line":30,"column":19}}},"fnMap":{"0":{"name":"(anonymous_0)","decl":{"start":{"line":15,"column":15},"end":{"line":15,"column":16}},"loc":{"start":{"line":15,"column":48},"end":{"line":32,"column":1}},"line":15}},"branchMap":{"0":{"loc":{"start":{"line":15,"column":16},"end":{"line":15,"column":35}},"type":"default-arg","locations":[{"start":{"line":15,"column":23},"end":{"line":15,"column":35}}],"line":15},"1":{"loc":{"start":{"line":16,"column":2},"end":{"line":31,"column":3}},"type":"switch","locations":[{"start":{"line":17,"column":4},"end":{"line":18,"column":59}},{"start":{"line":20,"column":4},"end":{"line":21,"column":26}},{"start":{"line":23,"column":4},"end":{"line":23,"column":22}},{"start":{"line":26,"column":4},"end":{"line":27,"column":136}},{"start":{"line":29,"column":4},"end":{"line":30,"column":19}}],"line":16}},"s":{"0":4,"1":14,"2":4,"3":2,"4":4,"5":4},"f":{"0":14},"b":{"0":[2],"1":[4,2,2,4,4]},"_coverageSchema":"1a1c01bbd47fc00a2c39e90264f33305004495a9","hash":"f22ef3e43d8d018c08c378580fadc6d135ad20bb"}
,"C:\\Users\\juzen\\GIT\\Study\\nutrition\\store\\reducers\\nutrition.js": {"path":"C:\\Users\\juzen\\GIT\\Study\\nutrition\\store\\reducers\\nutrition.js","statementMap":{"0":{"start":{"line":8,"column":21},"end":{"line":14,"column":1}},"1":{"start":{"line":16,"column":25},"end":{"line":49,"column":1}},"2":{"start":{"line":17,"column":2},"end":{"line":47,"column":3}},"3":{"start":{"line":19,"column":6},"end":{"line":19,"column":89}},"4":{"start":{"line":22,"column":6},"end":{"line":22,"column":46}},"5":{"start":{"line":32,"column":30},"end":{"line":32,"column":105}},"6":{"start":{"line":32,"column":67},"end":{"line":32,"column":104}},"7":{"start":{"line":34,"column":6},"end":{"line":34,"column":89}},"8":{"start":{"line":38,"column":33},"end":{"line":38,"column":112}},"9":{"start":{"line":38,"column":74},"end":{"line":38,"column":111}},"10":{"start":{"line":40,"column":31},"end":{"line":40,"column":57}},"11":{"start":{"line":42,"column":27},"end":{"line":42,"column":108}},"12":{"start":{"line":42,"column":68},"end":{"line":42,"column":107}},"13":{"start":{"line":44,"column":6},"end":{"line":44,"column":46}},"14":{"start":{"line":46,"column":6},"end":{"line":46,"column":60}},"15":{"start":{"line":48,"column":2},"end":{"line":48,"column":15}}},"fnMap":{"0":{"name":"(anonymous_0)","decl":{"start":{"line":16,"column":25},"end":{"line":16,"column":26}},"loc":{"start":{"line":16,"column":59},"end":{"line":49,"column":1}},"line":16},"1":{"name":"(anonymous_1)","decl":{"start":{"line":32,"column":53},"end":{"line":32,"column":54}},"loc":{"start":{"line":32,"column":67},"end":{"line":32,"column":104}},"line":32},"2":{"name":"(anonymous_2)","decl":{"start":{"line":38,"column":60},"end":{"line":38,"column":61}},"loc":{"start":{"line":38,"column":74},"end":{"line":38,"column":111}},"line":38},"3":{"name":"(anonymous_3)","decl":{"start":{"line":42,"column":54},"end":{"line":42,"column":55}},"loc":{"start":{"line":42,"column":68},"end":{"line":42,"column":107}},"line":42}},"branchMap":{"0":{"loc":{"start":{"line":16,"column":26},"end":{"line":16,"column":46}},"type":"default-arg","locations":[{"start":{"line":16,"column":34},"end":{"line":16,"column":46}}],"line":16},"1":{"loc":{"start":{"line":17,"column":2},"end":{"line":47,"column":3}},"type":"switch","locations":[{"start":{"line":18,"column":4},"end":{"line":19,"column":89}},{"start":{"line":21,"column":4},"end":{"line":22,"column":46}},{"start":{"line":24,"column":4},"end":{"line":24,"column":24}},{"start":{"line":27,"column":4},"end":{"line":27,"column":22}},{"start":{"line":30,"column":4},"end":{"line":34,"column":89}},{"start":{"line":36,"column":4},"end":{"line":46,"column":60}}],"line":17}},"s":{"0":2,"1":2,"2":16,"3":4,"4":2,"5":6,"6":8,"7":6,"8":2,"9":4,"10":2,"11":2,"12":2,"13":0,"14":0,"15":2},"f":{"0":16,"1":8,"2":4,"3":2},"b":{"0":[0],"1":[4,2,2,4,6,2]},"_coverageSchema":"1a1c01bbd47fc00a2c39e90264f33305004495a9","hash":"403ede347fceb5ec7ba10da8ff46a40aea8a5bd9"}
}
