TN:
SF:assets\breakfast.png
FNF:0
FNH:0
DA:1,12
LF:1
LH:1
BRF:0
BRH:0
end_of_record
TN:
SF:assets\burn.png
FNF:0
FNH:0
DA:1,6
LF:1
LH:1
BRF:0
BRH:0
end_of_record
TN:
SF:assets\fast-food.png
FNF:0
FNH:0
DA:1,12
LF:1
LH:1
BRF:0
BRH:0
end_of_record
TN:
SF:assets\lunchbox.png
FNF:0
FNH:0
DA:1,12
LF:1
LH:1
BRF:0
BRH:0
end_of_record
TN:
SF:assets\pizza.png
FNF:0
FNH:0
DA:1,6
LF:1
LH:1
BRF:0
BRH:0
end_of_record
TN:
SF:assets\protein.png
FNF:0
FNH:0
DA:1,6
LF:1
LH:1
BRF:0
BRH:0
end_of_record
TN:
SF:assets\snacks.png
FNF:0
FNH:0
DA:1,12
LF:1
LH:1
BRF:0
BRH:0
end_of_record
TN:
SF:assets\startimg.jpg
FNF:0
FNH:0
DA:1,2
LF:1
LH:1
BRF:0
BRH:0
end_of_record
TN:
SF:assets\wheat.png
FNF:0
FNH:0
DA:1,6
LF:1
LH:1
BRF:0
BRH:0
end_of_record
TN:
SF:components\AddButton.js
FN:23,(anonymous_0)
FN:30,(anonymous_1)
FN:43,(anonymous_2)
FN:82,(anonymous_3)
FN:96,(anonymous_4)
FN:112,(anonymous_5)
FN:126,(anonymous_6)
FNF:7
FNH:2
FNDA:2,(anonymous_0)
FNDA:0,(anonymous_1)
FNDA:2,(anonymous_2)
FNDA:0,(anonymous_3)
FNDA:0,(anonymous_4)
FNDA:0,(anonymous_5)
FNDA:0,(anonymous_6)
DA:10,4
DA:12,4
DA:13,4
DA:14,4
DA:15,4
DA:22,2
DA:24,2
DA:25,2
DA:30,2
DA:32,0
DA:33,0
DA:34,0
DA:45,2
DA:50,2
DA:55,2
DA:60,2
DA:65,2
DA:70,2
DA:83,0
DA:84,0
DA:97,0
DA:98,0
DA:113,0
DA:114,0
DA:127,0
DA:128,0
DA:157,4
LF:27
LH:16
BRDA:36,0,0,0
BRDA:36,0,1,0
BRF:2
BRH:0
end_of_record
TN:
SF:components\Calendar.js
FN:9,(anonymous_0)
FN:28,(anonymous_1)
FNF:2
FNH:1
FNDA:2,(anonymous_0)
FNDA:0,(anonymous_1)
DA:7,6
DA:9,6
DA:12,2
DA:28,0
DA:35,6
LF:5
LH:4
BRF:0
BRH:0
end_of_record
TN:
SF:components\Carousel.js
FN:12,(anonymous_0)
FN:25,(anonymous_1)
FN:34,(anonymous_2)
FN:65,(anonymous_3)
FNF:4
FNH:2
FNDA:6,(anonymous_0)
FNDA:16,(anonymous_1)
FNDA:0,(anonymous_2)
FNDA:0,(anonymous_3)
DA:5,6
DA:6,6
DA:7,6
DA:8,6
DA:10,6
DA:12,6
DA:15,6
DA:16,6
DA:18,6
DA:25,6
DA:26,16
DA:34,6
DA:36,0
DA:37,0
DA:39,0
DA:40,0
DA:42,0
DA:43,0
DA:45,0
DA:46,0
DA:50,6
DA:65,0
DA:72,6
LF:23
LH:14
BRDA:36,0,0,0
BRDA:36,0,1,0
BRDA:39,1,0,0
BRDA:39,1,1,0
BRDA:42,2,0,0
BRDA:42,2,1,0
BRDA:45,3,0,0
BRDA:45,3,1,0
BRF:8
BRH:0
end_of_record
TN:
SF:components\IngredientItem.js
FN:8,(anonymous_0)
FN:9,(anonymous_1)
FN:12,(anonymous_2)
FN:13,(anonymous_3)
FN:33,(anonymous_4)
FNF:5
FNH:2
FNDA:2,(anonymous_0)
FNDA:2,(anonymous_1)
FNDA:0,(anonymous_2)
FNDA:0,(anonymous_3)
FNDA:0,(anonymous_4)
DA:6,4
DA:8,4
DA:9,2
DA:10,0
DA:12,0
DA:13,0
DA:14,0
DA:15,0
DA:18,0
DA:21,0
DA:50,4
LF:11
LH:4
BRDA:14,0,0,0
BRDA:14,0,1,0
BRDA:31,1,0,0
BRDA:31,1,1,0
BRF:4
BRH:0
end_of_record
TN:
SF:components\Input.js
FN:10,(anonymous_0)
FN:33,(anonymous_1)
FN:51,(anonymous_2)
FN:59,(anonymous_3)
FN:83,(anonymous_4)
FNF:5
FNH:1
FNDA:0,(anonymous_0)
FNDA:12,(anonymous_1)
FNDA:0,(anonymous_2)
FNDA:0,(anonymous_3)
FNDA:0,(anonymous_4)
DA:5,8
DA:6,8
DA:10,8
DA:11,0
DA:16,0
DA:22,0
DA:27,0
DA:33,8
DA:38,12
DA:46,12
DA:51,12
DA:52,0
DA:53,0
DA:59,12
DA:61,0
DA:62,0
DA:63,0
DA:64,0
DA:66,0
DA:67,0
DA:69,0
DA:70,0
DA:72,0
DA:73,0
DA:75,0
DA:76,0
DA:79,0
DA:83,12
DA:84,0
DA:87,12
DA:107,8
LF:31
LH:11
BRDA:11,0,0,0
BRDA:11,0,1,0
BRDA:11,0,2,0
BRDA:39,1,0,0
BRDA:39,1,1,12
BRDA:52,2,0,0
BRDA:52,2,1,0
BRDA:63,3,0,0
BRDA:63,3,1,0
BRDA:63,4,0,0
BRDA:63,4,1,0
BRDA:66,5,0,0
BRDA:66,5,1,0
BRDA:66,6,0,0
BRDA:66,6,1,0
BRDA:69,7,0,0
BRDA:69,7,1,0
BRDA:69,8,0,0
BRDA:69,8,1,0
BRDA:72,9,0,0
BRDA:72,9,1,0
BRDA:72,10,0,0
BRDA:72,10,1,0
BRDA:75,11,0,0
BRDA:75,11,1,0
BRDA:75,12,0,0
BRDA:75,12,1,0
BRDA:98,13,0,12
BRDA:98,13,1,12
BRDA:98,13,2,0
BRF:30
BRH:3
end_of_record
TN:
SF:components\ListButton.js
FN:18,(anonymous_0)
FN:24,(anonymous_1)
FN:37,(anonymous_2)
FN:45,(anonymous_3)
FN:56,(anonymous_4)
FN:125,(anonymous_5)
FNF:6
FNH:2
FNDA:2,(anonymous_0)
FNDA:0,(anonymous_1)
FNDA:0,(anonymous_2)
FNDA:0,(anonymous_3)
FNDA:2,(anonymous_4)
FNDA:0,(anonymous_5)
DA:9,4
DA:11,4
DA:12,4
DA:13,4
DA:14,4
DA:17,2
DA:19,2
DA:20,2
DA:24,2
DA:26,0
DA:27,0
DA:28,0
DA:37,2
DA:38,0
DA:46,0
DA:58,2
DA:63,2
DA:68,2
DA:78,2
DA:83,2
DA:88,2
DA:93,2
DA:98,2
DA:103,2
DA:125,0
DA:165,4
LF:26
LH:20
BRDA:30,0,0,0
BRDA:30,0,1,0
BRDA:112,1,0,0
BRDA:112,1,1,0
BRF:4
BRH:0
end_of_record
TN:
SF:components\MealsListItem.js
FN:12,(anonymous_0)
FN:23,(anonymous_1)
FN:76,(anonymous_2)
FNF:3
FNH:0
FNDA:0,(anonymous_0)
FNDA:0,(anonymous_1)
FNDA:0,(anonymous_2)
DA:5,8
DA:7,8
DA:8,8
DA:9,8
DA:10,8
DA:12,8
DA:14,0
DA:16,0
DA:18,0
DA:24,0
DA:25,0
DA:77,0
DA:78,0
DA:120,8
LF:14
LH:7
BRDA:16,0,0,0
BRDA:16,0,1,0
BRDA:20,1,0,0
BRDA:20,1,1,0
BRDA:28,2,0,0
BRDA:28,2,1,0
BRDA:34,3,0,0
BRDA:34,3,1,0
BRDA:40,4,0,0
BRDA:40,4,1,0
BRDA:46,5,0,0
BRDA:46,5,1,0
BRDA:81,6,0,0
BRDA:81,6,1,0
BRDA:87,7,0,0
BRDA:87,7,1,0
BRDA:93,8,0,0
BRDA:93,8,1,0
BRDA:99,9,0,0
BRDA:99,9,1,0
BRF:20
BRH:0
end_of_record
TN:
SF:components\TouchableOpacityWorkaround.js
FN:5,(anonymous_0)
FNF:1
FNH:1
FNDA:10,(anonymous_0)
DA:5,12
DA:6,10
DA:7,5
DA:12,5
LF:4
LH:4
BRDA:6,0,0,5
BRDA:6,0,1,5
BRF:2
BRH:2
end_of_record
TN:
SF:components\UserMealButton.js
FN:19,(anonymous_0)
FN:26,(anonymous_1)
FN:39,(anonymous_2)
FNF:3
FNH:2
FNDA:6,(anonymous_0)
FNDA:0,(anonymous_1)
FNDA:6,(anonymous_2)
DA:10,6
DA:11,6
DA:12,6
DA:13,6
DA:15,6
DA:18,6
DA:20,6
DA:21,6
DA:26,6
DA:28,0
DA:29,0
DA:30,0
DA:41,6
DA:46,6
DA:51,6
DA:56,6
DA:61,6
DA:66,6
DA:71,6
DA:76,6
DA:81,6
DA:134,6
LF:22
LH:19
BRDA:32,0,0,0
BRDA:32,0,1,0
BRF:2
BRH:0
end_of_record
TN:
SF:components\UserMealList.js
FN:9,(anonymous_0)
FN:18,(anonymous_1)
FN:22,(anonymous_2)
FN:29,(anonymous_3)
FN:52,(anonymous_4)
FN:75,(anonymous_5)
FNF:6
FNH:2
FNDA:8,(anonymous_0)
FNDA:16,(anonymous_1)
FNDA:0,(anonymous_2)
FNDA:0,(anonymous_3)
FNDA:0,(anonymous_4)
FNDA:0,(anonymous_5)
DA:6,8
DA:9,8
DA:10,8
DA:12,8
DA:13,8
DA:15,8
DA:16,8
DA:18,16
DA:20,8
DA:22,8
DA:23,0
DA:24,0
DA:25,0
DA:26,0
DA:27,0
DA:29,0
DA:30,0
DA:31,0
DA:32,0
DA:33,0
DA:36,0
DA:38,0
DA:52,8
DA:65,8
DA:75,0
DA:81,8
LF:26
LH:13
BRDA:20,0,0,0
BRDA:20,0,1,8
BRF:2
BRH:1
end_of_record
TN:
SF:constants\Colors.js
FNF:0
FNH:0
DA:1,28
LF:1
LH:1
BRF:0
BRH:0
end_of_record
TN:
SF:constants\Strings.js
FNF:0
FNH:0
DA:3,10
LF:1
LH:1
BRF:0
BRH:0
end_of_record
TN:
SF:navigation\MainNavigation.js
FN:59,(anonymous_0)
FN:68,(anonymous_1)
FN:69,(anonymous_2)
FN:70,(anonymous_3)
FN:76,(anonymous_4)
FN:83,(anonymous_5)
FN:84,(anonymous_6)
FN:88,(anonymous_7)
FN:97,(anonymous_8)
FN:132,(anonymous_9)
FN:148,(anonymous_10)
FNF:11
FNH:1
FNDA:0,(anonymous_0)
FNDA:0,(anonymous_1)
FNDA:0,(anonymous_2)
FNDA:0,(anonymous_3)
FNDA:0,(anonymous_4)
FNDA:0,(anonymous_5)
FNDA:0,(anonymous_6)
FNDA:0,(anonymous_7)
FNDA:0,(anonymous_8)
FNDA:0,(anonymous_9)
FNDA:2,(anonymous_10)
DA:29,2
DA:34,2
DA:50,2
DA:60,0
DA:68,0
DA:69,0
DA:72,0
DA:83,0
DA:86,0
DA:98,0
DA:106,2
DA:118,2
DA:127,2
DA:132,0
DA:140,2
DA:146,2
DA:148,2
LF:17
LH:9
BRF:0
BRH:0
end_of_record
TN:
SF:screens\GenderScreen.js
FN:12,(anonymous_0)
FN:36,(anonymous_1)
FN:64,(anonymous_2)
FN:90,(anonymous_3)
FN:128,(anonymous_4)
FN:169,(anonymous_5)
FN:174,(anonymous_6)
FN:200,(anonymous_7)
FN:209,(anonymous_8)
FN:229,(anonymous_9)
FN:237,(anonymous_10)
FN:247,(anonymous_11)
FN:255,(anonymous_12)
FN:276,(anonymous_13)
FN:290,(anonymous_14)
FN:304,(anonymous_15)
FN:324,(anonymous_16)
FNF:17
FNH:1
FNDA:2,(anonymous_0)
FNDA:0,(anonymous_1)
FNDA:0,(anonymous_2)
FNDA:0,(anonymous_3)
FNDA:0,(anonymous_4)
FNDA:0,(anonymous_5)
FNDA:0,(anonymous_6)
FNDA:0,(anonymous_7)
FNDA:0,(anonymous_8)
FNDA:0,(anonymous_9)
FNDA:0,(anonymous_10)
FNDA:0,(anonymous_11)
FNDA:0,(anonymous_12)
FNDA:0,(anonymous_13)
FNDA:0,(anonymous_14)
FNDA:0,(anonymous_15)
FNDA:0,(anonymous_16)
DA:10,4
DA:12,4
DA:15,2
DA:16,2
DA:17,2
DA:20,2
DA:21,2
DA:22,2
DA:25,2
DA:27,2
DA:36,2
DA:37,0
DA:59,0
DA:60,0
DA:64,2
DA:65,0
DA:90,2
DA:91,0
DA:123,0
DA:124,0
DA:128,2
DA:129,0
DA:162,0
DA:166,2
DA:169,0
DA:177,0
DA:178,0
DA:180,0
DA:181,0
DA:183,0
DA:184,0
DA:203,0
DA:212,0
DA:231,0
DA:239,0
DA:249,0
DA:257,0
DA:277,0
DA:291,0
DA:305,0
DA:324,4
DA:325,0
DA:330,4
LF:43
LH:17
BRDA:177,0,0,0
BRDA:177,0,1,0
BRDA:180,1,0,0
BRDA:180,1,1,0
BRDA:183,2,0,0
BRDA:183,2,1,0
BRF:6
BRH:0
end_of_record
TN:
SF:screens\HomeScreen.js
FN:39,(anonymous_0)
FN:81,(anonymous_1)
FN:82,(anonymous_2)
FN:83,(anonymous_3)
FN:84,(anonymous_4)
FN:85,(anonymous_5)
FN:95,(anonymous_6)
FN:103,(anonymous_7)
FN:112,(anonymous_8)
FN:121,(anonymous_9)
FN:129,(anonymous_10)
FN:155,(anonymous_11)
FN:183,(anonymous_12)
FN:201,(anonymous_13)
FN:276,(anonymous_14)
FNF:15
FNH:11
FNDA:6,(anonymous_0)
FNDA:8,(anonymous_1)
FNDA:8,(anonymous_2)
FNDA:8,(anonymous_3)
FNDA:8,(anonymous_4)
FNDA:8,(anonymous_5)
FNDA:2,(anonymous_6)
FNDA:2,(anonymous_7)
FNDA:2,(anonymous_8)
FNDA:2,(anonymous_9)
FNDA:0,(anonymous_10)
FNDA:2,(anonymous_11)
FNDA:0,(anonymous_12)
FNDA:0,(anonymous_13)
FNDA:0,(anonymous_14)
DA:23,4
DA:25,4
DA:26,4
DA:27,4
DA:29,4
DA:30,4
DA:31,4
DA:32,4
DA:34,4
DA:35,4
DA:36,4
DA:39,4
DA:40,6
DA:42,6
DA:43,6
DA:44,6
DA:45,6
DA:47,6
DA:50,6
DA:56,6
DA:62,6
DA:68,6
DA:74,6
DA:81,8
DA:82,8
DA:83,8
DA:84,8
DA:85,8
DA:87,6
DA:88,6
DA:90,6
DA:91,6
DA:92,6
DA:95,6
DA:96,2
DA:98,2
DA:103,6
DA:104,2
DA:106,2
DA:112,6
DA:113,2
DA:115,2
DA:121,6
DA:122,2
DA:123,2
DA:124,2
DA:125,2
DA:126,2
DA:129,6
DA:130,0
DA:132,0
DA:133,0
DA:134,0
DA:136,0
DA:137,0
DA:138,0
DA:139,0
DA:141,0
DA:142,0
DA:144,0
DA:145,0
DA:148,0
DA:150,0
DA:151,0
DA:155,6
DA:156,2
DA:159,6
DA:160,2
DA:168,4
DA:183,0
DA:202,0
DA:277,0
DA:365,4
LF:73
LH:55
BRDA:141,0,0,0
BRDA:141,0,1,0
BRDA:141,1,0,0
BRDA:141,1,1,0
BRDA:141,1,2,0
BRDA:144,2,0,0
BRDA:144,2,1,0
BRDA:144,3,0,0
BRDA:144,3,1,0
BRDA:144,3,2,0
BRDA:159,4,0,2
BRDA:159,4,1,4
BRDA:170,5,0,0
BRDA:170,5,1,4
BRDA:308,6,0,4
BRDA:308,6,1,0
BRDA:320,7,0,4
BRDA:320,7,1,0
BRDA:332,8,0,4
BRDA:332,8,1,0
BRDA:344,9,0,0
BRDA:344,9,1,4
BRF:22
BRH:7
end_of_record
TN:
SF:screens\IngredientDetailScreen.js
FN:13,(anonymous_0)
FN:41,(anonymous_1)
FN:50,(anonymous_2)
FN:57,(anonymous_3)
FN:67,(anonymous_4)
FN:278,(anonymous_5)
FNF:6
FNH:0
FNDA:0,(anonymous_0)
FNDA:0,(anonymous_1)
FNDA:0,(anonymous_2)
FNDA:0,(anonymous_3)
FNDA:0,(anonymous_4)
FNDA:0,(anonymous_5)
DA:11,2
DA:13,2
DA:15,0
DA:17,0
DA:19,0
DA:20,0
DA:22,0
DA:23,0
DA:24,0
DA:25,0
DA:29,0
DA:41,0
DA:50,0
DA:68,0
DA:69,0
DA:70,0
DA:154,2
DA:278,2
DA:279,0
LF:19
LH:4
BRF:0
BRH:0
end_of_record
TN:
SF:screens\LoginScreen.js
FN:27,(anonymous_0)
FN:59,(anonymous_1)
FN:90,(anonymous_2)
FN:112,(anonymous_3)
FN:114,(anonymous_4)
FN:116,(anonymous_5)
FN:133,(anonymous_6)
FN:136,(anonymous_7)
FN:146,(anonymous_8)
FN:158,(anonymous_9)
FN:181,(anonymous_10)
FN:263,(anonymous_11)
FN:274,(anonymous_12)
FN:287,(anonymous_13)
FN:294,(anonymous_14)
FN:327,(anonymous_15)
FN:340,(anonymous_16)
FN:351,(anonymous_17)
FN:361,(anonymous_18)
FN:383,(anonymous_19)
FNF:20
FNH:1
FNDA:0,(anonymous_0)
FNDA:2,(anonymous_1)
FNDA:0,(anonymous_2)
FNDA:0,(anonymous_3)
FNDA:0,(anonymous_4)
FNDA:0,(anonymous_5)
FNDA:0,(anonymous_6)
FNDA:0,(anonymous_7)
FNDA:0,(anonymous_8)
FNDA:0,(anonymous_9)
FNDA:0,(anonymous_10)
FNDA:0,(anonymous_11)
FNDA:0,(anonymous_12)
FNDA:0,(anonymous_13)
FNDA:0,(anonymous_14)
FNDA:0,(anonymous_15)
FNDA:0,(anonymous_16)
FNDA:0,(anonymous_17)
FNDA:0,(anonymous_18)
FNDA:0,(anonymous_19)
DA:16,4
DA:19,4
DA:22,4
DA:24,4
DA:27,4
DA:29,0
DA:31,0
DA:37,0
DA:41,0
DA:43,0
DA:46,0
DA:49,0
DA:55,0
DA:59,4
DA:60,2
DA:61,2
DA:63,2
DA:65,2
DA:67,2
DA:69,2
DA:71,2
DA:74,2
DA:78,2
DA:90,2
DA:91,0
DA:96,0
DA:97,0
DA:98,0
DA:99,0
DA:101,0
DA:106,0
DA:107,0
DA:112,2
DA:114,0
DA:117,0
DA:129,0
DA:131,0
DA:133,0
DA:134,0
DA:136,0
DA:137,0
DA:140,0
DA:145,2
DA:147,0
DA:158,2
DA:159,0
DA:160,0
DA:164,2
DA:181,0
DA:264,0
DA:275,0
DA:288,0
DA:295,0
DA:340,0
DA:352,0
DA:362,0
DA:383,4
DA:384,0
DA:389,4
LF:59
LH:22
BRDA:19,0,0,2
BRDA:19,0,1,2
BRDA:29,1,0,0
BRDA:29,1,1,0
BRDA:46,2,0,0
BRDA:46,2,1,0
BRDA:159,3,0,0
BRDA:159,3,1,0
BRDA:239,4,0,0
BRDA:239,4,1,2
BRDA:257,5,0,1
BRDA:257,5,1,1
BRDA:302,6,0,0
BRDA:302,6,1,2
BRDA:318,7,0,0
BRDA:318,7,1,2
BRF:16
BRH:7
end_of_record
TN:
SF:screens\NewMeal.js
FN:21,(anonymous_0)
FN:37,(anonymous_1)
FN:39,(anonymous_2)
FN:41,(anonymous_3)
FN:44,(anonymous_4)
FN:60,(anonymous_5)
FN:64,(anonymous_6)
FN:69,(anonymous_7)
FN:71,(anonymous_8)
FN:81,(anonymous_9)
FN:88,(anonymous_10)
FN:95,(anonymous_11)
FN:100,(anonymous_12)
FN:103,(anonymous_13)
FN:110,(anonymous_14)
FN:116,(anonymous_15)
FN:129,(anonymous_16)
FN:138,(anonymous_17)
FN:140,(anonymous_18)
FN:173,(anonymous_19)
FN:186,(anonymous_20)
FN:217,(anonymous_21)
FNF:22
FNH:0
FNDA:0,(anonymous_0)
FNDA:0,(anonymous_1)
FNDA:0,(anonymous_2)
FNDA:0,(anonymous_3)
FNDA:0,(anonymous_4)
FNDA:0,(anonymous_5)
FNDA:0,(anonymous_6)
FNDA:0,(anonymous_7)
FNDA:0,(anonymous_8)
FNDA:0,(anonymous_9)
FNDA:0,(anonymous_10)
FNDA:0,(anonymous_11)
FNDA:0,(anonymous_12)
FNDA:0,(anonymous_13)
FNDA:0,(anonymous_14)
FNDA:0,(anonymous_15)
FNDA:0,(anonymous_16)
FNDA:0,(anonymous_17)
FNDA:0,(anonymous_18)
FNDA:0,(anonymous_19)
FNDA:0,(anonymous_20)
FNDA:0,(anonymous_21)
DA:19,2
DA:21,2
DA:22,0
DA:23,0
DA:24,0
DA:25,0
DA:26,0
DA:27,0
DA:29,0
DA:31,0
DA:33,0
DA:35,0
DA:37,0
DA:39,0
DA:41,0
DA:44,0
DA:45,0
DA:46,0
DA:47,0
DA:48,0
DA:49,0
DA:51,0
DA:53,0
DA:60,0
DA:61,0
DA:64,0
DA:65,0
DA:69,0
DA:71,0
DA:72,0
DA:73,0
DA:75,0
DA:78,0
DA:81,0
DA:83,0
DA:85,0
DA:88,0
DA:89,0
DA:90,0
DA:91,0
DA:92,0
DA:95,0
DA:96,0
DA:98,0
DA:100,0
DA:101,0
DA:103,0
DA:104,0
DA:110,0
DA:111,0
DA:117,0
DA:130,0
DA:131,0
DA:132,0
DA:138,0
DA:139,0
DA:140,0
DA:141,0
DA:145,0
DA:146,0
DA:153,0
DA:173,0
DA:186,0
DA:217,2
DA:218,0
DA:223,2
LF:66
LH:4
BRDA:145,0,0,0
BRDA:145,0,1,0
BRDA:196,1,0,0
BRDA:196,1,1,0
BRF:4
BRH:0
end_of_record
TN:
SF:screens\NutrientDetailScreen.js
FN:5,(anonymous_0)
FNF:1
FNH:0
FNDA:0,(anonymous_0)
DA:5,2
DA:8,0
LF:2
LH:1
BRF:0
BRH:0
end_of_record
TN:
SF:screens\PersonalInfoScreen.js
FN:10,(anonymous_0)
FN:36,(anonymous_1)
FN:65,(anonymous_2)
FN:75,(anonymous_3)
FN:101,(anonymous_4)
FN:110,(anonymous_5)
FN:138,(anonymous_6)
FN:156,(anonymous_7)
FN:176,(anonymous_8)
FNF:9
FNH:1
FNDA:2,(anonymous_0)
FNDA:0,(anonymous_1)
FNDA:0,(anonymous_2)
FNDA:0,(anonymous_3)
FNDA:0,(anonymous_4)
FNDA:0,(anonymous_5)
FNDA:0,(anonymous_6)
FNDA:0,(anonymous_7)
FNDA:0,(anonymous_8)
DA:8,4
DA:10,4
DA:12,2
DA:13,2
DA:14,2
DA:16,2
DA:17,2
DA:18,2
DA:20,2
DA:21,2
DA:22,2
DA:25,2
DA:26,2
DA:28,2
DA:36,0
DA:66,0
DA:67,0
DA:75,0
DA:102,0
DA:103,0
DA:110,0
DA:139,0
DA:140,0
DA:157,0
DA:176,4
DA:177,0
DA:182,4
LF:27
LH:16
BRDA:47,0,0,0
BRDA:47,0,1,2
BRDA:83,1,0,0
BRDA:83,1,1,2
BRDA:120,2,0,0
BRDA:120,2,1,2
BRF:6
BRH:3
end_of_record
TN:
SF:screens\PreferencesScreen.js
FN:13,(anonymous_0)
FN:28,(anonymous_1)
FN:47,(anonymous_2)
FN:73,(anonymous_3)
FN:99,(anonymous_4)
FN:124,(anonymous_5)
FN:141,(anonymous_6)
FN:164,(anonymous_7)
FNF:8
FNH:1
FNDA:2,(anonymous_0)
FNDA:0,(anonymous_1)
FNDA:0,(anonymous_2)
FNDA:0,(anonymous_3)
FNDA:0,(anonymous_4)
FNDA:0,(anonymous_5)
FNDA:0,(anonymous_6)
FNDA:0,(anonymous_7)
DA:11,4
DA:13,4
DA:15,2
DA:16,2
DA:17,2
DA:18,2
DA:19,2
DA:20,2
DA:22,2
DA:24,2
DA:28,0
DA:47,0
DA:73,0
DA:99,0
DA:124,0
DA:143,0
DA:164,4
DA:165,0
DA:170,4
LF:19
LH:12
BRDA:46,0,0,0
BRDA:46,0,1,2
BRDA:72,1,0,0
BRDA:72,1,1,2
BRDA:98,2,0,0
BRDA:98,2,1,2
BRDA:123,3,0,0
BRDA:123,3,1,2
BRF:8
BRH:4
end_of_record
TN:
SF:screens\ProfileScreen.js
FN:29,(anonymous_0)
FN:51,(anonymous_1)
FN:52,(anonymous_2)
FN:53,(anonymous_3)
FN:59,(anonymous_4)
FN:73,(anonymous_5)
FN:89,(anonymous_6)
FN:90,(anonymous_7)
FN:121,(anonymous_8)
FN:143,(anonymous_9)
FN:156,(anonymous_10)
FN:162,(anonymous_11)
FN:204,(anonymous_12)
FN:220,(anonymous_13)
FN:239,(anonymous_14)
FN:249,(anonymous_15)
FN:257,(anonymous_16)
FN:262,(anonymous_17)
FN:285,(anonymous_18)
FN:293,(anonymous_19)
FN:298,(anonymous_20)
FN:341,(anonymous_21)
FN:367,(anonymous_22)
FN:393,(anonymous_23)
FN:418,(anonymous_24)
FN:435,(anonymous_25)
FN:497,(anonymous_26)
FN:529,(anonymous_27)
FN:551,(anonymous_28)
FNF:29
FNH:0
FNDA:0,(anonymous_0)
FNDA:0,(anonymous_1)
FNDA:0,(anonymous_2)
FNDA:0,(anonymous_3)
FNDA:0,(anonymous_4)
FNDA:0,(anonymous_5)
FNDA:0,(anonymous_6)
FNDA:0,(anonymous_7)
FNDA:0,(anonymous_8)
FNDA:0,(anonymous_9)
FNDA:0,(anonymous_10)
FNDA:0,(anonymous_11)
FNDA:0,(anonymous_12)
FNDA:0,(anonymous_13)
FNDA:0,(anonymous_14)
FNDA:0,(anonymous_15)
FNDA:0,(anonymous_16)
FNDA:0,(anonymous_17)
FNDA:0,(anonymous_18)
FNDA:0,(anonymous_19)
FNDA:0,(anonymous_20)
FNDA:0,(anonymous_21)
FNDA:0,(anonymous_22)
FNDA:0,(anonymous_23)
FNDA:0,(anonymous_24)
FNDA:0,(anonymous_25)
FNDA:0,(anonymous_26)
FNDA:0,(anonymous_27)
FNDA:0,(anonymous_28)
DA:25,2
DA:27,2
DA:29,2
DA:31,0
DA:34,0
DA:36,0
DA:38,0
DA:39,0
DA:40,0
DA:42,0
DA:45,0
DA:46,0
DA:48,0
DA:51,0
DA:52,0
DA:53,0
DA:54,0
DA:55,0
DA:59,0
DA:60,0
DA:61,0
DA:62,0
DA:63,0
DA:65,0
DA:66,0
DA:73,0
DA:74,0
DA:76,0
DA:78,0
DA:80,0
DA:82,0
DA:83,0
DA:89,0
DA:90,0
DA:92,0
DA:94,0
DA:96,0
DA:98,0
DA:104,0
DA:105,0
DA:106,0
DA:109,0
DA:110,0
DA:111,0
DA:114,0
DA:116,0
DA:121,0
DA:123,0
DA:125,0
DA:128,0
DA:129,0
DA:131,0
DA:132,0
DA:134,0
DA:136,0
DA:138,0
DA:143,0
DA:145,0
DA:152,0
DA:154,0
DA:156,0
DA:157,0
DA:160,0
DA:162,0
DA:163,0
DA:166,0
DA:168,0
DA:170,0
DA:171,0
DA:172,0
DA:174,0
DA:178,0
DA:206,0
DA:208,0
DA:223,0
DA:224,0
DA:226,0
DA:239,0
DA:251,0
DA:257,0
DA:265,0
DA:267,0
DA:287,0
DA:293,0
DA:298,0
DA:341,0
DA:367,0
DA:393,0
DA:418,0
DA:435,0
DA:497,0
DA:529,0
DA:551,0
DA:587,2
LF:94
LH:4
BRDA:104,0,0,0
BRDA:104,0,1,0
BRDA:322,1,0,0
BRDA:322,1,1,0
BRDA:340,2,0,0
BRDA:340,2,1,0
BRDA:366,3,0,0
BRDA:366,3,1,0
BRDA:392,4,0,0
BRDA:392,4,1,0
BRDA:417,5,0,0
BRDA:417,5,1,0
BRDA:442,6,0,0
BRDA:442,6,1,0
BRDA:469,7,0,0
BRDA:469,7,1,0
BRDA:558,8,0,0
BRDA:558,8,1,0
BRF:18
BRH:0
end_of_record
TN:
SF:screens\SignUpMethodScreen.js
FN:8,(anonymous_0)
FN:22,(anonymous_1)
FN:33,(anonymous_2)
FN:61,(anonymous_3)
FN:89,(anonymous_4)
FN:117,(anonymous_5)
FNF:6
FNH:1
FNDA:2,(anonymous_0)
FNDA:0,(anonymous_1)
FNDA:0,(anonymous_2)
FNDA:0,(anonymous_3)
FNDA:0,(anonymous_4)
FNDA:0,(anonymous_5)
DA:6,4
DA:8,4
DA:10,2
DA:11,2
DA:12,2
DA:13,2
DA:14,2
DA:15,2
DA:16,2
DA:18,2
DA:22,0
DA:37,0
DA:65,0
DA:91,0
DA:117,4
DA:118,0
DA:123,4
LF:17
LH:12
BRF:0
BRH:0
end_of_record
TN:
SF:screens\SignupScreen.js
FN:23,(anonymous_0)
FN:53,(anonymous_1)
FN:90,(anonymous_2)
FN:127,(anonymous_3)
FN:136,(anonymous_4)
FN:165,(anonymous_5)
FN:277,(anonymous_6)
FN:317,(anonymous_7)
FNF:8
FNH:1
FNDA:0,(anonymous_0)
FNDA:2,(anonymous_1)
FNDA:0,(anonymous_2)
FNDA:0,(anonymous_3)
FNDA:0,(anonymous_4)
FNDA:0,(anonymous_5)
FNDA:0,(anonymous_6)
FNDA:0,(anonymous_7)
DA:14,4
DA:16,4
DA:18,4
DA:20,4
DA:23,4
DA:25,0
DA:27,0
DA:32,0
DA:37,0
DA:39,0
DA:41,0
DA:44,0
DA:50,0
DA:53,4
DA:55,2
DA:56,2
DA:57,2
DA:58,2
DA:59,2
DA:60,2
DA:61,2
DA:64,2
DA:65,2
DA:67,2
DA:69,2
DA:71,2
DA:75,2
DA:90,2
DA:92,0
DA:93,0
DA:94,0
DA:97,0
DA:110,0
DA:112,0
DA:113,0
DA:115,0
DA:117,0
DA:120,0
DA:122,0
DA:127,2
DA:128,0
DA:129,0
DA:135,2
DA:137,0
DA:147,2
DA:165,0
DA:277,0
DA:317,4
DA:318,0
DA:323,4
LF:50
LH:25
BRDA:18,0,0,2
BRDA:18,0,1,2
BRDA:25,1,0,0
BRDA:25,1,1,0
BRDA:41,2,0,0
BRDA:41,2,1,0
BRDA:92,3,0,0
BRDA:92,3,1,0
BRDA:128,4,0,0
BRDA:128,4,1,0
BRDA:285,5,0,0
BRDA:285,5,1,2
BRF:12
BRH:3
end_of_record
TN:
SF:screens\StartScreen.js
FN:13,(anonymous_0)
FN:96,(anonymous_1)
FN:104,(anonymous_2)
FN:119,(anonymous_3)
FNF:4
FNH:1
FNDA:2,(anonymous_0)
FNDA:0,(anonymous_1)
FNDA:0,(anonymous_2)
FNDA:0,(anonymous_3)
DA:5,4
DA:7,4
DA:13,4
DA:15,2
DA:17,2
DA:97,0
DA:105,0
DA:119,4
DA:120,0
DA:126,4
LF:10
LH:7
BRF:0
BRH:0
end_of_record
TN:
SF:screens\StartUpScreen.js
FN:15,(anonymous_0)
FN:18,(anonymous_1)
FN:19,(anonymous_2)
FNF:3
FNH:1
FNDA:4,(anonymous_0)
FNDA:0,(anonymous_1)
FNDA:0,(anonymous_2)
DA:15,4
DA:16,4
DA:18,4
DA:19,0
DA:20,0
DA:22,0
DA:23,0
DA:24,0
DA:26,0
DA:27,0
DA:29,0
DA:30,0
DA:33,0
DA:36,4
DA:43,4
LF:15
LH:5
BRDA:22,0,0,0
BRDA:22,0,1,0
BRF:2
BRH:0
end_of_record
TN:
SF:store\actions\auth.js
FN:22,(anonymous_0)
FN:23,(anonymous_1)
FN:46,(anonymous_2)
FN:47,(anonymous_3)
FN:81,(anonymous_4)
FN:82,(anonymous_5)
FN:88,(anonymous_6)
FN:89,(anonymous_7)
FN:94,(anonymous_8)
FN:95,(anonymous_9)
FN:145,(anonymous_10)
FN:146,(anonymous_11)
FN:157,(anonymous_12)
FN:163,(anonymous_13)
FNF:14
FNH:6
FNDA:2,(anonymous_0)
FNDA:0,(anonymous_1)
FNDA:0,(anonymous_2)
FNDA:0,(anonymous_3)
FNDA:2,(anonymous_4)
FNDA:2,(anonymous_5)
FNDA:2,(anonymous_6)
FNDA:2,(anonymous_7)
FNDA:0,(anonymous_8)
FNDA:0,(anonymous_9)
FNDA:0,(anonymous_10)
FNDA:0,(anonymous_11)
FNDA:2,(anonymous_12)
FNDA:0,(anonymous_13)
DA:4,14
DA:14,14
DA:16,14
DA:17,14
DA:18,14
DA:19,14
DA:22,14
DA:23,2
DA:25,0
DA:26,0
DA:28,0
DA:30,0
DA:31,0
DA:32,0
DA:35,0
DA:37,0
DA:40,0
DA:41,0
DA:46,14
DA:47,0
DA:49,0
DA:50,0
DA:51,0
DA:52,0
DA:54,0
DA:66,0
DA:67,0
DA:70,0
DA:73,0
DA:74,0
DA:77,0
DA:81,14
DA:82,2
DA:84,2
DA:88,14
DA:89,2
DA:90,2
DA:94,14
DA:95,0
DA:96,0
DA:97,0
DA:99,0
DA:102,0
DA:106,0
DA:109,0
DA:118,0
DA:120,0
DA:139,0
DA:140,0
DA:141,0
DA:145,14
DA:146,0
DA:147,0
DA:149,0
DA:150,0
DA:152,0
DA:153,0
DA:157,14
DA:159,2
DA:160,2
DA:163,14
DA:164,0
LF:62
LH:21
BRDA:31,0,0,0
BRDA:31,0,1,0
BRDA:66,1,0,0
BRDA:66,1,1,0
BRF:4
BRH:0
end_of_record
TN:
SF:store\actions\nutrition.js
FN:11,(anonymous_0)
FN:12,(anonymous_1)
FN:16,(anonymous_2)
FN:70,(anonymous_3)
FN:74,(anonymous_4)
FN:78,(anonymous_5)
FN:79,(anonymous_6)
FN:119,(anonymous_7)
FN:120,(anonymous_8)
FN:125,(anonymous_9)
FN:126,(anonymous_10)
FN:160,(anonymous_11)
FNF:12
FNH:2
FNDA:2,(anonymous_0)
FNDA:0,(anonymous_1)
FNDA:0,(anonymous_2)
FNDA:0,(anonymous_3)
FNDA:0,(anonymous_4)
FNDA:2,(anonymous_5)
FNDA:0,(anonymous_6)
FNDA:0,(anonymous_7)
FNDA:0,(anonymous_8)
FNDA:0,(anonymous_9)
FNDA:0,(anonymous_10)
FNDA:0,(anonymous_11)
DA:3,6
DA:4,6
DA:5,6
DA:6,6
DA:7,6
DA:8,6
DA:9,6
DA:11,6
DA:12,2
DA:13,0
DA:14,0
DA:16,0
DA:18,0
DA:19,0
DA:20,0
DA:22,0
DA:23,0
DA:25,0
DA:26,0
DA:29,0
DA:30,0
DA:32,0
DA:35,0
DA:36,0
DA:39,0
DA:40,0
DA:43,0
DA:44,0
DA:47,0
DA:48,0
DA:51,0
DA:53,0
DA:54,0
DA:56,0
DA:57,0
DA:61,0
DA:64,0
DA:70,6
DA:71,0
DA:74,6
DA:75,0
DA:78,6
DA:79,2
DA:80,0
DA:81,0
DA:82,0
DA:83,0
DA:84,0
DA:85,0
DA:86,0
DA:93,0
DA:94,0
DA:95,0
DA:96,0
DA:97,0
DA:99,0
DA:100,0
DA:101,0
DA:104,0
DA:106,0
DA:107,0
DA:110,0
DA:113,0
DA:115,0
DA:119,6
DA:120,0
DA:125,6
DA:126,0
DA:127,0
DA:128,0
DA:129,0
DA:131,0
DA:132,0
DA:138,0
DA:139,0
DA:151,0
DA:154,0
DA:160,6
DA:161,0
LF:79
LH:16
BRDA:22,0,0,0
BRDA:22,0,1,0
BRDA:25,1,0,0
BRDA:25,1,1,0
BRDA:35,2,0,0
BRDA:35,2,1,0
BRDA:39,3,0,0
BRDA:39,3,1,0
BRDA:43,4,0,0
BRDA:43,4,1,0
BRDA:47,5,0,0
BRDA:47,5,1,0
BRDA:56,6,0,0
BRDA:56,6,1,0
BRDA:93,7,0,0
BRDA:93,7,1,0
BRDA:93,8,0,0
BRDA:93,8,1,0
BRDA:93,8,2,0
BRDA:106,9,0,0
BRDA:106,9,1,0
BRF:21
BRH:0
end_of_record
TN:
SF:store\reducers\auth.js
FN:17,(anonymous_0)
FNF:1
FNH:1
FNDA:14,(anonymous_0)
DA:6,4
DA:18,14
DA:20,4
DA:23,2
DA:29,4
DA:32,4
LF:6
LH:6
BRDA:17,0,0,2
BRDA:18,1,0,4
BRDA:18,1,1,2
BRDA:18,1,2,2
BRDA:18,1,3,4
BRDA:18,1,4,4
BRF:6
BRH:6
end_of_record
TN:
SF:store\reducers\nutrition.js
FN:23,(anonymous_0)
FN:174,(anonymous_1)
FN:180,(anonymous_2)
FN:184,(anonymous_3)
FNF:4
FNH:4
FNDA:16,(anonymous_0)
FNDA:4,(anonymous_1)
FNDA:4,(anonymous_2)
FNDA:2,(anonymous_3)
DA:11,2
DA:23,2
DA:24,16
DA:27,0
DA:31,4
DA:34,2
DA:40,4
DA:41,4
DA:43,4
DA:44,4
DA:45,4
DA:47,4
DA:48,4
DA:49,4
DA:50,4
DA:52,4
DA:53,4
DA:55,4
DA:56,4
DA:57,4
DA:58,4
DA:59,4
DA:61,4
DA:99,4
DA:101,4
DA:103,4
DA:104,0
DA:105,0
DA:107,0
DA:110,0
DA:111,0
DA:114,0
DA:116,0
DA:117,0
DA:119,0
DA:122,0
DA:124,0
DA:125,0
DA:127,0
DA:129,0
DA:130,0
DA:131,0
DA:132,0
DA:133,0
DA:134,0
DA:135,0
DA:136,0
DA:140,0
DA:141,0
DA:143,0
DA:145,0
DA:146,0
DA:147,0
DA:148,0
DA:149,0
DA:150,0
DA:151,0
DA:152,0
DA:153,0
DA:155,0
DA:159,0
DA:161,0
DA:168,0
DA:170,0
DA:174,4
DA:176,2
DA:180,4
DA:182,2
DA:184,2
DA:186,0
DA:188,0
DA:190,2
LF:72
LH:31
BRDA:23,0,0,0
BRDA:24,1,0,0
BRDA:24,1,1,4
BRDA:24,1,2,2
BRDA:24,1,3,2
BRDA:24,1,4,4
BRDA:24,1,5,2
BRDA:24,1,6,2
BRDA:110,2,0,0
BRDA:110,2,1,0
BRDA:116,3,0,0
BRDA:116,3,1,0
BRDA:124,4,0,0
BRDA:124,4,1,0
BRDA:140,5,0,0
BRDA:140,5,1,0
BRDA:140,6,0,0
BRDA:140,6,1,0
BRDA:140,6,2,0
BRF:19
BRH:6
end_of_record
