TN:
SF:assets\startimg.jpg
FNF:0
FNH:0
DA:1,2
LF:1
LH:1
BRF:0
BRH:0
end_of_record
TN:
SF:components\AddButton.js
FN:8,(anonymous_0)
FN:14,(anonymous_1)
FN:16,(anonymous_2)
FN:18,(anonymous_3)
FNF:4
FNH:2
FNDA:2,(anonymous_0)
FNDA:2,(anonymous_1)
FNDA:0,(anonymous_2)
FNDA:0,(anonymous_3)
DA:9,2
DA:10,2
DA:15,2
DA:16,0
DA:18,0
DA:25,4
LF:6
LH:4
BRF:0
BRH:0
end_of_record
TN:
SF:components\IngredientItem.js
FN:8,(anonymous_0)
FN:13,(anonymous_1)
FNF:2
FNH:1
FNDA:2,(anonymous_0)
FNDA:0,(anonymous_1)
DA:6,4
DA:8,4
DA:9,2
DA:14,0
DA:25,4
LF:5
LH:4
BRF:0
BRH:0
end_of_record
TN:
SF:components\Input.js
FN:10,(anonymous_0)
FN:33,(anonymous_1)
FN:51,(anonymous_2)
FN:59,(anonymous_3)
FN:83,(anonymous_4)
FNF:5
FNH:1
FNDA:0,(anonymous_0)
FNDA:12,(anonymous_1)
FNDA:0,(anonymous_2)
FNDA:0,(anonymous_3)
FNDA:0,(anonymous_4)
DA:5,8
DA:6,8
DA:10,8
DA:11,0
DA:16,0
DA:22,0
DA:27,0
DA:33,8
DA:38,12
DA:46,12
DA:51,12
DA:52,0
DA:53,0
DA:59,12
DA:61,0
DA:62,0
DA:63,0
DA:64,0
DA:66,0
DA:67,0
DA:69,0
DA:70,0
DA:72,0
DA:73,0
DA:75,0
DA:76,0
DA:79,0
DA:83,12
DA:84,0
DA:87,12
DA:107,8
LF:31
LH:11
BRDA:11,0,0,0
BRDA:11,0,1,0
BRDA:11,0,2,0
BRDA:39,1,0,0
BRDA:39,1,1,12
BRDA:52,2,0,0
BRDA:52,2,1,0
BRDA:63,3,0,0
BRDA:63,3,1,0
BRDA:63,4,0,0
BRDA:63,4,1,0
BRDA:66,5,0,0
BRDA:66,5,1,0
BRDA:66,6,0,0
BRDA:66,6,1,0
BRDA:69,7,0,0
BRDA:69,7,1,0
BRDA:69,8,0,0
BRDA:69,8,1,0
BRDA:72,9,0,0
BRDA:72,9,1,0
BRDA:72,10,0,0
BRDA:72,10,1,0
BRDA:75,11,0,0
BRDA:75,11,1,0
BRDA:75,12,0,0
BRDA:75,12,1,0
BRDA:98,13,0,12
BRDA:98,13,1,12
BRDA:98,13,2,0
BRF:30
BRH:3
end_of_record
TN:
SF:constants\Colors.js
FNF:0
FNH:0
LF:0
LH:0
BRF:0
BRH:0
end_of_record
TN:
SF:navigation\MainNavigation.js
FN:37,(anonymous_0)
FN:48,(anonymous_1)
FN:59,(anonymous_2)
FN:90,(anonymous_3)
FN:106,(anonymous_4)
FNF:5
FNH:1
FNDA:0,(anonymous_0)
FNDA:0,(anonymous_1)
FNDA:0,(anonymous_2)
FNDA:0,(anonymous_3)
FNDA:2,(anonymous_4)
DA:28,2
DA:38,0
DA:50,0
DA:60,0
DA:68,2
DA:76,2
DA:85,2
DA:90,0
DA:98,2
DA:104,2
DA:106,2
LF:11
LH:7
BRF:0
BRH:0
end_of_record
TN:
SF:screens\GenderScreen.js
FN:10,(anonymous_0)
FN:34,(anonymous_1)
FN:62,(anonymous_2)
FN:88,(anonymous_3)
FN:126,(anonymous_4)
FN:167,(anonymous_5)
FN:172,(anonymous_6)
FN:196,(anonymous_7)
FN:205,(anonymous_8)
FN:223,(anonymous_9)
FN:231,(anonymous_10)
FN:241,(anonymous_11)
FN:249,(anonymous_12)
FN:267,(anonymous_13)
FN:279,(anonymous_14)
FN:293,(anonymous_15)
FN:313,(anonymous_16)
FNF:17
FNH:1
FNDA:2,(anonymous_0)
FNDA:0,(anonymous_1)
FNDA:0,(anonymous_2)
FNDA:0,(anonymous_3)
FNDA:0,(anonymous_4)
FNDA:0,(anonymous_5)
FNDA:0,(anonymous_6)
FNDA:0,(anonymous_7)
FNDA:0,(anonymous_8)
FNDA:0,(anonymous_9)
FNDA:0,(anonymous_10)
FNDA:0,(anonymous_11)
FNDA:0,(anonymous_12)
FNDA:0,(anonymous_13)
FNDA:0,(anonymous_14)
FNDA:0,(anonymous_15)
FNDA:0,(anonymous_16)
DA:8,4
DA:10,4
DA:13,2
DA:14,2
DA:15,2
DA:18,2
DA:19,2
DA:20,2
DA:23,2
DA:25,2
DA:34,2
DA:35,0
DA:57,0
DA:58,0
DA:62,2
DA:63,0
DA:88,2
DA:89,0
DA:121,0
DA:122,0
DA:126,2
DA:127,0
DA:160,0
DA:164,2
DA:167,0
DA:175,0
DA:176,0
DA:178,0
DA:179,0
DA:181,0
DA:182,0
DA:199,0
DA:208,0
DA:225,0
DA:233,0
DA:243,0
DA:251,0
DA:268,0
DA:280,0
DA:294,0
DA:313,4
DA:314,0
DA:319,4
LF:43
LH:17
BRDA:175,0,0,0
BRDA:175,0,1,0
BRDA:178,1,0,0
BRDA:178,1,1,0
BRDA:181,2,0,0
BRDA:181,2,1,0
BRF:6
BRH:0
end_of_record
TN:
SF:screens\HomeScreen.js
FN:14,(anonymous_0)
FN:17,(anonymous_1)
FN:26,(anonymous_2)
FN:36,(anonymous_3)
FNF:4
FNH:1
FNDA:2,(anonymous_0)
FNDA:0,(anonymous_1)
FNDA:0,(anonymous_2)
FNDA:0,(anonymous_3)
DA:14,4
DA:15,2
DA:17,2
DA:18,0
DA:20,0
DA:22,0
DA:26,2
DA:27,0
DA:29,0
DA:31,0
DA:36,2
DA:37,0
DA:42,2
LF:13
LH:6
BRF:0
BRH:0
end_of_record
TN:
SF:screens\LoginScreen.js
FN:28,(anonymous_0)
FN:60,(anonymous_1)
FN:91,(anonymous_2)
FN:113,(anonymous_3)
FN:115,(anonymous_4)
FN:117,(anonymous_5)
FN:134,(anonymous_6)
FN:137,(anonymous_7)
FN:147,(anonymous_8)
FN:159,(anonymous_9)
FN:182,(anonymous_10)
FN:264,(anonymous_11)
FN:275,(anonymous_12)
FN:288,(anonymous_13)
FN:295,(anonymous_14)
FN:328,(anonymous_15)
FN:341,(anonymous_16)
FN:352,(anonymous_17)
FN:362,(anonymous_18)
FN:384,(anonymous_19)
FNF:20
FNH:1
FNDA:0,(anonymous_0)
FNDA:2,(anonymous_1)
FNDA:0,(anonymous_2)
FNDA:0,(anonymous_3)
FNDA:0,(anonymous_4)
FNDA:0,(anonymous_5)
FNDA:0,(anonymous_6)
FNDA:0,(anonymous_7)
FNDA:0,(anonymous_8)
FNDA:0,(anonymous_9)
FNDA:0,(anonymous_10)
FNDA:0,(anonymous_11)
FNDA:0,(anonymous_12)
FNDA:0,(anonymous_13)
FNDA:0,(anonymous_14)
FNDA:0,(anonymous_15)
FNDA:0,(anonymous_16)
FNDA:0,(anonymous_17)
FNDA:0,(anonymous_18)
FNDA:0,(anonymous_19)
DA:17,4
DA:20,4
DA:23,4
DA:25,4
DA:28,4
DA:30,0
DA:32,0
DA:38,0
DA:42,0
DA:44,0
DA:47,0
DA:50,0
DA:56,0
DA:60,4
DA:61,2
DA:62,2
DA:64,2
DA:66,2
DA:68,2
DA:70,2
DA:72,2
DA:75,2
DA:79,2
DA:91,2
DA:92,0
DA:97,0
DA:98,0
DA:99,0
DA:100,0
DA:102,0
DA:107,0
DA:108,0
DA:113,2
DA:115,0
DA:118,0
DA:130,0
DA:132,0
DA:134,0
DA:135,0
DA:137,0
DA:138,0
DA:141,0
DA:146,2
DA:148,0
DA:159,2
DA:160,0
DA:161,0
DA:165,2
DA:182,0
DA:265,0
DA:276,0
DA:289,0
DA:296,0
DA:341,0
DA:353,0
DA:363,0
DA:384,4
DA:385,0
DA:390,4
LF:59
LH:22
BRDA:20,0,0,2
BRDA:20,0,1,2
BRDA:30,1,0,0
BRDA:30,1,1,0
BRDA:47,2,0,0
BRDA:47,2,1,0
BRDA:160,3,0,0
BRDA:160,3,1,0
BRDA:240,4,0,0
BRDA:240,4,1,2
BRDA:258,5,0,1
BRDA:258,5,1,1
BRDA:303,6,0,0
BRDA:303,6,1,2
BRDA:319,7,0,0
BRDA:319,7,1,2
BRF:16
BRH:7
end_of_record
TN:
SF:screens\NewMeal.js
FN:13,(anonymous_0)
FN:22,(anonymous_1)
FN:24,(anonymous_2)
FN:26,(anonymous_3)
FN:42,(anonymous_4)
FN:47,(anonymous_5)
FN:49,(anonymous_6)
FN:60,(anonymous_7)
FN:68,(anonymous_8)
FN:70,(anonymous_9)
FN:100,(anonymous_10)
FN:112,(anonymous_11)
FNF:12
FNH:0
FNDA:0,(anonymous_0)
FNDA:0,(anonymous_1)
FNDA:0,(anonymous_2)
FNDA:0,(anonymous_3)
FNDA:0,(anonymous_4)
FNDA:0,(anonymous_5)
FNDA:0,(anonymous_6)
FNDA:0,(anonymous_7)
FNDA:0,(anonymous_8)
FNDA:0,(anonymous_9)
FNDA:0,(anonymous_10)
FNDA:0,(anonymous_11)
DA:11,2
DA:13,2
DA:14,0
DA:15,0
DA:16,0
DA:17,0
DA:18,0
DA:20,0
DA:22,0
DA:24,0
DA:26,0
DA:27,0
DA:28,0
DA:29,0
DA:30,0
DA:31,0
DA:33,0
DA:35,0
DA:42,0
DA:43,0
DA:47,0
DA:49,0
DA:50,0
DA:51,0
DA:53,0
DA:56,0
DA:60,0
DA:61,0
DA:68,0
DA:69,0
DA:70,0
DA:71,0
DA:75,0
DA:76,0
DA:83,0
DA:100,0
DA:112,0
DA:118,2
LF:38
LH:3
BRDA:75,0,0,0
BRDA:75,0,1,0
BRF:2
BRH:0
end_of_record
TN:
SF:screens\PersonalInfoScreen.js
FN:10,(anonymous_0)
FN:36,(anonymous_1)
FN:65,(anonymous_2)
FN:75,(anonymous_3)
FN:101,(anonymous_4)
FN:110,(anonymous_5)
FN:138,(anonymous_6)
FN:156,(anonymous_7)
FN:176,(anonymous_8)
FNF:9
FNH:1
FNDA:2,(anonymous_0)
FNDA:0,(anonymous_1)
FNDA:0,(anonymous_2)
FNDA:0,(anonymous_3)
FNDA:0,(anonymous_4)
FNDA:0,(anonymous_5)
FNDA:0,(anonymous_6)
FNDA:0,(anonymous_7)
FNDA:0,(anonymous_8)
DA:8,4
DA:10,4
DA:12,2
DA:13,2
DA:14,2
DA:16,2
DA:17,2
DA:18,2
DA:20,2
DA:21,2
DA:22,2
DA:25,2
DA:26,2
DA:28,2
DA:36,0
DA:66,0
DA:67,0
DA:75,0
DA:102,0
DA:103,0
DA:110,0
DA:139,0
DA:140,0
DA:157,0
DA:176,4
DA:177,0
DA:182,4
LF:27
LH:16
BRDA:47,0,0,0
BRDA:47,0,1,2
BRDA:83,1,0,0
BRDA:83,1,1,2
BRDA:120,2,0,0
BRDA:120,2,1,2
BRF:6
BRH:3
end_of_record
TN:
SF:screens\PreferencesScreen.js
FN:10,(anonymous_0)
FN:29,(anonymous_1)
FN:50,(anonymous_2)
FN:67,(anonymous_3)
FN:84,(anonymous_4)
FN:93,(anonymous_5)
FN:116,(anonymous_6)
FNF:7
FNH:1
FNDA:2,(anonymous_0)
FNDA:0,(anonymous_1)
FNDA:0,(anonymous_2)
FNDA:0,(anonymous_3)
FNDA:0,(anonymous_4)
FNDA:0,(anonymous_5)
FNDA:0,(anonymous_6)
DA:8,4
DA:10,4
DA:12,2
DA:13,2
DA:14,2
DA:15,2
DA:16,2
DA:17,2
DA:19,2
DA:20,2
DA:21,2
DA:23,2
DA:25,2
DA:29,0
DA:50,0
DA:67,0
DA:85,0
DA:95,0
DA:116,4
DA:117,0
DA:122,4
LF:21
LH:15
BRDA:48,0,0,0
BRDA:48,0,1,2
BRDA:65,1,0,0
BRDA:65,1,1,2
BRDA:82,2,0,0
BRDA:82,2,1,2
BRF:6
BRH:3
end_of_record
TN:
SF:screens\ProfileScreen.js
FN:25,(anonymous_0)
FN:53,getKeyByValue
FN:60,(anonymous_2)
FN:78,(anonymous_3)
FN:79,(anonymous_4)
FN:80,(anonymous_5)
FN:83,(anonymous_6)
FN:96,(anonymous_7)
FN:109,(anonymous_8)
FN:128,(anonymous_9)
FN:129,(anonymous_10)
FN:160,(anonymous_11)
FN:214,(anonymous_12)
FN:230,(anonymous_13)
FN:260,(anonymous_14)
FN:268,(anonymous_15)
FN:273,(anonymous_16)
FN:296,(anonymous_17)
FN:304,(anonymous_18)
FN:309,(anonymous_19)
FN:354,(anonymous_20)
FN:371,(anonymous_21)
FN:388,(anonymous_22)
FN:412,(anonymous_23)
FN:420,(anonymous_24)
FN:427,(anonymous_25)
FN:432,(anonymous_26)
FN:492,(anonymous_27)
FN:517,(anonymous_28)
FN:536,(anonymous_29)
FNF:30
FNH:0
FNDA:0,(anonymous_0)
FNDA:0,getKeyByValue
FNDA:0,(anonymous_2)
FNDA:0,(anonymous_3)
FNDA:0,(anonymous_4)
FNDA:0,(anonymous_5)
FNDA:0,(anonymous_6)
FNDA:0,(anonymous_7)
FNDA:0,(anonymous_8)
FNDA:0,(anonymous_9)
FNDA:0,(anonymous_10)
FNDA:0,(anonymous_11)
FNDA:0,(anonymous_12)
FNDA:0,(anonymous_13)
FNDA:0,(anonymous_14)
FNDA:0,(anonymous_15)
FNDA:0,(anonymous_16)
FNDA:0,(anonymous_17)
FNDA:0,(anonymous_18)
FNDA:0,(anonymous_19)
FNDA:0,(anonymous_20)
FNDA:0,(anonymous_21)
FNDA:0,(anonymous_22)
FNDA:0,(anonymous_23)
FNDA:0,(anonymous_24)
FNDA:0,(anonymous_25)
FNDA:0,(anonymous_26)
FNDA:0,(anonymous_27)
FNDA:0,(anonymous_28)
FNDA:0,(anonymous_29)
DA:21,2
DA:23,2
DA:25,2
DA:27,0
DA:30,0
DA:32,0
DA:34,0
DA:35,0
DA:36,0
DA:38,0
DA:41,0
DA:42,0
DA:46,0
DA:47,0
DA:57,0
DA:60,0
DA:63,0
DA:67,0
DA:68,0
DA:70,0
DA:75,0
DA:78,0
DA:79,0
DA:80,0
DA:83,0
DA:84,0
DA:85,0
DA:86,0
DA:87,0
DA:88,0
DA:89,0
DA:90,0
DA:96,0
DA:97,0
DA:100,0
DA:102,0
DA:109,0
DA:110,0
DA:112,0
DA:113,0
DA:115,0
DA:117,0
DA:119,0
DA:121,0
DA:122,0
DA:128,0
DA:129,0
DA:131,0
DA:133,0
DA:135,0
DA:137,0
DA:143,0
DA:144,0
DA:145,0
DA:148,0
DA:149,0
DA:150,0
DA:153,0
DA:155,0
DA:160,0
DA:162,0
DA:164,0
DA:166,0
DA:176,0
DA:178,0
DA:180,0
DA:182,0
DA:184,0
DA:187,0
DA:216,0
DA:218,0
DA:232,0
DA:233,0
DA:236,0
DA:237,0
DA:239,0
DA:262,0
DA:268,0
DA:276,0
DA:278,0
DA:298,0
DA:304,0
DA:309,0
DA:354,0
DA:371,0
DA:388,0
DA:412,0
DA:421,0
DA:427,0
DA:433,0
DA:492,0
DA:517,0
DA:536,0
DA:572,2
LF:94
LH:4
BRDA:63,0,0,0
BRDA:63,0,1,0
BRDA:143,1,0,0
BRDA:143,1,1,0
BRDA:333,2,0,0
BRDA:333,2,1,0
BRDA:352,3,0,0
BRDA:352,3,1,0
BRDA:369,4,0,0
BRDA:369,4,1,0
BRDA:386,5,0,0
BRDA:386,5,1,0
BRDA:395,6,0,0
BRDA:395,6,1,0
BRDA:464,7,0,0
BRDA:464,7,1,0
BRDA:543,8,0,0
BRDA:543,8,1,0
BRF:18
BRH:0
end_of_record
TN:
SF:screens\SignUpMethodScreen.js
FN:8,(anonymous_0)
FN:22,(anonymous_1)
FN:33,(anonymous_2)
FN:61,(anonymous_3)
FN:89,(anonymous_4)
FN:117,(anonymous_5)
FNF:6
FNH:1
FNDA:2,(anonymous_0)
FNDA:0,(anonymous_1)
FNDA:0,(anonymous_2)
FNDA:0,(anonymous_3)
FNDA:0,(anonymous_4)
FNDA:0,(anonymous_5)
DA:6,4
DA:8,4
DA:10,2
DA:11,2
DA:12,2
DA:13,2
DA:14,2
DA:15,2
DA:16,2
DA:18,2
DA:22,0
DA:37,0
DA:65,0
DA:91,0
DA:117,4
DA:118,0
DA:123,4
LF:17
LH:12
BRF:0
BRH:0
end_of_record
TN:
SF:screens\SignupScreen.js
FN:24,(anonymous_0)
FN:54,(anonymous_1)
FN:91,(anonymous_2)
FN:128,(anonymous_3)
FN:137,(anonymous_4)
FN:166,(anonymous_5)
FN:278,(anonymous_6)
FN:318,(anonymous_7)
FNF:8
FNH:1
FNDA:0,(anonymous_0)
FNDA:2,(anonymous_1)
FNDA:0,(anonymous_2)
FNDA:0,(anonymous_3)
FNDA:0,(anonymous_4)
FNDA:0,(anonymous_5)
FNDA:0,(anonymous_6)
FNDA:0,(anonymous_7)
DA:15,4
DA:17,4
DA:19,4
DA:21,4
DA:24,4
DA:26,0
DA:28,0
DA:33,0
DA:38,0
DA:40,0
DA:42,0
DA:45,0
DA:51,0
DA:54,4
DA:56,2
DA:57,2
DA:58,2
DA:59,2
DA:60,2
DA:61,2
DA:62,2
DA:65,2
DA:66,2
DA:68,2
DA:70,2
DA:72,2
DA:76,2
DA:91,2
DA:93,0
DA:94,0
DA:95,0
DA:98,0
DA:111,0
DA:113,0
DA:114,0
DA:116,0
DA:118,0
DA:121,0
DA:123,0
DA:128,2
DA:129,0
DA:130,0
DA:136,2
DA:138,0
DA:148,2
DA:166,0
DA:278,0
DA:318,4
DA:319,0
DA:324,4
LF:50
LH:25
BRDA:19,0,0,2
BRDA:19,0,1,2
BRDA:26,1,0,0
BRDA:26,1,1,0
BRDA:42,2,0,0
BRDA:42,2,1,0
BRDA:93,3,0,0
BRDA:93,3,1,0
BRDA:129,4,0,0
BRDA:129,4,1,0
BRDA:286,5,0,0
BRDA:286,5,1,2
BRF:12
BRH:3
end_of_record
TN:
SF:screens\StartScreen.js
FN:14,(anonymous_0)
FN:97,(anonymous_1)
FN:105,(anonymous_2)
FN:120,(anonymous_3)
FNF:4
FNH:1
FNDA:2,(anonymous_0)
FNDA:0,(anonymous_1)
FNDA:0,(anonymous_2)
FNDA:0,(anonymous_3)
DA:6,4
DA:8,4
DA:14,4
DA:16,2
DA:18,2
DA:98,0
DA:106,0
DA:120,4
DA:121,0
DA:127,4
LF:10
LH:7
BRF:0
BRH:0
end_of_record
TN:
SF:screens\StartUpScreen.js
FN:15,(anonymous_0)
FN:18,(anonymous_1)
FN:19,(anonymous_2)
FNF:3
FNH:1
FNDA:4,(anonymous_0)
FNDA:0,(anonymous_1)
FNDA:0,(anonymous_2)
DA:15,4
DA:16,4
DA:18,4
DA:19,0
DA:20,0
DA:21,0
DA:22,0
DA:23,0
DA:25,0
DA:26,0
DA:28,0
DA:29,0
DA:32,0
DA:35,4
DA:42,4
LF:15
LH:5
BRDA:21,0,0,0
BRDA:21,0,1,0
BRF:2
BRH:0
end_of_record
TN:
SF:store\actions\auth.js
FN:22,(anonymous_0)
FN:23,(anonymous_1)
FN:46,(anonymous_2)
FN:47,(anonymous_3)
FN:80,(anonymous_4)
FN:81,(anonymous_5)
FN:87,(anonymous_6)
FN:88,(anonymous_7)
FN:93,(anonymous_8)
FN:94,(anonymous_9)
FN:130,(anonymous_10)
FN:131,(anonymous_11)
FN:142,(anonymous_12)
FN:148,(anonymous_13)
FNF:14
FNH:5
FNDA:0,(anonymous_0)
FNDA:0,(anonymous_1)
FNDA:0,(anonymous_2)
FNDA:0,(anonymous_3)
FNDA:2,(anonymous_4)
FNDA:2,(anonymous_5)
FNDA:2,(anonymous_6)
FNDA:2,(anonymous_7)
FNDA:0,(anonymous_8)
FNDA:0,(anonymous_9)
FNDA:0,(anonymous_10)
FNDA:0,(anonymous_11)
FNDA:2,(anonymous_12)
FNDA:0,(anonymous_13)
DA:4,14
DA:14,14
DA:16,14
DA:17,14
DA:18,14
DA:19,14
DA:22,14
DA:23,0
DA:25,0
DA:26,0
DA:28,0
DA:30,0
DA:31,0
DA:32,0
DA:33,0
DA:36,0
DA:38,0
DA:41,0
DA:46,14
DA:47,0
DA:49,0
DA:50,0
DA:51,0
DA:52,0
DA:54,0
DA:66,0
DA:67,0
DA:70,0
DA:73,0
DA:76,0
DA:80,14
DA:81,2
DA:83,2
DA:87,14
DA:88,2
DA:89,2
DA:93,14
DA:94,0
DA:95,0
DA:96,0
DA:98,0
DA:100,0
DA:104,0
DA:106,0
DA:115,0
DA:116,0
DA:124,0
DA:125,0
DA:126,0
DA:130,14
DA:131,0
DA:132,0
DA:134,0
DA:135,0
DA:137,0
DA:138,0
DA:142,14
DA:144,2
DA:145,2
DA:148,14
DA:149,0
LF:61
LH:20
BRDA:31,0,0,0
BRDA:31,0,1,0
BRDA:66,1,0,0
BRDA:66,1,1,0
BRF:4
BRH:0
end_of_record
TN:
SF:store\actions\nutrition.js
FN:9,(anonymous_0)
FN:10,(anonymous_1)
FN:63,(anonymous_2)
FN:64,(anonymous_3)
FN:69,(anonymous_4)
FN:70,(anonymous_5)
FN:75,(anonymous_6)
FN:76,(anonymous_7)
FNF:8
FNH:0
FNDA:0,(anonymous_0)
FNDA:0,(anonymous_1)
FNDA:0,(anonymous_2)
FNDA:0,(anonymous_3)
FNDA:0,(anonymous_4)
FNDA:0,(anonymous_5)
FNDA:0,(anonymous_6)
FNDA:0,(anonymous_7)
DA:4,6
DA:5,6
DA:6,6
DA:7,6
DA:9,6
DA:10,0
DA:11,0
DA:12,0
DA:13,0
DA:14,0
DA:15,0
DA:17,0
DA:18,0
DA:20,0
DA:21,0
DA:24,0
DA:25,0
DA:27,0
DA:28,0
DA:29,0
DA:31,0
DA:32,0
DA:34,0
DA:35,0
DA:37,0
DA:38,0
DA:41,0
DA:43,0
DA:44,0
DA:45,0
DA:47,0
DA:48,0
DA:50,0
DA:51,0
DA:55,0
DA:58,0
DA:63,6
DA:64,0
DA:69,6
DA:70,0
DA:75,6
DA:76,0
LF:42
LH:8
BRDA:17,0,0,0
BRDA:17,0,1,0
BRDA:20,1,0,0
BRDA:20,1,1,0
BRDA:31,2,0,0
BRDA:31,2,1,0
BRDA:34,3,0,0
BRDA:34,3,1,0
BRDA:37,4,0,0
BRDA:37,4,1,0
BRDA:44,5,0,0
BRDA:44,5,1,0
BRDA:44,6,0,0
BRDA:44,6,1,0
BRDA:47,7,0,0
BRDA:47,7,1,0
BRDA:47,8,0,0
BRDA:47,8,1,0
BRDA:50,9,0,0
BRDA:50,9,1,0
BRDA:50,10,0,0
BRDA:50,10,1,0
BRF:22
BRH:0
end_of_record
TN:
SF:store\reducers\auth.js
FN:15,(anonymous_0)
FNF:1
FNH:1
FNDA:14,(anonymous_0)
DA:6,4
DA:16,14
DA:18,4
DA:21,2
DA:27,4
DA:30,4
LF:6
LH:6
BRDA:15,0,0,2
BRDA:16,1,0,4
BRDA:16,1,1,2
BRDA:16,1,2,2
BRDA:16,1,3,4
BRDA:16,1,4,4
BRF:6
BRH:6
end_of_record
TN:
SF:store\reducers\nutrition.js
FN:13,(anonymous_0)
FNF:1
FNH:1
FNDA:12,(anonymous_0)
DA:6,2
DA:13,2
DA:14,12
DA:16,4
DA:27,8
LF:5
LH:5
BRDA:13,0,0,0
BRDA:14,1,0,4
BRDA:14,1,1,2
BRDA:14,1,2,4
BRDA:14,1,3,6
BRF:5
BRH:4
end_of_record
